<?xml version="1.0" encoding="UTF-8"?>
<testsuite name="ru.my.pack.mantis.tests.ChangePasswordTests" tests="1" skipped="0" failures="1" errors="0" timestamp="2021-10-03T18:08:21" hostname="PENTOGON" time="64.123">
  <properties/>
  <testcase name="changePasswordTest" classname="ru.my.pack.mantis.tests.ChangePasswordTests" time="64.123">
    <failure message="java.lang.Error: no Mail :(" type="java.lang.Error">java.lang.Error: no Mail :(
	at ru.my.pack.mantis.appmanager.MailHelper.waitForMail(MailHelper.java:34)
	at ru.my.pack.mantis.tests.ChangePasswordTests.changePasswordTest(ChangePasswordTests.java:29)
	at sun.reflect.NativeMethodAccessorImpl.invoke0(Native Method)
	at sun.reflect.NativeMethodAccessorImpl.invoke(NativeMethodAccessorImpl.java:62)
	at sun.reflect.DelegatingMethodAccessorImpl.invoke(DelegatingMethodAccessorImpl.java:43)
	at java.lang.reflect.Method.invoke(Method.java:498)
	at org.testng.internal.MethodInvocationHelper.invokeMethod(MethodInvocationHelper.java:133)
	at org.testng.internal.TestInvoker.invokeMethod(TestInvoker.java:598)
	at org.testng.internal.TestInvoker.invokeTestMethod(TestInvoker.java:173)
	at org.testng.internal.MethodRunner.runInSequence(MethodRunner.java:46)
	at org.testng.internal.TestInvoker$MethodInvocationAgent.invoke(TestInvoker.java:824)
	at org.testng.internal.TestInvoker.invokeTestMethods(TestInvoker.java:146)
	at org.testng.internal.TestMethodWorker.invokeTestMethods(TestMethodWorker.java:146)
	at org.testng.internal.TestMethodWorker.run(TestMethodWorker.java:128)
	at java.util.ArrayList.forEach(ArrayList.java:1257)
	at org.testng.TestRunner.privateRun(TestRunner.java:794)
	at org.testng.TestRunner.run(TestRunner.java:596)
	at org.testng.SuiteRunner.runTest(SuiteRunner.java:377)
	at org.testng.SuiteRunner.runSequentially(SuiteRunner.java:371)
	at org.testng.SuiteRunner.privateRun(SuiteRunner.java:332)
	at org.testng.SuiteRunner.run(SuiteRunner.java:276)
	at org.testng.SuiteRunnerWorker.runSuite(SuiteRunnerWorker.java:53)
	at org.testng.SuiteRunnerWorker.run(SuiteRunnerWorker.java:96)
	at org.testng.TestNG.runSuitesSequentially(TestNG.java:1212)
	at org.testng.TestNG.runSuitesLocally(TestNG.java:1134)
	at org.testng.TestNG.runSuites(TestNG.java:1063)
	at org.testng.TestNG.run(TestNG.java:1031)
	at org.gradle.api.internal.tasks.testing.testng.TestNGTestClassProcessor.runTests(TestNGTestClassProcessor.java:141)
	at org.gradle.api.internal.tasks.testing.testng.TestNGTestClassProcessor.stop(TestNGTestClassProcessor.java:90)
	at org.gradle.api.internal.tasks.testing.SuiteTestClassProcessor.stop(SuiteTestClassProcessor.java:61)
	at sun.reflect.NativeMethodAccessorImpl.invoke0(Native Method)
	at sun.reflect.NativeMethodAccessorImpl.invoke(NativeMethodAccessorImpl.java:62)
	at sun.reflect.DelegatingMethodAccessorImpl.invoke(DelegatingMethodAccessorImpl.java:43)
	at java.lang.reflect.Method.invoke(Method.java:498)
	at org.gradle.internal.dispatch.ReflectionDispatch.dispatch(ReflectionDispatch.java:36)
	at org.gradle.internal.dispatch.ReflectionDispatch.dispatch(ReflectionDispatch.java:24)
	at org.gradle.internal.dispatch.ContextClassLoaderDispatch.dispatch(ContextClassLoaderDispatch.java:33)
	at org.gradle.internal.dispatch.ProxyDispatchAdapter$DispatchingInvocationHandler.invoke(ProxyDispatchAdapter.java:94)
	at com.sun.proxy.$Proxy2.stop(Unknown Source)
	at org.gradle.api.internal.tasks.testing.worker.TestWorker.stop(TestWorker.java:135)
	at sun.reflect.NativeMethodAccessorImpl.invoke0(Native Method)
	at sun.reflect.NativeMethodAccessorImpl.invoke(NativeMethodAccessorImpl.java:62)
	at sun.reflect.DelegatingMethodAccessorImpl.invoke(DelegatingMethodAccessorImpl.java:43)
	at java.lang.reflect.Method.invoke(Method.java:498)
	at org.gradle.internal.dispatch.ReflectionDispatch.dispatch(ReflectionDispatch.java:36)
	at org.gradle.internal.dispatch.ReflectionDispatch.dispatch(ReflectionDispatch.java:24)
	at org.gradle.internal.remote.internal.hub.MessageHubBackedObjectConnection$DispatchWrapper.dispatch(MessageHubBackedObjectConnection.java:182)
	at org.gradle.internal.remote.internal.hub.MessageHubBackedObjectConnection$DispatchWrapper.dispatch(MessageHubBackedObjectConnection.java:164)
	at org.gradle.internal.remote.internal.hub.MessageHub$Handler.run(MessageHub.java:414)
	at org.gradle.internal.concurrent.ExecutorPolicy$CatchAndRecordFailures.onExecute(ExecutorPolicy.java:64)
	at org.gradle.internal.concurrent.ManagedExecutorImpl$1.run(ManagedExecutorImpl.java:48)
	at java.util.concurrent.ThreadPoolExecutor.runWorker(ThreadPoolExecutor.java:1149)
	at java.util.concurrent.ThreadPoolExecutor$Worker.run(ThreadPoolExecutor.java:624)
	at org.gradle.internal.concurrent.ThreadFactoryImpl$ManagedThreadRunnable.run(ThreadFactoryImpl.java:56)
	at java.lang.Thread.run(Thread.java:748)
</failure>
  </testcase>
  <system-out><![CDATA[21:08:21.577 [Test worker] DEBUG org.subethamail.smtp.server.CommandHandler - Added command: AUTH
21:08:21.577 [Test worker] DEBUG org.subethamail.smtp.server.CommandHandler - Added command: DATA
21:08:21.577 [Test worker] DEBUG org.subethamail.smtp.server.CommandHandler - Added command: EHLO
21:08:21.577 [Test worker] DEBUG org.subethamail.smtp.server.CommandHandler - Added command: HELO
21:08:21.577 [Test worker] DEBUG org.subethamail.smtp.server.CommandHandler - Added command: HELP
21:08:21.577 [Test worker] DEBUG org.subethamail.smtp.server.CommandHandler - Added command: MAIL
21:08:21.577 [Test worker] DEBUG org.subethamail.smtp.server.CommandHandler - Added command: NOOP
21:08:21.577 [Test worker] DEBUG org.subethamail.smtp.server.CommandHandler - Added command: QUIT
21:08:21.577 [Test worker] DEBUG org.subethamail.smtp.server.CommandHandler - Added command: RCPT
21:08:21.577 [Test worker] DEBUG org.subethamail.smtp.server.CommandHandler - Added command: RSET
21:08:21.577 [Test worker] DEBUG org.subethamail.smtp.server.CommandHandler - Added command: STARTTLS
21:08:21.577 [Test worker] DEBUG org.subethamail.smtp.server.CommandHandler - Added command: VRFY
21:08:21.578 [Test worker] INFO org.subethamail.smtp.server.SMTPServer - SMTP server *:25 starting
21:08:21.579 [org.subethamail.smtp.server.ServerThread *:25] INFO org.subethamail.smtp.server.ServerThread - SMTP server *:25 started
21:08:21.628 [Test worker] DEBUG io.netty.util.internal.logging.InternalLoggerFactory - Using SLF4J as the default logging framework
21:08:21.630 [Test worker] DEBUG io.netty.util.ResourceLeakDetector - -Dio.netty.leakDetection.level: simple
21:08:21.630 [Test worker] DEBUG io.netty.util.ResourceLeakDetector - -Dio.netty.leakDetection.targetRecords: 4
21:08:21.633 [Test worker] DEBUG io.netty.util.ResourceLeakDetectorFactory - Loaded default ResourceLeakDetector: io.netty.util.ResourceLeakDetector@618a6d39
21:08:21.668 [Test worker] DEBUG io.netty.util.internal.PlatformDependent - Platform: Windows
21:08:21.669 [Test worker] DEBUG io.netty.util.internal.PlatformDependent0 - -Dio.netty.noUnsafe: false
21:08:21.669 [Test worker] DEBUG io.netty.util.internal.PlatformDependent0 - Java version: 8
21:08:21.670 [Test worker] DEBUG io.netty.util.internal.PlatformDependent0 - sun.misc.Unsafe.theUnsafe: available
21:08:21.670 [Test worker] DEBUG io.netty.util.internal.PlatformDependent0 - sun.misc.Unsafe.copyMemory: available
21:08:21.670 [Test worker] DEBUG io.netty.util.internal.PlatformDependent0 - java.nio.Buffer.address: available
21:08:21.671 [Test worker] DEBUG io.netty.util.internal.PlatformDependent0 - direct buffer constructor: available
21:08:21.671 [Test worker] DEBUG io.netty.util.internal.PlatformDependent0 - java.nio.Bits.unaligned: available, true
21:08:21.671 [Test worker] DEBUG io.netty.util.internal.PlatformDependent0 - jdk.internal.misc.Unsafe.allocateUninitializedArray(int): unavailable prior to Java9
21:08:21.671 [Test worker] DEBUG io.netty.util.internal.PlatformDependent0 - java.nio.DirectByteBuffer.<init>(long, int): available
21:08:21.671 [Test worker] DEBUG io.netty.util.internal.PlatformDependent - sun.misc.Unsafe: available
21:08:21.671 [Test worker] DEBUG io.netty.util.internal.PlatformDependent - -Dio.netty.tmpdir: C:\Users\B7E3~1\AppData\Local\Temp (java.io.tmpdir)
21:08:21.671 [Test worker] DEBUG io.netty.util.internal.PlatformDependent - -Dio.netty.bitMode: 64 (sun.arch.data.model)
21:08:21.672 [Test worker] DEBUG io.netty.util.internal.PlatformDependent - -Dio.netty.maxDirectMemory: 477626368 bytes
21:08:21.672 [Test worker] DEBUG io.netty.util.internal.PlatformDependent - -Dio.netty.uninitializedArrayAllocationThreshold: -1
21:08:21.673 [Test worker] DEBUG io.netty.util.internal.CleanerJava6 - java.nio.ByteBuffer.cleaner(): available
21:08:21.673 [Test worker] DEBUG io.netty.util.internal.PlatformDependent - -Dio.netty.noPreferDirect: false
21:08:21.679 [Test worker] DEBUG io.netty.util.internal.PlatformDependent - org.jctools-core.MpscChunkedArrayQueue: available
21:08:21.695 [Test worker] DEBUG io.netty.util.internal.InternalThreadLocalMap - -Dio.netty.threadLocalMap.stringBuilder.initialSize: 1024
21:08:21.695 [Test worker] DEBUG io.netty.util.internal.InternalThreadLocalMap - -Dio.netty.threadLocalMap.stringBuilder.maxSize: 4096
21:08:21.833 [Test worker] DEBUG io.netty.handler.ssl.JdkSslContext - Default protocols (JDK): [TLSv1.2, TLSv1.1, TLSv1] 
21:08:21.833 [Test worker] DEBUG io.netty.handler.ssl.JdkSslContext - Default cipher suites (JDK): [TLS_ECDHE_ECDSA_WITH_AES_256_GCM_SHA384, TLS_ECDHE_ECDSA_WITH_AES_128_GCM_SHA256, TLS_ECDHE_RSA_WITH_AES_128_GCM_SHA256, TLS_ECDHE_RSA_WITH_AES_256_GCM_SHA384, TLS_ECDHE_RSA_WITH_AES_128_CBC_SHA, TLS_ECDHE_RSA_WITH_AES_256_CBC_SHA, TLS_RSA_WITH_AES_128_GCM_SHA256, TLS_RSA_WITH_AES_128_CBC_SHA, TLS_RSA_WITH_AES_256_CBC_SHA]
21:08:21.853 [Test worker] DEBUG io.netty.channel.MultithreadEventLoopGroup - -Dio.netty.eventLoopThreads: 24
21:08:21.862 [Test worker] DEBUG io.netty.channel.nio.NioEventLoop - -Dio.netty.noKeySetOptimization: false
21:08:21.862 [Test worker] DEBUG io.netty.channel.nio.NioEventLoop - -Dio.netty.selectorAutoRebuildThreshold: 512
21:08:21.889 [Test worker] DEBUG io.netty.buffer.PooledByteBufAllocator - -Dio.netty.allocator.numHeapArenas: 4
21:08:21.889 [Test worker] DEBUG io.netty.buffer.PooledByteBufAllocator - -Dio.netty.allocator.numDirectArenas: 4
21:08:21.889 [Test worker] DEBUG io.netty.buffer.PooledByteBufAllocator - -Dio.netty.allocator.pageSize: 8192
21:08:21.889 [Test worker] DEBUG io.netty.buffer.PooledByteBufAllocator - -Dio.netty.allocator.maxOrder: 11
21:08:21.889 [Test worker] DEBUG io.netty.buffer.PooledByteBufAllocator - -Dio.netty.allocator.chunkSize: 16777216
21:08:21.889 [Test worker] DEBUG io.netty.buffer.PooledByteBufAllocator - -Dio.netty.allocator.smallCacheSize: 256
21:08:21.889 [Test worker] DEBUG io.netty.buffer.PooledByteBufAllocator - -Dio.netty.allocator.normalCacheSize: 64
21:08:21.889 [Test worker] DEBUG io.netty.buffer.PooledByteBufAllocator - -Dio.netty.allocator.maxCachedBufferCapacity: 32768
21:08:21.889 [Test worker] DEBUG io.netty.buffer.PooledByteBufAllocator - -Dio.netty.allocator.cacheTrimInterval: 8192
21:08:21.889 [Test worker] DEBUG io.netty.buffer.PooledByteBufAllocator - -Dio.netty.allocator.cacheTrimIntervalMillis: 0
21:08:21.889 [Test worker] DEBUG io.netty.buffer.PooledByteBufAllocator - -Dio.netty.allocator.useCacheForAllThreads: true
21:08:21.889 [Test worker] DEBUG io.netty.buffer.PooledByteBufAllocator - -Dio.netty.allocator.maxCachedByteBuffersPerChunk: 1023
21:08:21.896 [Test worker] DEBUG io.netty.buffer.ByteBufUtil - -Dio.netty.allocator.type: pooled
21:08:21.896 [Test worker] DEBUG io.netty.buffer.ByteBufUtil - -Dio.netty.threadLocalDirectBufferSize: 0
21:08:21.896 [Test worker] DEBUG io.netty.buffer.ByteBufUtil - -Dio.netty.maxThreadLocalCharBufferSize: 16384
21:08:22.601 [Forwarding newSession on session null to remote] DEBUG io.netty.channel.DefaultChannelId - -Dio.netty.processId: 20264 (auto-detected)
21:08:22.602 [Forwarding newSession on session null to remote] DEBUG io.netty.util.NetUtil - -Djava.net.preferIPv4Stack: false
21:08:22.602 [Forwarding newSession on session null to remote] DEBUG io.netty.util.NetUtil - -Djava.net.preferIPv6Addresses: false
21:08:22.636 [Forwarding newSession on session null to remote] DEBUG io.netty.util.NetUtilInitializations - Loopback interface: lo (Software Loopback Interface 1, 127.0.0.1)
21:08:22.637 [Forwarding newSession on session null to remote] DEBUG io.netty.util.NetUtil - Failed to get SOMAXCONN from sysctl and file \proc\sys\net\core\somaxconn. Default: 200
21:08:22.671 [Forwarding newSession on session null to remote] DEBUG io.netty.channel.DefaultChannelId - -Dio.netty.machineId: 70:85:c2:ff:fe:a8:65:cc (auto-detected)
21:08:22.706 [AsyncHttpClient-1-2] DEBUG io.netty.buffer.AbstractByteBuf - -Dio.netty.buffer.checkAccessible: true
21:08:22.706 [AsyncHttpClient-1-2] DEBUG io.netty.buffer.AbstractByteBuf - -Dio.netty.buffer.checkBounds: true
21:08:22.706 [AsyncHttpClient-1-2] DEBUG io.netty.util.ResourceLeakDetectorFactory - Loaded default ResourceLeakDetector: io.netty.util.ResourceLeakDetector@5d675b25
21:08:22.714 [AsyncHttpClient-1-2] DEBUG org.asynchttpclient.netty.channel.NettyConnectListener - Using new Channel '[id: 0xf5801fc6, L:/127.0.0.1:62104 - R:localhost/127.0.0.1:16328]' for 'POST' to '/session'
21:08:22.728 [AsyncHttpClient-1-2] DEBUG io.netty.util.Recycler - -Dio.netty.recycler.maxCapacityPerThread: 4096
21:08:22.728 [AsyncHttpClient-1-2] DEBUG io.netty.util.Recycler - -Dio.netty.recycler.maxSharedCapacityFactor: 2
21:08:22.728 [AsyncHttpClient-1-2] DEBUG io.netty.util.Recycler - -Dio.netty.recycler.linkCapacity: 16
21:08:22.728 [AsyncHttpClient-1-2] DEBUG io.netty.util.Recycler - -Dio.netty.recycler.ratio: 8
21:08:22.728 [AsyncHttpClient-1-2] DEBUG io.netty.util.Recycler - -Dio.netty.recycler.delayedQueue.ratio: 8
21:08:23.233 [AsyncHttpClient-1-2] DEBUG org.asynchttpclient.netty.handler.HttpHandler - 

Request DefaultHttpRequest(decodeResult: success, version: HTTP/1.1)
POST /session HTTP/1.1
User-Agent: selenium/4.0.0-beta-4 (java windows)
Content-Length: 365
Content-Type: application/json; charset=utf-8
host: localhost:16328
accept: */*

Response DefaultHttpResponse(decodeResult: success, version: HTTP/1.1)
HTTP/1.1 200 OK
Content-Type: application/json; charset=utf-8
cache-control: no-cache
content-length: 790

21:08:23.240 [AsyncHttpClient-1-2] DEBUG org.asynchttpclient.netty.channel.ChannelManager - Adding key: http://localhost:16328 for channel [id: 0xf5801fc6, L:/127.0.0.1:62104 - R:localhost/127.0.0.1:16328]
21:08:23.317 [AsyncHttpClient-1-3] DEBUG org.asynchttpclient.netty.channel.NettyConnectListener - Using new Channel '[id: 0x07446b97, L:/127.0.0.1:57636 - R:localhost/127.0.0.1:62105]' for 'GET' to '/json/version'
21:08:23.319 [AsyncHttpClient-1-3] DEBUG org.asynchttpclient.netty.handler.HttpHandler - 

Request DefaultFullHttpRequest(decodeResult: success, version: HTTP/1.1, content: EmptyByteBufBE)
GET /json/version HTTP/1.1
User-Agent: selenium/4.0.0-beta-4 (java windows)
host: localhost:62105
accept: */*

Response DefaultHttpResponse(decodeResult: success, version: HTTP/1.1)
HTTP/1.1 200 OK
Content-Type: application/json; charset=UTF-8
content-length: 424

21:08:23.320 [AsyncHttpClient-1-3] DEBUG org.asynchttpclient.netty.channel.ChannelManager - Adding key: http://localhost:62105 for channel [id: 0x07446b97, L:/127.0.0.1:57636 - R:localhost/127.0.0.1:62105]
21:08:23.327 [Test worker] DEBUG io.netty.util.internal.ThreadLocalRandom - -Dio.netty.initialSeedUniquifier: 0xd226d0c947eb7180
21:08:23.329 [AsyncHttpClient-1-4] DEBUG org.asynchttpclient.netty.channel.NettyConnectListener - Using new Channel '[id: 0xaa56005a, L:/127.0.0.1:57637 - R:localhost/127.0.0.1:62105]' for 'GET' to '/devtools/browser/6699234d-e2a4-4daf-a53d-256c75567a19'
21:08:23.330 [AsyncHttpClient-1-4] DEBUG org.asynchttpclient.netty.handler.WebSocketHandler - 

Request DefaultFullHttpRequest(decodeResult: success, version: HTTP/1.1, content: EmptyByteBufBE)
GET /devtools/browser/6699234d-e2a4-4daf-a53d-256c75567a19 HTTP/1.1
upgrade: websocket
connection: upgrade
sec-websocket-key: omJr4MPo8asF00Abd4t8Ug==
sec-websocket-version: 13
origin: http://localhost:62105
host: localhost:62105
accept: */*
user-agent: AHC/2.1

Response DefaultHttpResponse(decodeResult: success, version: HTTP/1.1)
HTTP/1.1 101 WebSocket Protocol Handshake
Upgrade: WebSocket
Connection: Upgrade
Sec-WebSocket-Accept: q/w8XC4DGLVT8F2/B4J3sgpfbb0=

21:08:23.366 [Forwarding setTimeout on session dabd445255b4af04e7964783dc9e30a0 to remote] DEBUG org.asynchttpclient.netty.request.NettyRequestSender - Using pooled Channel '[id: 0xf5801fc6, L:/127.0.0.1:62104 - R:localhost/127.0.0.1:16328]' for 'POST' to 'http://localhost:16328/session/dabd445255b4af04e7964783dc9e30a0/timeouts'
21:08:23.366 [Forwarding setTimeout on session dabd445255b4af04e7964783dc9e30a0 to remote] DEBUG org.asynchttpclient.netty.request.NettyRequestSender - Using open Channel [id: 0xf5801fc6, L:/127.0.0.1:62104 - R:localhost/127.0.0.1:16328] for POST '/session/dabd445255b4af04e7964783dc9e30a0/timeouts'
21:08:23.369 [AsyncHttpClient-1-2] DEBUG org.asynchttpclient.netty.handler.HttpHandler - 

Request DefaultHttpRequest(decodeResult: success, version: HTTP/1.1)
POST /session/dabd445255b4af04e7964783dc9e30a0/timeouts HTTP/1.1
User-Agent: selenium/4.0.0-beta-4 (java windows)
Content-Length: 19
Content-Type: application/json; charset=utf-8
host: localhost:16328
accept: */*

Response DefaultHttpResponse(decodeResult: success, version: HTTP/1.1)
HTTP/1.1 200 OK
Content-Type: application/json; charset=utf-8
cache-control: no-cache
content-length: 14

21:08:23.370 [AsyncHttpClient-1-2] DEBUG org.asynchttpclient.netty.channel.ChannelManager - Adding key: http://localhost:16328 for channel [id: 0xf5801fc6, L:/127.0.0.1:62104 - R:localhost/127.0.0.1:16328]
21:08:23.371 [Forwarding get on session dabd445255b4af04e7964783dc9e30a0 to remote] DEBUG org.asynchttpclient.netty.request.NettyRequestSender - Using pooled Channel '[id: 0xf5801fc6, L:/127.0.0.1:62104 - R:localhost/127.0.0.1:16328]' for 'POST' to 'http://localhost:16328/session/dabd445255b4af04e7964783dc9e30a0/url'
21:08:23.371 [Forwarding get on session dabd445255b4af04e7964783dc9e30a0 to remote] DEBUG org.asynchttpclient.netty.request.NettyRequestSender - Using open Channel [id: 0xf5801fc6, L:/127.0.0.1:62104 - R:localhost/127.0.0.1:16328] for POST '/session/dabd445255b4af04e7964783dc9e30a0/url'
21:08:23.758 [AsyncHttpClient-1-2] DEBUG org.asynchttpclient.netty.handler.HttpHandler - 

Request DefaultHttpRequest(decodeResult: success, version: HTTP/1.1)
POST /session/dabd445255b4af04e7964783dc9e30a0/url HTTP/1.1
User-Agent: selenium/4.0.0-beta-4 (java windows)
Content-Length: 62
Content-Type: application/json; charset=utf-8
host: localhost:16328
accept: */*

Response DefaultHttpResponse(decodeResult: success, version: HTTP/1.1)
HTTP/1.1 200 OK
Content-Type: application/json; charset=utf-8
cache-control: no-cache
content-length: 14

21:08:23.759 [AsyncHttpClient-1-2] DEBUG org.asynchttpclient.netty.channel.ChannelManager - Adding key: http://localhost:16328 for channel [id: 0xf5801fc6, L:/127.0.0.1:62104 - R:localhost/127.0.0.1:16328]
21:08:23.760 [Forwarding get on session dabd445255b4af04e7964783dc9e30a0 to remote] DEBUG org.asynchttpclient.netty.request.NettyRequestSender - Using pooled Channel '[id: 0xf5801fc6, L:/127.0.0.1:62104 - R:localhost/127.0.0.1:16328]' for 'POST' to 'http://localhost:16328/session/dabd445255b4af04e7964783dc9e30a0/url'
21:08:23.760 [Forwarding get on session dabd445255b4af04e7964783dc9e30a0 to remote] DEBUG org.asynchttpclient.netty.request.NettyRequestSender - Using open Channel [id: 0xf5801fc6, L:/127.0.0.1:62104 - R:localhost/127.0.0.1:16328] for POST '/session/dabd445255b4af04e7964783dc9e30a0/url'
21:08:23.943 [AsyncHttpClient-1-2] DEBUG org.asynchttpclient.netty.handler.HttpHandler - 

Request DefaultHttpRequest(decodeResult: success, version: HTTP/1.1)
POST /session/dabd445255b4af04e7964783dc9e30a0/url HTTP/1.1
User-Agent: selenium/4.0.0-beta-4 (java windows)
Content-Length: 82
Content-Type: application/json; charset=utf-8
host: localhost:16328
accept: */*

Response DefaultHttpResponse(decodeResult: success, version: HTTP/1.1)
HTTP/1.1 200 OK
Content-Type: application/json; charset=utf-8
cache-control: no-cache
content-length: 14

21:08:23.943 [AsyncHttpClient-1-2] DEBUG org.asynchttpclient.netty.channel.ChannelManager - Adding key: http://localhost:16328 for channel [id: 0xf5801fc6, L:/127.0.0.1:62104 - R:localhost/127.0.0.1:16328]
21:08:23.945 [Forwarding findElement on session dabd445255b4af04e7964783dc9e30a0 to remote] DEBUG org.asynchttpclient.netty.request.NettyRequestSender - Using pooled Channel '[id: 0xf5801fc6, L:/127.0.0.1:62104 - R:localhost/127.0.0.1:16328]' for 'POST' to 'http://localhost:16328/session/dabd445255b4af04e7964783dc9e30a0/element'
21:08:23.945 [Forwarding findElement on session dabd445255b4af04e7964783dc9e30a0 to remote] DEBUG org.asynchttpclient.netty.request.NettyRequestSender - Using open Channel [id: 0xf5801fc6, L:/127.0.0.1:62104 - R:localhost/127.0.0.1:16328] for POST '/session/dabd445255b4af04e7964783dc9e30a0/element'
21:08:23.953 [AsyncHttpClient-1-2] DEBUG org.asynchttpclient.netty.handler.HttpHandler - 

Request DefaultHttpRequest(decodeResult: success, version: HTTP/1.1)
POST /session/dabd445255b4af04e7964783dc9e30a0/element HTTP/1.1
User-Agent: selenium/4.0.0-beta-4 (java windows)
Content-Length: 62
Content-Type: application/json; charset=utf-8
host: localhost:16328
accept: */*

Response DefaultHttpResponse(decodeResult: success, version: HTTP/1.1)
HTTP/1.1 200 OK
Content-Type: application/json; charset=utf-8
cache-control: no-cache
content-length: 88

21:08:23.954 [AsyncHttpClient-1-2] DEBUG org.asynchttpclient.netty.channel.ChannelManager - Adding key: http://localhost:16328 for channel [id: 0xf5801fc6, L:/127.0.0.1:62104 - R:localhost/127.0.0.1:16328]
21:08:23.957 [Forwarding clickElement on session dabd445255b4af04e7964783dc9e30a0 to remote] DEBUG org.asynchttpclient.netty.request.NettyRequestSender - Using pooled Channel '[id: 0xf5801fc6, L:/127.0.0.1:62104 - R:localhost/127.0.0.1:16328]' for 'POST' to 'http://localhost:16328/session/dabd445255b4af04e7964783dc9e30a0/element/ef7cd6ed-1af7-4141-8a09-7cd48d320d7a/click'
21:08:23.957 [Forwarding clickElement on session dabd445255b4af04e7964783dc9e30a0 to remote] DEBUG org.asynchttpclient.netty.request.NettyRequestSender - Using open Channel [id: 0xf5801fc6, L:/127.0.0.1:62104 - R:localhost/127.0.0.1:16328] for POST '/session/dabd445255b4af04e7964783dc9e30a0/element/ef7cd6ed-1af7-4141-8a09-7cd48d320d7a/click'
21:08:23.984 [AsyncHttpClient-1-1] DEBUG org.asynchttpclient.netty.channel.DefaultChannelPool - Entry count for : http://localhost:62105 : 1
21:08:23.986 [AsyncHttpClient-1-2] DEBUG org.asynchttpclient.netty.handler.HttpHandler - 

Request DefaultHttpRequest(decodeResult: success, version: HTTP/1.1)
POST /session/dabd445255b4af04e7964783dc9e30a0/element/ef7cd6ed-1af7-4141-8a09-7cd48d320d7a/click HTTP/1.1
User-Agent: selenium/4.0.0-beta-4 (java windows)
Content-Length: 50
Content-Type: application/json; charset=utf-8
host: localhost:16328
accept: */*

Response DefaultHttpResponse(decodeResult: success, version: HTTP/1.1)
HTTP/1.1 200 OK
Content-Type: application/json; charset=utf-8
cache-control: no-cache
content-length: 14

21:08:23.987 [AsyncHttpClient-1-2] DEBUG org.asynchttpclient.netty.channel.ChannelManager - Adding key: http://localhost:16328 for channel [id: 0xf5801fc6, L:/127.0.0.1:62104 - R:localhost/127.0.0.1:16328]
21:08:23.988 [Forwarding findElement on session dabd445255b4af04e7964783dc9e30a0 to remote] DEBUG org.asynchttpclient.netty.request.NettyRequestSender - Using pooled Channel '[id: 0xf5801fc6, L:/127.0.0.1:62104 - R:localhost/127.0.0.1:16328]' for 'POST' to 'http://localhost:16328/session/dabd445255b4af04e7964783dc9e30a0/element'
21:08:23.988 [Forwarding findElement on session dabd445255b4af04e7964783dc9e30a0 to remote] DEBUG org.asynchttpclient.netty.request.NettyRequestSender - Using open Channel [id: 0xf5801fc6, L:/127.0.0.1:62104 - R:localhost/127.0.0.1:16328] for POST '/session/dabd445255b4af04e7964783dc9e30a0/element'
21:08:23.993 [AsyncHttpClient-1-2] DEBUG org.asynchttpclient.netty.handler.HttpHandler - 

Request DefaultHttpRequest(decodeResult: success, version: HTTP/1.1)
POST /session/dabd445255b4af04e7964783dc9e30a0/element HTTP/1.1
User-Agent: selenium/4.0.0-beta-4 (java windows)
Content-Length: 62
Content-Type: application/json; charset=utf-8
host: localhost:16328
accept: */*

Response DefaultHttpResponse(decodeResult: success, version: HTTP/1.1)
HTTP/1.1 200 OK
Content-Type: application/json; charset=utf-8
cache-control: no-cache
content-length: 88

21:08:23.993 [AsyncHttpClient-1-2] DEBUG org.asynchttpclient.netty.channel.ChannelManager - Adding key: http://localhost:16328 for channel [id: 0xf5801fc6, L:/127.0.0.1:62104 - R:localhost/127.0.0.1:16328]
21:08:24.002 [Forwarding getElementAttribute on session dabd445255b4af04e7964783dc9e30a0 to remote] DEBUG org.asynchttpclient.netty.request.NettyRequestSender - Using pooled Channel '[id: 0xf5801fc6, L:/127.0.0.1:62104 - R:localhost/127.0.0.1:16328]' for 'POST' to 'http://localhost:16328/session/dabd445255b4af04e7964783dc9e30a0/execute/sync'
21:08:24.002 [Forwarding getElementAttribute on session dabd445255b4af04e7964783dc9e30a0 to remote] DEBUG org.asynchttpclient.netty.request.NettyRequestSender - Using open Channel [id: 0xf5801fc6, L:/127.0.0.1:62104 - R:localhost/127.0.0.1:16328] for POST '/session/dabd445255b4af04e7964783dc9e30a0/execute/sync'
21:08:24.013 [AsyncHttpClient-1-2] DEBUG org.asynchttpclient.netty.handler.HttpHandler - 

Request DefaultHttpRequest(decodeResult: success, version: HTTP/1.1)
POST /session/dabd445255b4af04e7964783dc9e30a0/execute/sync HTTP/1.1
User-Agent: selenium/4.0.0-beta-4 (java windows)
Content-Length: 47304
Content-Type: application/json; charset=utf-8
host: localhost:16328
accept: */*

Response DefaultHttpResponse(decodeResult: success, version: HTTP/1.1)
HTTP/1.1 200 OK
Content-Type: application/json; charset=utf-8
cache-control: no-cache
content-length: 12

21:08:24.013 [AsyncHttpClient-1-2] DEBUG org.asynchttpclient.netty.channel.ChannelManager - Adding key: http://localhost:16328 for channel [id: 0xf5801fc6, L:/127.0.0.1:62104 - R:localhost/127.0.0.1:16328]
21:08:24.015 [Forwarding findElement on session dabd445255b4af04e7964783dc9e30a0 to remote] DEBUG org.asynchttpclient.netty.request.NettyRequestSender - Using pooled Channel '[id: 0xf5801fc6, L:/127.0.0.1:62104 - R:localhost/127.0.0.1:16328]' for 'POST' to 'http://localhost:16328/session/dabd445255b4af04e7964783dc9e30a0/element'
21:08:24.015 [Forwarding findElement on session dabd445255b4af04e7964783dc9e30a0 to remote] DEBUG org.asynchttpclient.netty.request.NettyRequestSender - Using open Channel [id: 0xf5801fc6, L:/127.0.0.1:62104 - R:localhost/127.0.0.1:16328] for POST '/session/dabd445255b4af04e7964783dc9e30a0/element'
21:08:24.019 [AsyncHttpClient-1-2] DEBUG org.asynchttpclient.netty.handler.HttpHandler - 

Request DefaultHttpRequest(decodeResult: success, version: HTTP/1.1)
POST /session/dabd445255b4af04e7964783dc9e30a0/element HTTP/1.1
User-Agent: selenium/4.0.0-beta-4 (java windows)
Content-Length: 62
Content-Type: application/json; charset=utf-8
host: localhost:16328
accept: */*

Response DefaultHttpResponse(decodeResult: success, version: HTTP/1.1)
HTTP/1.1 200 OK
Content-Type: application/json; charset=utf-8
cache-control: no-cache
content-length: 88

21:08:24.020 [AsyncHttpClient-1-2] DEBUG org.asynchttpclient.netty.channel.ChannelManager - Adding key: http://localhost:16328 for channel [id: 0xf5801fc6, L:/127.0.0.1:62104 - R:localhost/127.0.0.1:16328]
21:08:24.021 [Forwarding clearElement on session dabd445255b4af04e7964783dc9e30a0 to remote] DEBUG org.asynchttpclient.netty.request.NettyRequestSender - Using pooled Channel '[id: 0xf5801fc6, L:/127.0.0.1:62104 - R:localhost/127.0.0.1:16328]' for 'POST' to 'http://localhost:16328/session/dabd445255b4af04e7964783dc9e30a0/element/ef7cd6ed-1af7-4141-8a09-7cd48d320d7a/clear'
21:08:24.022 [Forwarding clearElement on session dabd445255b4af04e7964783dc9e30a0 to remote] DEBUG org.asynchttpclient.netty.request.NettyRequestSender - Using open Channel [id: 0xf5801fc6, L:/127.0.0.1:62104 - R:localhost/127.0.0.1:16328] for POST '/session/dabd445255b4af04e7964783dc9e30a0/element/ef7cd6ed-1af7-4141-8a09-7cd48d320d7a/clear'
21:08:24.038 [AsyncHttpClient-1-2] DEBUG org.asynchttpclient.netty.handler.HttpHandler - 

Request DefaultHttpRequest(decodeResult: success, version: HTTP/1.1)
POST /session/dabd445255b4af04e7964783dc9e30a0/element/ef7cd6ed-1af7-4141-8a09-7cd48d320d7a/clear HTTP/1.1
User-Agent: selenium/4.0.0-beta-4 (java windows)
Content-Length: 50
Content-Type: application/json; charset=utf-8
host: localhost:16328
accept: */*

Response DefaultHttpResponse(decodeResult: success, version: HTTP/1.1)
HTTP/1.1 200 OK
Content-Type: application/json; charset=utf-8
cache-control: no-cache
content-length: 14

21:08:24.038 [AsyncHttpClient-1-2] DEBUG org.asynchttpclient.netty.channel.ChannelManager - Adding key: http://localhost:16328 for channel [id: 0xf5801fc6, L:/127.0.0.1:62104 - R:localhost/127.0.0.1:16328]
21:08:24.039 [Forwarding findElement on session dabd445255b4af04e7964783dc9e30a0 to remote] DEBUG org.asynchttpclient.netty.request.NettyRequestSender - Using pooled Channel '[id: 0xf5801fc6, L:/127.0.0.1:62104 - R:localhost/127.0.0.1:16328]' for 'POST' to 'http://localhost:16328/session/dabd445255b4af04e7964783dc9e30a0/element'
21:08:24.039 [Forwarding findElement on session dabd445255b4af04e7964783dc9e30a0 to remote] DEBUG org.asynchttpclient.netty.request.NettyRequestSender - Using open Channel [id: 0xf5801fc6, L:/127.0.0.1:62104 - R:localhost/127.0.0.1:16328] for POST '/session/dabd445255b4af04e7964783dc9e30a0/element'
21:08:24.045 [AsyncHttpClient-1-2] DEBUG org.asynchttpclient.netty.handler.HttpHandler - 

Request DefaultHttpRequest(decodeResult: success, version: HTTP/1.1)
POST /session/dabd445255b4af04e7964783dc9e30a0/element HTTP/1.1
User-Agent: selenium/4.0.0-beta-4 (java windows)
Content-Length: 62
Content-Type: application/json; charset=utf-8
host: localhost:16328
accept: */*

Response DefaultHttpResponse(decodeResult: success, version: HTTP/1.1)
HTTP/1.1 200 OK
Content-Type: application/json; charset=utf-8
cache-control: no-cache
content-length: 88

21:08:24.045 [AsyncHttpClient-1-2] DEBUG org.asynchttpclient.netty.channel.ChannelManager - Adding key: http://localhost:16328 for channel [id: 0xf5801fc6, L:/127.0.0.1:62104 - R:localhost/127.0.0.1:16328]
21:08:24.048 [Forwarding sendKeysToElement on session dabd445255b4af04e7964783dc9e30a0 to remote] DEBUG org.asynchttpclient.netty.request.NettyRequestSender - Using pooled Channel '[id: 0xf5801fc6, L:/127.0.0.1:62104 - R:localhost/127.0.0.1:16328]' for 'POST' to 'http://localhost:16328/session/dabd445255b4af04e7964783dc9e30a0/element/ef7cd6ed-1af7-4141-8a09-7cd48d320d7a/value'
21:08:24.048 [Forwarding sendKeysToElement on session dabd445255b4af04e7964783dc9e30a0 to remote] DEBUG org.asynchttpclient.netty.request.NettyRequestSender - Using open Channel [id: 0xf5801fc6, L:/127.0.0.1:62104 - R:localhost/127.0.0.1:16328] for POST '/session/dabd445255b4af04e7964783dc9e30a0/element/ef7cd6ed-1af7-4141-8a09-7cd48d320d7a/value'
21:08:24.067 [AsyncHttpClient-1-2] DEBUG org.asynchttpclient.netty.handler.HttpHandler - 

Request DefaultHttpRequest(decodeResult: success, version: HTTP/1.1)
POST /session/dabd445255b4af04e7964783dc9e30a0/element/ef7cd6ed-1af7-4141-8a09-7cd48d320d7a/value HTTP/1.1
User-Agent: selenium/4.0.0-beta-4 (java windows)
Content-Length: 211
Content-Type: application/json; charset=utf-8
host: localhost:16328
accept: */*

Response DefaultHttpResponse(decodeResult: success, version: HTTP/1.1)
HTTP/1.1 200 OK
Content-Type: application/json; charset=utf-8
cache-control: no-cache
content-length: 14

21:08:24.067 [AsyncHttpClient-1-2] DEBUG org.asynchttpclient.netty.channel.ChannelManager - Adding key: http://localhost:16328 for channel [id: 0xf5801fc6, L:/127.0.0.1:62104 - R:localhost/127.0.0.1:16328]
21:08:24.068 [Forwarding findElement on session dabd445255b4af04e7964783dc9e30a0 to remote] DEBUG org.asynchttpclient.netty.request.NettyRequestSender - Using pooled Channel '[id: 0xf5801fc6, L:/127.0.0.1:62104 - R:localhost/127.0.0.1:16328]' for 'POST' to 'http://localhost:16328/session/dabd445255b4af04e7964783dc9e30a0/element'
21:08:24.068 [Forwarding findElement on session dabd445255b4af04e7964783dc9e30a0 to remote] DEBUG org.asynchttpclient.netty.request.NettyRequestSender - Using open Channel [id: 0xf5801fc6, L:/127.0.0.1:62104 - R:localhost/127.0.0.1:16328] for POST '/session/dabd445255b4af04e7964783dc9e30a0/element'
21:08:24.075 [AsyncHttpClient-1-2] DEBUG org.asynchttpclient.netty.handler.HttpHandler - 

Request DefaultHttpRequest(decodeResult: success, version: HTTP/1.1)
POST /session/dabd445255b4af04e7964783dc9e30a0/element HTTP/1.1
User-Agent: selenium/4.0.0-beta-4 (java windows)
Content-Length: 64
Content-Type: application/json; charset=utf-8
host: localhost:16328
accept: */*

Response DefaultHttpResponse(decodeResult: success, version: HTTP/1.1)
HTTP/1.1 200 OK
Content-Type: application/json; charset=utf-8
cache-control: no-cache
content-length: 88

21:08:24.076 [AsyncHttpClient-1-2] DEBUG org.asynchttpclient.netty.channel.ChannelManager - Adding key: http://localhost:16328 for channel [id: 0xf5801fc6, L:/127.0.0.1:62104 - R:localhost/127.0.0.1:16328]
21:08:24.077 [Forwarding clickElement on session dabd445255b4af04e7964783dc9e30a0 to remote] DEBUG org.asynchttpclient.netty.request.NettyRequestSender - Using pooled Channel '[id: 0xf5801fc6, L:/127.0.0.1:62104 - R:localhost/127.0.0.1:16328]' for 'POST' to 'http://localhost:16328/session/dabd445255b4af04e7964783dc9e30a0/element/64098d94-7bf2-4b69-883b-aa0024c31c22/click'
21:08:24.077 [Forwarding clickElement on session dabd445255b4af04e7964783dc9e30a0 to remote] DEBUG org.asynchttpclient.netty.request.NettyRequestSender - Using open Channel [id: 0xf5801fc6, L:/127.0.0.1:62104 - R:localhost/127.0.0.1:16328] for POST '/session/dabd445255b4af04e7964783dc9e30a0/element/64098d94-7bf2-4b69-883b-aa0024c31c22/click'
21:08:24.277 [AsyncHttpClient-1-2] DEBUG org.asynchttpclient.netty.handler.HttpHandler - 

Request DefaultHttpRequest(decodeResult: success, version: HTTP/1.1)
POST /session/dabd445255b4af04e7964783dc9e30a0/element/64098d94-7bf2-4b69-883b-aa0024c31c22/click HTTP/1.1
User-Agent: selenium/4.0.0-beta-4 (java windows)
Content-Length: 50
Content-Type: application/json; charset=utf-8
host: localhost:16328
accept: */*

Response DefaultHttpResponse(decodeResult: success, version: HTTP/1.1)
HTTP/1.1 200 OK
Content-Type: application/json; charset=utf-8
cache-control: no-cache
content-length: 14

21:08:24.277 [AsyncHttpClient-1-2] DEBUG org.asynchttpclient.netty.channel.ChannelManager - Adding key: http://localhost:16328 for channel [id: 0xf5801fc6, L:/127.0.0.1:62104 - R:localhost/127.0.0.1:16328]
21:08:24.279 [Forwarding findElement on session dabd445255b4af04e7964783dc9e30a0 to remote] DEBUG org.asynchttpclient.netty.request.NettyRequestSender - Using pooled Channel '[id: 0xf5801fc6, L:/127.0.0.1:62104 - R:localhost/127.0.0.1:16328]' for 'POST' to 'http://localhost:16328/session/dabd445255b4af04e7964783dc9e30a0/element'
21:08:24.279 [Forwarding findElement on session dabd445255b4af04e7964783dc9e30a0 to remote] DEBUG org.asynchttpclient.netty.request.NettyRequestSender - Using open Channel [id: 0xf5801fc6, L:/127.0.0.1:62104 - R:localhost/127.0.0.1:16328] for POST '/session/dabd445255b4af04e7964783dc9e30a0/element'
21:08:24.287 [AsyncHttpClient-1-2] DEBUG org.asynchttpclient.netty.handler.HttpHandler - 

Request DefaultHttpRequest(decodeResult: success, version: HTTP/1.1)
POST /session/dabd445255b4af04e7964783dc9e30a0/element HTTP/1.1
User-Agent: selenium/4.0.0-beta-4 (java windows)
Content-Length: 62
Content-Type: application/json; charset=utf-8
host: localhost:16328
accept: */*

Response DefaultHttpResponse(decodeResult: success, version: HTTP/1.1)
HTTP/1.1 200 OK
Content-Type: application/json; charset=utf-8
cache-control: no-cache
content-length: 88

21:08:24.288 [AsyncHttpClient-1-2] DEBUG org.asynchttpclient.netty.channel.ChannelManager - Adding key: http://localhost:16328 for channel [id: 0xf5801fc6, L:/127.0.0.1:62104 - R:localhost/127.0.0.1:16328]
21:08:24.289 [Forwarding clickElement on session dabd445255b4af04e7964783dc9e30a0 to remote] DEBUG org.asynchttpclient.netty.request.NettyRequestSender - Using pooled Channel '[id: 0xf5801fc6, L:/127.0.0.1:62104 - R:localhost/127.0.0.1:16328]' for 'POST' to 'http://localhost:16328/session/dabd445255b4af04e7964783dc9e30a0/element/85583f99-6d71-494a-96a8-ab21afb1c153/click'
21:08:24.289 [Forwarding clickElement on session dabd445255b4af04e7964783dc9e30a0 to remote] DEBUG org.asynchttpclient.netty.request.NettyRequestSender - Using open Channel [id: 0xf5801fc6, L:/127.0.0.1:62104 - R:localhost/127.0.0.1:16328] for POST '/session/dabd445255b4af04e7964783dc9e30a0/element/85583f99-6d71-494a-96a8-ab21afb1c153/click'
21:08:24.319 [AsyncHttpClient-1-2] DEBUG org.asynchttpclient.netty.handler.HttpHandler - 

Request DefaultHttpRequest(decodeResult: success, version: HTTP/1.1)
POST /session/dabd445255b4af04e7964783dc9e30a0/element/85583f99-6d71-494a-96a8-ab21afb1c153/click HTTP/1.1
User-Agent: selenium/4.0.0-beta-4 (java windows)
Content-Length: 50
Content-Type: application/json; charset=utf-8
host: localhost:16328
accept: */*

Response DefaultHttpResponse(decodeResult: success, version: HTTP/1.1)
HTTP/1.1 200 OK
Content-Type: application/json; charset=utf-8
cache-control: no-cache
content-length: 14

21:08:24.319 [AsyncHttpClient-1-2] DEBUG org.asynchttpclient.netty.channel.ChannelManager - Adding key: http://localhost:16328 for channel [id: 0xf5801fc6, L:/127.0.0.1:62104 - R:localhost/127.0.0.1:16328]
21:08:24.320 [Forwarding findElement on session dabd445255b4af04e7964783dc9e30a0 to remote] DEBUG org.asynchttpclient.netty.request.NettyRequestSender - Using pooled Channel '[id: 0xf5801fc6, L:/127.0.0.1:62104 - R:localhost/127.0.0.1:16328]' for 'POST' to 'http://localhost:16328/session/dabd445255b4af04e7964783dc9e30a0/element'
21:08:24.320 [Forwarding findElement on session dabd445255b4af04e7964783dc9e30a0 to remote] DEBUG org.asynchttpclient.netty.request.NettyRequestSender - Using open Channel [id: 0xf5801fc6, L:/127.0.0.1:62104 - R:localhost/127.0.0.1:16328] for POST '/session/dabd445255b4af04e7964783dc9e30a0/element'
21:08:24.326 [AsyncHttpClient-1-2] DEBUG org.asynchttpclient.netty.handler.HttpHandler - 

Request DefaultHttpRequest(decodeResult: success, version: HTTP/1.1)
POST /session/dabd445255b4af04e7964783dc9e30a0/element HTTP/1.1
User-Agent: selenium/4.0.0-beta-4 (java windows)
Content-Length: 62
Content-Type: application/json; charset=utf-8
host: localhost:16328
accept: */*

Response DefaultHttpResponse(decodeResult: success, version: HTTP/1.1)
HTTP/1.1 200 OK
Content-Type: application/json; charset=utf-8
cache-control: no-cache
content-length: 88

21:08:24.327 [AsyncHttpClient-1-2] DEBUG org.asynchttpclient.netty.channel.ChannelManager - Adding key: http://localhost:16328 for channel [id: 0xf5801fc6, L:/127.0.0.1:62104 - R:localhost/127.0.0.1:16328]
21:08:24.331 [Forwarding getElementAttribute on session dabd445255b4af04e7964783dc9e30a0 to remote] DEBUG org.asynchttpclient.netty.request.NettyRequestSender - Using pooled Channel '[id: 0xf5801fc6, L:/127.0.0.1:62104 - R:localhost/127.0.0.1:16328]' for 'POST' to 'http://localhost:16328/session/dabd445255b4af04e7964783dc9e30a0/execute/sync'
21:08:24.331 [Forwarding getElementAttribute on session dabd445255b4af04e7964783dc9e30a0 to remote] DEBUG org.asynchttpclient.netty.request.NettyRequestSender - Using open Channel [id: 0xf5801fc6, L:/127.0.0.1:62104 - R:localhost/127.0.0.1:16328] for POST '/session/dabd445255b4af04e7964783dc9e30a0/execute/sync'
21:08:24.341 [AsyncHttpClient-1-2] DEBUG org.asynchttpclient.netty.handler.HttpHandler - 

Request DefaultHttpRequest(decodeResult: success, version: HTTP/1.1)
POST /session/dabd445255b4af04e7964783dc9e30a0/execute/sync HTTP/1.1
User-Agent: selenium/4.0.0-beta-4 (java windows)
Content-Length: 47304
Content-Type: application/json; charset=utf-8
host: localhost:16328
accept: */*

Response DefaultHttpResponse(decodeResult: success, version: HTTP/1.1)
HTTP/1.1 200 OK
Content-Type: application/json; charset=utf-8
cache-control: no-cache
content-length: 12

21:08:24.341 [AsyncHttpClient-1-2] DEBUG org.asynchttpclient.netty.channel.ChannelManager - Adding key: http://localhost:16328 for channel [id: 0xf5801fc6, L:/127.0.0.1:62104 - R:localhost/127.0.0.1:16328]
21:08:24.342 [Forwarding findElement on session dabd445255b4af04e7964783dc9e30a0 to remote] DEBUG org.asynchttpclient.netty.request.NettyRequestSender - Using pooled Channel '[id: 0xf5801fc6, L:/127.0.0.1:62104 - R:localhost/127.0.0.1:16328]' for 'POST' to 'http://localhost:16328/session/dabd445255b4af04e7964783dc9e30a0/element'
21:08:24.342 [Forwarding findElement on session dabd445255b4af04e7964783dc9e30a0 to remote] DEBUG org.asynchttpclient.netty.request.NettyRequestSender - Using open Channel [id: 0xf5801fc6, L:/127.0.0.1:62104 - R:localhost/127.0.0.1:16328] for POST '/session/dabd445255b4af04e7964783dc9e30a0/element'
21:08:24.347 [AsyncHttpClient-1-2] DEBUG org.asynchttpclient.netty.handler.HttpHandler - 

Request DefaultHttpRequest(decodeResult: success, version: HTTP/1.1)
POST /session/dabd445255b4af04e7964783dc9e30a0/element HTTP/1.1
User-Agent: selenium/4.0.0-beta-4 (java windows)
Content-Length: 62
Content-Type: application/json; charset=utf-8
host: localhost:16328
accept: */*

Response DefaultHttpResponse(decodeResult: success, version: HTTP/1.1)
HTTP/1.1 200 OK
Content-Type: application/json; charset=utf-8
cache-control: no-cache
content-length: 88

21:08:24.347 [AsyncHttpClient-1-2] DEBUG org.asynchttpclient.netty.channel.ChannelManager - Adding key: http://localhost:16328 for channel [id: 0xf5801fc6, L:/127.0.0.1:62104 - R:localhost/127.0.0.1:16328]
21:08:24.348 [Forwarding clearElement on session dabd445255b4af04e7964783dc9e30a0 to remote] DEBUG org.asynchttpclient.netty.request.NettyRequestSender - Using pooled Channel '[id: 0xf5801fc6, L:/127.0.0.1:62104 - R:localhost/127.0.0.1:16328]' for 'POST' to 'http://localhost:16328/session/dabd445255b4af04e7964783dc9e30a0/element/85583f99-6d71-494a-96a8-ab21afb1c153/clear'
21:08:24.348 [Forwarding clearElement on session dabd445255b4af04e7964783dc9e30a0 to remote] DEBUG org.asynchttpclient.netty.request.NettyRequestSender - Using open Channel [id: 0xf5801fc6, L:/127.0.0.1:62104 - R:localhost/127.0.0.1:16328] for POST '/session/dabd445255b4af04e7964783dc9e30a0/element/85583f99-6d71-494a-96a8-ab21afb1c153/clear'
21:08:24.363 [AsyncHttpClient-1-2] DEBUG org.asynchttpclient.netty.handler.HttpHandler - 

Request DefaultHttpRequest(decodeResult: success, version: HTTP/1.1)
POST /session/dabd445255b4af04e7964783dc9e30a0/element/85583f99-6d71-494a-96a8-ab21afb1c153/clear HTTP/1.1
User-Agent: selenium/4.0.0-beta-4 (java windows)
Content-Length: 50
Content-Type: application/json; charset=utf-8
host: localhost:16328
accept: */*

Response DefaultHttpResponse(decodeResult: success, version: HTTP/1.1)
HTTP/1.1 200 OK
Content-Type: application/json; charset=utf-8
cache-control: no-cache
content-length: 14

21:08:24.363 [AsyncHttpClient-1-2] DEBUG org.asynchttpclient.netty.channel.ChannelManager - Adding key: http://localhost:16328 for channel [id: 0xf5801fc6, L:/127.0.0.1:62104 - R:localhost/127.0.0.1:16328]
21:08:24.364 [Forwarding findElement on session dabd445255b4af04e7964783dc9e30a0 to remote] DEBUG org.asynchttpclient.netty.request.NettyRequestSender - Using pooled Channel '[id: 0xf5801fc6, L:/127.0.0.1:62104 - R:localhost/127.0.0.1:16328]' for 'POST' to 'http://localhost:16328/session/dabd445255b4af04e7964783dc9e30a0/element'
21:08:24.364 [Forwarding findElement on session dabd445255b4af04e7964783dc9e30a0 to remote] DEBUG org.asynchttpclient.netty.request.NettyRequestSender - Using open Channel [id: 0xf5801fc6, L:/127.0.0.1:62104 - R:localhost/127.0.0.1:16328] for POST '/session/dabd445255b4af04e7964783dc9e30a0/element'
21:08:24.369 [AsyncHttpClient-1-2] DEBUG org.asynchttpclient.netty.handler.HttpHandler - 

Request DefaultHttpRequest(decodeResult: success, version: HTTP/1.1)
POST /session/dabd445255b4af04e7964783dc9e30a0/element HTTP/1.1
User-Agent: selenium/4.0.0-beta-4 (java windows)
Content-Length: 62
Content-Type: application/json; charset=utf-8
host: localhost:16328
accept: */*

Response DefaultHttpResponse(decodeResult: success, version: HTTP/1.1)
HTTP/1.1 200 OK
Content-Type: application/json; charset=utf-8
cache-control: no-cache
content-length: 88

21:08:24.370 [AsyncHttpClient-1-2] DEBUG org.asynchttpclient.netty.channel.ChannelManager - Adding key: http://localhost:16328 for channel [id: 0xf5801fc6, L:/127.0.0.1:62104 - R:localhost/127.0.0.1:16328]
21:08:24.371 [Forwarding sendKeysToElement on session dabd445255b4af04e7964783dc9e30a0 to remote] DEBUG org.asynchttpclient.netty.request.NettyRequestSender - Using pooled Channel '[id: 0xf5801fc6, L:/127.0.0.1:62104 - R:localhost/127.0.0.1:16328]' for 'POST' to 'http://localhost:16328/session/dabd445255b4af04e7964783dc9e30a0/element/85583f99-6d71-494a-96a8-ab21afb1c153/value'
21:08:24.371 [Forwarding sendKeysToElement on session dabd445255b4af04e7964783dc9e30a0 to remote] DEBUG org.asynchttpclient.netty.request.NettyRequestSender - Using open Channel [id: 0xf5801fc6, L:/127.0.0.1:62104 - R:localhost/127.0.0.1:16328] for POST '/session/dabd445255b4af04e7964783dc9e30a0/element/85583f99-6d71-494a-96a8-ab21afb1c153/value'
21:08:24.388 [AsyncHttpClient-1-2] DEBUG org.asynchttpclient.netty.handler.HttpHandler - 

Request DefaultHttpRequest(decodeResult: success, version: HTTP/1.1)
POST /session/dabd445255b4af04e7964783dc9e30a0/element/85583f99-6d71-494a-96a8-ab21afb1c153/value HTTP/1.1
User-Agent: selenium/4.0.0-beta-4 (java windows)
Content-Length: 121
Content-Type: application/json; charset=utf-8
host: localhost:16328
accept: */*

Response DefaultHttpResponse(decodeResult: success, version: HTTP/1.1)
HTTP/1.1 200 OK
Content-Type: application/json; charset=utf-8
cache-control: no-cache
content-length: 14

21:08:24.388 [AsyncHttpClient-1-2] DEBUG org.asynchttpclient.netty.channel.ChannelManager - Adding key: http://localhost:16328 for channel [id: 0xf5801fc6, L:/127.0.0.1:62104 - R:localhost/127.0.0.1:16328]
21:08:24.389 [Forwarding findElement on session dabd445255b4af04e7964783dc9e30a0 to remote] DEBUG org.asynchttpclient.netty.request.NettyRequestSender - Using pooled Channel '[id: 0xf5801fc6, L:/127.0.0.1:62104 - R:localhost/127.0.0.1:16328]' for 'POST' to 'http://localhost:16328/session/dabd445255b4af04e7964783dc9e30a0/element'
21:08:24.389 [Forwarding findElement on session dabd445255b4af04e7964783dc9e30a0 to remote] DEBUG org.asynchttpclient.netty.request.NettyRequestSender - Using open Channel [id: 0xf5801fc6, L:/127.0.0.1:62104 - R:localhost/127.0.0.1:16328] for POST '/session/dabd445255b4af04e7964783dc9e30a0/element'
21:08:24.394 [AsyncHttpClient-1-2] DEBUG org.asynchttpclient.netty.handler.HttpHandler - 

Request DefaultHttpRequest(decodeResult: success, version: HTTP/1.1)
POST /session/dabd445255b4af04e7964783dc9e30a0/element HTTP/1.1
User-Agent: selenium/4.0.0-beta-4 (java windows)
Content-Length: 64
Content-Type: application/json; charset=utf-8
host: localhost:16328
accept: */*

Response DefaultHttpResponse(decodeResult: success, version: HTTP/1.1)
HTTP/1.1 200 OK
Content-Type: application/json; charset=utf-8
cache-control: no-cache
content-length: 88

21:08:24.394 [AsyncHttpClient-1-2] DEBUG org.asynchttpclient.netty.channel.ChannelManager - Adding key: http://localhost:16328 for channel [id: 0xf5801fc6, L:/127.0.0.1:62104 - R:localhost/127.0.0.1:16328]
21:08:24.395 [Forwarding clickElement on session dabd445255b4af04e7964783dc9e30a0 to remote] DEBUG org.asynchttpclient.netty.request.NettyRequestSender - Using pooled Channel '[id: 0xf5801fc6, L:/127.0.0.1:62104 - R:localhost/127.0.0.1:16328]' for 'POST' to 'http://localhost:16328/session/dabd445255b4af04e7964783dc9e30a0/element/4b059e9b-8920-492e-90a5-c45e9804a150/click'
21:08:24.395 [Forwarding clickElement on session dabd445255b4af04e7964783dc9e30a0 to remote] DEBUG org.asynchttpclient.netty.request.NettyRequestSender - Using open Channel [id: 0xf5801fc6, L:/127.0.0.1:62104 - R:localhost/127.0.0.1:16328] for POST '/session/dabd445255b4af04e7964783dc9e30a0/element/4b059e9b-8920-492e-90a5-c45e9804a150/click'
21:08:24.806 [AsyncHttpClient-1-2] DEBUG org.asynchttpclient.netty.handler.HttpHandler - 

Request DefaultHttpRequest(decodeResult: success, version: HTTP/1.1)
POST /session/dabd445255b4af04e7964783dc9e30a0/element/4b059e9b-8920-492e-90a5-c45e9804a150/click HTTP/1.1
User-Agent: selenium/4.0.0-beta-4 (java windows)
Content-Length: 50
Content-Type: application/json; charset=utf-8
host: localhost:16328
accept: */*

Response DefaultHttpResponse(decodeResult: success, version: HTTP/1.1)
HTTP/1.1 200 OK
Content-Type: application/json; charset=utf-8
cache-control: no-cache
content-length: 14

21:08:24.806 [AsyncHttpClient-1-2] DEBUG org.asynchttpclient.netty.channel.ChannelManager - Adding key: http://localhost:16328 for channel [id: 0xf5801fc6, L:/127.0.0.1:62104 - R:localhost/127.0.0.1:16328]
21:08:24.860 [Test worker] DEBUG org.hibernate.stat.internal.StatisticsInitiator - Statistics initialized [enabled=false]
21:08:24.865 [Test worker] DEBUG org.hibernate.engine.transaction.internal.TransactionImpl - On TransactionImpl creation, JpaCompliance#isJpaTransactionComplianceEnabled == false
21:08:24.865 [Test worker] DEBUG org.hibernate.engine.transaction.internal.TransactionImpl - begin
21:08:24.876 [Test worker] DEBUG org.hibernate.hql.internal.QueryTranslatorFactoryInitiator - QueryTranslatorFactory: org.hibernate.hql.internal.ast.ASTQueryTranslatorFactory@f2f245e
21:08:24.895 [Test worker] DEBUG org.hibernate.hql.internal.ast.QueryTranslatorImpl - parse() - HQL: from ru.my.pack.mantis.model.User
21:08:24.897 [Test worker] DEBUG org.hibernate.hql.internal.ast.ErrorTracker - throwQueryException() : no errors
21:08:24.901 [Test worker] DEBUG org.hibernate.hql.internal.ast.QueryTranslatorImpl - --- HQL AST ---
 \-[QUERY] Node: 'query'
    \-[SELECT_FROM] Node: 'SELECT_FROM'
       \-[FROM] Node: 'from'
          \-[RANGE] Node: 'RANGE'
             \-[DOT] Node: '.'
                +-[DOT] Node: '.'
                |  +-[DOT] Node: '.'
                |  |  +-[DOT] Node: '.'
                |  |  |  +-[DOT] Node: '.'
                |  |  |  |  +-[IDENT] Node: 'ru'
                |  |  |  |  \-[IDENT] Node: 'my'
                |  |  |  \-[IDENT] Node: 'pack'
                |  |  \-[IDENT] Node: 'mantis'
                |  \-[IDENT] Node: 'model'
                \-[IDENT] Node: 'User'

21:08:24.915 [Test worker] DEBUG org.hibernate.hql.internal.antlr.HqlSqlBaseWalker - select << begin [level=1, statement=select]
21:08:24.924 [Test worker] DEBUG org.hibernate.hql.internal.ast.tree.FromElement - FromClause{level=1} : ru.my.pack.mantis.model.User (<no alias>) -> user0_
21:08:24.924 [Test worker] DEBUG org.hibernate.hql.internal.antlr.HqlSqlBaseWalker - select : finishing up [level=1, statement=select]
21:08:24.924 [Test worker] DEBUG org.hibernate.hql.internal.ast.HqlSqlWalker - processQuery() :  ( SELECT ( FromClause{level=1} mantis_user_table user0_ ) )
21:08:24.927 [Test worker] DEBUG org.hibernate.hql.internal.ast.HqlSqlWalker - Derived SELECT clause created.
21:08:24.929 [Test worker] DEBUG org.hibernate.hql.internal.ast.util.JoinProcessor - Tables referenced from query nodes:
 \-QueryNode
    +-SelectClause
    | referencedTables(entity User): [mantis_user_table]
    |  +-SelectExpressionImpl
    |  | persister: SingleTableEntityPersister(ru.my.pack.mantis.model.User)
    |  \-SqlFragment
    \-FromClause
       \-FromElement

21:08:24.932 [Test worker] DEBUG org.hibernate.hql.internal.ast.util.JoinProcessor - Using FROM fragment [mantis_user_table user0_]
21:08:24.932 [Test worker] DEBUG org.hibernate.hql.internal.antlr.HqlSqlBaseWalker - select >> end [level=1, statement=select]
21:08:24.932 [Test worker] DEBUG org.hibernate.hql.internal.ast.QueryTranslatorImpl - --- SQL AST ---
 \-[SELECT] QueryNode: 'SELECT'  querySpaces (mantis_user_table)
    +-[SELECT_CLAUSE] SelectClause: '{derived select clause}'
    |  +-[SELECT_EXPR] SelectExpressionImpl: 'user0_.id as id1_0_' {FromElement{explicit,not a collection join,not a fetch join,fetch non-lazy properties,classAlias=null,role=null,tableName=mantis_user_table,tableAlias=user0_,origin=null,columns={,className=ru.my.pack.mantis.model.User}}}
    |  \-[SQL_TOKEN] SqlFragment: 'user0_.email as email2_0_, user0_.password as password3_0_, user0_.username as username4_0_'
    \-[FROM] FromClause: 'from' FromClause{level=1, fromElementCounter=1, fromElements=1, fromElementByClassAlias=[], fromElementByTableAlias=[user0_], fromElementsByPath=[], collectionJoinFromElementsByPath=[], impliedElements=[]}
       \-[FROM_FRAGMENT] FromElement: 'mantis_user_table user0_' FromElement{explicit,not a collection join,not a fetch join,fetch non-lazy properties,classAlias=null,role=null,tableName=mantis_user_table,tableAlias=user0_,origin=null,columns={,className=ru.my.pack.mantis.model.User}}

21:08:24.932 [Test worker] DEBUG org.hibernate.hql.internal.ast.ErrorTracker - throwQueryException() : no errors
21:08:24.936 [Test worker] DEBUG org.hibernate.hql.internal.ast.QueryTranslatorImpl - HQL: from ru.my.pack.mantis.model.User
21:08:24.936 [Test worker] DEBUG org.hibernate.hql.internal.ast.QueryTranslatorImpl - SQL: select user0_.id as id1_0_, user0_.email as email2_0_, user0_.password as password3_0_, user0_.username as username4_0_ from mantis_user_table user0_
21:08:24.936 [Test worker] DEBUG org.hibernate.hql.internal.ast.ErrorTracker - throwQueryException() : no errors
21:08:24.946 [Test worker] DEBUG org.hibernate.SQL - select user0_.id as id1_0_, user0_.email as email2_0_, user0_.password as password3_0_, user0_.username as username4_0_ from mantis_user_table user0_
Hibernate: select user0_.id as id1_0_, user0_.email as email2_0_, user0_.password as password3_0_, user0_.username as username4_0_ from mantis_user_table user0_
21:08:24.956 [Test worker] DEBUG org.hibernate.loader.Loader - Result set row: 0
21:08:24.958 [Test worker] DEBUG org.hibernate.loader.Loader - Result row: EntityKey[ru.my.pack.mantis.model.User#1]
21:08:24.963 [Test worker] DEBUG org.hibernate.loader.Loader - Result set row: 1
21:08:24.963 [Test worker] DEBUG org.hibernate.loader.Loader - Result row: EntityKey[ru.my.pack.mantis.model.User#15]
21:08:24.964 [Test worker] DEBUG org.hibernate.engine.internal.TwoPhaseLoad - Resolving attributes for [ru.my.pack.mantis.model.User#1]
21:08:24.965 [Test worker] DEBUG org.hibernate.engine.internal.TwoPhaseLoad - Processing attribute `email` : value = root@localhost
21:08:24.965 [Test worker] DEBUG org.hibernate.engine.internal.TwoPhaseLoad - Attribute (`email`)  - enhanced for lazy-loading? - false
21:08:24.965 [Test worker] DEBUG org.hibernate.engine.internal.TwoPhaseLoad - Processing attribute `password` : value = 63a9f0ea7bb98050796b649e85481845
21:08:24.965 [Test worker] DEBUG org.hibernate.engine.internal.TwoPhaseLoad - Attribute (`password`)  - enhanced for lazy-loading? - false
21:08:24.965 [Test worker] DEBUG org.hibernate.engine.internal.TwoPhaseLoad - Processing attribute `username` : value = administrator
21:08:24.965 [Test worker] DEBUG org.hibernate.engine.internal.TwoPhaseLoad - Attribute (`username`)  - enhanced for lazy-loading? - false
21:08:24.965 [Test worker] DEBUG org.hibernate.engine.internal.TwoPhaseLoad - Done materializing entity [ru.my.pack.mantis.model.User#1]
21:08:24.965 [Test worker] DEBUG org.hibernate.engine.internal.TwoPhaseLoad - Resolving attributes for [ru.my.pack.mantis.model.User#15]
21:08:24.965 [Test worker] DEBUG org.hibernate.engine.internal.TwoPhaseLoad - Processing attribute `email` : value = user1633284193277@localhost.localadmin
21:08:24.965 [Test worker] DEBUG org.hibernate.engine.internal.TwoPhaseLoad - Attribute (`email`)  - enhanced for lazy-loading? - false
21:08:24.965 [Test worker] DEBUG org.hibernate.engine.internal.TwoPhaseLoad - Processing attribute `password` : value = 5f4dcc3b5aa765d61d8327deb882cf99
21:08:24.965 [Test worker] DEBUG org.hibernate.engine.internal.TwoPhaseLoad - Attribute (`password`)  - enhanced for lazy-loading? - false
21:08:24.966 [Test worker] DEBUG org.hibernate.engine.internal.TwoPhaseLoad - Processing attribute `username` : value = user1633284193277
21:08:24.966 [Test worker] DEBUG org.hibernate.engine.internal.TwoPhaseLoad - Attribute (`username`)  - enhanced for lazy-loading? - false
21:08:24.966 [Test worker] DEBUG org.hibernate.engine.internal.TwoPhaseLoad - Done materializing entity [ru.my.pack.mantis.model.User#15]
21:08:24.967 [Test worker] DEBUG org.hibernate.engine.transaction.internal.TransactionImpl - committing
21:08:24.967 [Test worker] DEBUG org.hibernate.event.internal.AbstractFlushingEventListener - Processing flush-time cascades
21:08:24.972 [Test worker] DEBUG org.hibernate.event.internal.AbstractFlushingEventListener - Dirty checking collections
21:08:24.975 [Test worker] DEBUG org.hibernate.event.internal.AbstractFlushingEventListener - Flushed: 0 insertions, 0 updates, 0 deletions to 2 objects
21:08:24.975 [Test worker] DEBUG org.hibernate.event.internal.AbstractFlushingEventListener - Flushed: 0 (re)creations, 0 updates, 0 removals to 0 collections
21:08:24.975 [Test worker] DEBUG org.hibernate.internal.util.EntityPrinter - Listing entities:
21:08:24.976 [Test worker] DEBUG org.hibernate.internal.util.EntityPrinter - ru.my.pack.mantis.model.User{password=63a9f0ea7bb98050796b649e85481845, id=1, email=root@localhost, username=administrator}
21:08:24.976 [Test worker] DEBUG org.hibernate.internal.util.EntityPrinter - ru.my.pack.mantis.model.User{password=5f4dcc3b5aa765d61d8327deb882cf99, id=15, email=user1633284193277@localhost.localadmin, username=user1633284193277}
21:08:24.977 [Test worker] DEBUG org.hibernate.resource.jdbc.internal.LogicalConnectionManagedImpl - Initiating JDBC connection release from afterTransaction
21:08:24.977 [Test worker] DEBUG org.hibernate.resource.jdbc.internal.LogicalConnectionManagedImpl - Initiating JDBC connection release from afterTransaction
21:08:24.978 [Forwarding get on session dabd445255b4af04e7964783dc9e30a0 to remote] DEBUG org.asynchttpclient.netty.request.NettyRequestSender - Using pooled Channel '[id: 0xf5801fc6, L:/127.0.0.1:62104 - R:localhost/127.0.0.1:16328]' for 'POST' to 'http://localhost:16328/session/dabd445255b4af04e7964783dc9e30a0/url'
21:08:24.978 [Forwarding get on session dabd445255b4af04e7964783dc9e30a0 to remote] DEBUG org.asynchttpclient.netty.request.NettyRequestSender - Using open Channel [id: 0xf5801fc6, L:/127.0.0.1:62104 - R:localhost/127.0.0.1:16328] for POST '/session/dabd445255b4af04e7964783dc9e30a0/url'
21:08:25.083 [AsyncHttpClient-1-1] DEBUG org.asynchttpclient.netty.channel.DefaultChannelPool - Entry count for : http://localhost:62105 : 1
21:08:25.096 [AsyncHttpClient-1-2] DEBUG org.asynchttpclient.netty.handler.HttpHandler - 

Request DefaultHttpRequest(decodeResult: success, version: HTTP/1.1)
POST /session/dabd445255b4af04e7964783dc9e30a0/url HTTP/1.1
User-Agent: selenium/4.0.0-beta-4 (java windows)
Content-Length: 92
Content-Type: application/json; charset=utf-8
host: localhost:16328
accept: */*

Response DefaultHttpResponse(decodeResult: success, version: HTTP/1.1)
HTTP/1.1 200 OK
Content-Type: application/json; charset=utf-8
cache-control: no-cache
content-length: 14

21:08:25.097 [AsyncHttpClient-1-2] DEBUG org.asynchttpclient.netty.channel.ChannelManager - Adding key: http://localhost:16328 for channel [id: 0xf5801fc6, L:/127.0.0.1:62104 - R:localhost/127.0.0.1:16328]
21:08:25.098 [Forwarding findElement on session dabd445255b4af04e7964783dc9e30a0 to remote] DEBUG org.asynchttpclient.netty.request.NettyRequestSender - Using pooled Channel '[id: 0xf5801fc6, L:/127.0.0.1:62104 - R:localhost/127.0.0.1:16328]' for 'POST' to 'http://localhost:16328/session/dabd445255b4af04e7964783dc9e30a0/element'
21:08:25.098 [Forwarding findElement on session dabd445255b4af04e7964783dc9e30a0 to remote] DEBUG org.asynchttpclient.netty.request.NettyRequestSender - Using open Channel [id: 0xf5801fc6, L:/127.0.0.1:62104 - R:localhost/127.0.0.1:16328] for POST '/session/dabd445255b4af04e7964783dc9e30a0/element'
21:08:25.108 [AsyncHttpClient-1-2] DEBUG org.asynchttpclient.netty.handler.HttpHandler - 

Request DefaultHttpRequest(decodeResult: success, version: HTTP/1.1)
POST /session/dabd445255b4af04e7964783dc9e30a0/element HTTP/1.1
User-Agent: selenium/4.0.0-beta-4 (java windows)
Content-Length: 133
Content-Type: application/json; charset=utf-8
host: localhost:16328
accept: */*

Response DefaultHttpResponse(decodeResult: success, version: HTTP/1.1)
HTTP/1.1 200 OK
Content-Type: application/json; charset=utf-8
cache-control: no-cache
content-length: 88

21:08:25.109 [AsyncHttpClient-1-2] DEBUG org.asynchttpclient.netty.channel.ChannelManager - Adding key: http://localhost:16328 for channel [id: 0xf5801fc6, L:/127.0.0.1:62104 - R:localhost/127.0.0.1:16328]
21:08:25.110 [Forwarding clickElement on session dabd445255b4af04e7964783dc9e30a0 to remote] DEBUG org.asynchttpclient.netty.request.NettyRequestSender - Using pooled Channel '[id: 0xf5801fc6, L:/127.0.0.1:62104 - R:localhost/127.0.0.1:16328]' for 'POST' to 'http://localhost:16328/session/dabd445255b4af04e7964783dc9e30a0/element/5060c9ff-1d18-4da7-b2d8-9fe5e2c843f9/click'
21:08:25.110 [Forwarding clickElement on session dabd445255b4af04e7964783dc9e30a0 to remote] DEBUG org.asynchttpclient.netty.request.NettyRequestSender - Using open Channel [id: 0xf5801fc6, L:/127.0.0.1:62104 - R:localhost/127.0.0.1:16328] for POST '/session/dabd445255b4af04e7964783dc9e30a0/element/5060c9ff-1d18-4da7-b2d8-9fe5e2c843f9/click'
21:08:25.280 [AsyncHttpClient-1-2] DEBUG org.asynchttpclient.netty.handler.HttpHandler - 

Request DefaultHttpRequest(decodeResult: success, version: HTTP/1.1)
POST /session/dabd445255b4af04e7964783dc9e30a0/element/5060c9ff-1d18-4da7-b2d8-9fe5e2c843f9/click HTTP/1.1
User-Agent: selenium/4.0.0-beta-4 (java windows)
Content-Length: 50
Content-Type: application/json; charset=utf-8
host: localhost:16328
accept: */*

Response DefaultHttpResponse(decodeResult: success, version: HTTP/1.1)
HTTP/1.1 200 OK
Content-Type: application/json; charset=utf-8
cache-control: no-cache
content-length: 14

21:08:25.281 [AsyncHttpClient-1-2] DEBUG org.asynchttpclient.netty.channel.ChannelManager - Adding key: http://localhost:16328 for channel [id: 0xf5801fc6, L:/127.0.0.1:62104 - R:localhost/127.0.0.1:16328]
21:08:25.282 [Forwarding findElement on session dabd445255b4af04e7964783dc9e30a0 to remote] DEBUG org.asynchttpclient.netty.request.NettyRequestSender - Using pooled Channel '[id: 0xf5801fc6, L:/127.0.0.1:62104 - R:localhost/127.0.0.1:16328]' for 'POST' to 'http://localhost:16328/session/dabd445255b4af04e7964783dc9e30a0/element'
21:08:25.282 [Forwarding findElement on session dabd445255b4af04e7964783dc9e30a0 to remote] DEBUG org.asynchttpclient.netty.request.NettyRequestSender - Using open Channel [id: 0xf5801fc6, L:/127.0.0.1:62104 - R:localhost/127.0.0.1:16328] for POST '/session/dabd445255b4af04e7964783dc9e30a0/element'
21:08:25.309 [AsyncHttpClient-1-2] DEBUG org.asynchttpclient.netty.handler.HttpHandler - 

Request DefaultHttpRequest(decodeResult: success, version: HTTP/1.1)
POST /session/dabd445255b4af04e7964783dc9e30a0/element HTTP/1.1
User-Agent: selenium/4.0.0-beta-4 (java windows)
Content-Length: 58
Content-Type: application/json; charset=utf-8
host: localhost:16328
accept: */*

Response DefaultHttpResponse(decodeResult: success, version: HTTP/1.1)
HTTP/1.1 200 OK
Content-Type: application/json; charset=utf-8
cache-control: no-cache
content-length: 88

21:08:25.309 [AsyncHttpClient-1-2] DEBUG org.asynchttpclient.netty.channel.ChannelManager - Adding key: http://localhost:16328 for channel [id: 0xf5801fc6, L:/127.0.0.1:62104 - R:localhost/127.0.0.1:16328]
21:08:25.310 [Forwarding clickElement on session dabd445255b4af04e7964783dc9e30a0 to remote] DEBUG org.asynchttpclient.netty.request.NettyRequestSender - Using pooled Channel '[id: 0xf5801fc6, L:/127.0.0.1:62104 - R:localhost/127.0.0.1:16328]' for 'POST' to 'http://localhost:16328/session/dabd445255b4af04e7964783dc9e30a0/element/56b093b7-215f-4972-aa72-c74401e30d6d/click'
21:08:25.310 [Forwarding clickElement on session dabd445255b4af04e7964783dc9e30a0 to remote] DEBUG org.asynchttpclient.netty.request.NettyRequestSender - Using open Channel [id: 0xf5801fc6, L:/127.0.0.1:62104 - R:localhost/127.0.0.1:16328] for POST '/session/dabd445255b4af04e7964783dc9e30a0/element/56b093b7-215f-4972-aa72-c74401e30d6d/click'
21:08:25.474 [AsyncHttpClient-1-2] DEBUG org.asynchttpclient.netty.handler.HttpHandler - 

Request DefaultHttpRequest(decodeResult: success, version: HTTP/1.1)
POST /session/dabd445255b4af04e7964783dc9e30a0/element/56b093b7-215f-4972-aa72-c74401e30d6d/click HTTP/1.1
User-Agent: selenium/4.0.0-beta-4 (java windows)
Content-Length: 50
Content-Type: application/json; charset=utf-8
host: localhost:16328
accept: */*

Response DefaultHttpResponse(decodeResult: success, version: HTTP/1.1)
HTTP/1.1 200 OK
Content-Type: application/json; charset=utf-8
cache-control: no-cache
content-length: 14

21:08:25.474 [AsyncHttpClient-1-2] DEBUG org.asynchttpclient.netty.channel.ChannelManager - Adding key: http://localhost:16328 for channel [id: 0xf5801fc6, L:/127.0.0.1:62104 - R:localhost/127.0.0.1:16328]
21:08:25.475 [Forwarding findElement on session dabd445255b4af04e7964783dc9e30a0 to remote] DEBUG org.asynchttpclient.netty.request.NettyRequestSender - Using pooled Channel '[id: 0xf5801fc6, L:/127.0.0.1:62104 - R:localhost/127.0.0.1:16328]' for 'POST' to 'http://localhost:16328/session/dabd445255b4af04e7964783dc9e30a0/element'
21:08:25.475 [Forwarding findElement on session dabd445255b4af04e7964783dc9e30a0 to remote] DEBUG org.asynchttpclient.netty.request.NettyRequestSender - Using open Channel [id: 0xf5801fc6, L:/127.0.0.1:62104 - R:localhost/127.0.0.1:16328] for POST '/session/dabd445255b4af04e7964783dc9e30a0/element'
21:08:25.484 [AsyncHttpClient-1-2] DEBUG org.asynchttpclient.netty.handler.HttpHandler - 

Request DefaultHttpRequest(decodeResult: success, version: HTTP/1.1)
POST /session/dabd445255b4af04e7964783dc9e30a0/element HTTP/1.1
User-Agent: selenium/4.0.0-beta-4 (java windows)
Content-Length: 118
Content-Type: application/json; charset=utf-8
host: localhost:16328
accept: */*

Response DefaultHttpResponse(decodeResult: success, version: HTTP/1.1)
HTTP/1.1 200 OK
Content-Type: application/json; charset=utf-8
cache-control: no-cache
content-length: 88

21:08:25.484 [AsyncHttpClient-1-2] DEBUG org.asynchttpclient.netty.channel.ChannelManager - Adding key: http://localhost:16328 for channel [id: 0xf5801fc6, L:/127.0.0.1:62104 - R:localhost/127.0.0.1:16328]
21:08:25.485 [Forwarding clickElement on session dabd445255b4af04e7964783dc9e30a0 to remote] DEBUG org.asynchttpclient.netty.request.NettyRequestSender - Using pooled Channel '[id: 0xf5801fc6, L:/127.0.0.1:62104 - R:localhost/127.0.0.1:16328]' for 'POST' to 'http://localhost:16328/session/dabd445255b4af04e7964783dc9e30a0/element/355c1c2f-bb46-4a0a-8d54-266bf56e8f99/click'
21:08:25.485 [Forwarding clickElement on session dabd445255b4af04e7964783dc9e30a0 to remote] DEBUG org.asynchttpclient.netty.request.NettyRequestSender - Using open Channel [id: 0xf5801fc6, L:/127.0.0.1:62104 - R:localhost/127.0.0.1:16328] for POST '/session/dabd445255b4af04e7964783dc9e30a0/element/355c1c2f-bb46-4a0a-8d54-266bf56e8f99/click'
21:08:25.615 [org.subethamail.smtp.server.Session-/0:0:0:0:0:0:0:1:59293] DEBUG org.subethamail.smtp.server.Session - SMTP connection from 0:0:0:0:0:0:0:1/0:0:0:0:0:0:0:1, new connection count: 1
21:08:25.616 [org.subethamail.smtp.server.Session-/0:0:0:0:0:0:0:1:59293] DEBUG org.subethamail.smtp.server.Session - Server: 220 Pentogon ESMTP SubEthaSMTP 3.1.7
21:08:25.616 [org.subethamail.smtp.server.Session-/0:0:0:0:0:0:0:1:59293] DEBUG org.subethamail.smtp.server.Session - Client: EHLO localhost
21:08:25.616 [org.subethamail.smtp.server.Session-/0:0:0:0:0:0:0:1:59293] DEBUG org.subethamail.smtp.server.Session - Server: 250-Pentogon
250-8BITMIME
250 Ok
21:08:25.616 [org.subethamail.smtp.server.Session-/0:0:0:0:0:0:0:1:59293] DEBUG org.subethamail.smtp.server.Session - Client: MAIL FROM:<admin@example.com>
21:08:25.620 [org.subethamail.smtp.server.Session-/0:0:0:0:0:0:0:1:59293] DEBUG org.subethamail.smtp.server.Session - Server: 250 Ok
21:08:25.620 [org.subethamail.smtp.server.Session-/0:0:0:0:0:0:0:1:59293] DEBUG org.subethamail.smtp.server.Session - Client: RCPT TO:<user1633284193277@localhost.localadmin>
21:08:25.620 [org.subethamail.smtp.server.Session-/0:0:0:0:0:0:0:1:59293] DEBUG org.subethamail.wiser.Wiser - Accepting mail from admin@example.com to user1633284193277@localhost.localadmin
21:08:25.621 [org.subethamail.smtp.server.Session-/0:0:0:0:0:0:0:1:59293] DEBUG org.subethamail.smtp.server.Session - Server: 250 Ok
21:08:25.621 [org.subethamail.smtp.server.Session-/0:0:0:0:0:0:0:1:59293] DEBUG org.subethamail.smtp.server.Session - Client: DATA
21:08:25.621 [org.subethamail.smtp.server.Session-/0:0:0:0:0:0:0:1:59293] DEBUG org.subethamail.smtp.server.Session - Server: 354 End data with <CR><LF>.<CR><LF>
21:08:25.625 [org.subethamail.smtp.server.Session-/0:0:0:0:0:0:0:1:59293] DEBUG org.subethamail.wiser.Wiser - Delivering mail from admin@example.com to user1633284193277@localhost.localadmin
21:08:25.625 [org.subethamail.smtp.server.Session-/0:0:0:0:0:0:0:1:59293] DEBUG org.subethamail.wiser.Wiser - Creating message from data with 1022 bytes
21:08:25.626 [org.subethamail.smtp.server.Session-/0:0:0:0:0:0:0:1:59293] DEBUG org.subethamail.smtp.server.Session - Server: 250 Ok
21:08:25.626 [org.subethamail.smtp.server.Session-/0:0:0:0:0:0:0:1:59293] DEBUG org.subethamail.smtp.server.Session - Client: RSET
21:08:25.626 [org.subethamail.smtp.server.Session-/0:0:0:0:0:0:0:1:59293] DEBUG org.subethamail.smtp.server.Session - Server: 250 Ok
21:08:25.628 [org.subethamail.smtp.server.Session-/0:0:0:0:0:0:0:1:59293] DEBUG org.subethamail.smtp.server.Session - Client: QUIT
21:08:25.628 [org.subethamail.smtp.server.Session-/0:0:0:0:0:0:0:1:59293] DEBUG org.subethamail.smtp.server.Session - Server: 221 Bye
21:08:25.671 [AsyncHttpClient-1-2] DEBUG org.asynchttpclient.netty.handler.HttpHandler - 

Request DefaultHttpRequest(decodeResult: success, version: HTTP/1.1)
POST /session/dabd445255b4af04e7964783dc9e30a0/element/355c1c2f-bb46-4a0a-8d54-266bf56e8f99/click HTTP/1.1
User-Agent: selenium/4.0.0-beta-4 (java windows)
Content-Length: 50
Content-Type: application/json; charset=utf-8
host: localhost:16328
accept: */*

Response DefaultHttpResponse(decodeResult: success, version: HTTP/1.1)
HTTP/1.1 200 OK
Content-Type: application/json; charset=utf-8
cache-control: no-cache
content-length: 14

21:08:25.671 [AsyncHttpClient-1-2] DEBUG org.asynchttpclient.netty.channel.ChannelManager - Adding key: http://localhost:16328 for channel [id: 0xf5801fc6, L:/127.0.0.1:62104 - R:localhost/127.0.0.1:16328]
21:08:26.183 [AsyncHttpClient-1-1] DEBUG org.asynchttpclient.netty.channel.DefaultChannelPool - Entry count for : http://localhost:16328 : 1
21:08:26.183 [AsyncHttpClient-1-1] DEBUG org.asynchttpclient.netty.channel.DefaultChannelPool - Entry count for : http://localhost:62105 : 1
21:08:27.283 [AsyncHttpClient-1-1] DEBUG org.asynchttpclient.netty.channel.DefaultChannelPool - Entry count for : http://localhost:16328 : 1
21:08:27.283 [AsyncHttpClient-1-1] DEBUG org.asynchttpclient.netty.channel.DefaultChannelPool - Entry count for : http://localhost:62105 : 1
21:08:28.384 [AsyncHttpClient-1-1] DEBUG org.asynchttpclient.netty.channel.DefaultChannelPool - Entry count for : http://localhost:16328 : 1
21:08:28.384 [AsyncHttpClient-1-1] DEBUG org.asynchttpclient.netty.channel.DefaultChannelPool - Entry count for : http://localhost:62105 : 1
21:08:29.484 [AsyncHttpClient-1-1] DEBUG org.asynchttpclient.netty.channel.DefaultChannelPool - Entry count for : http://localhost:16328 : 1
21:08:29.484 [AsyncHttpClient-1-1] DEBUG org.asynchttpclient.netty.channel.DefaultChannelPool - Entry count for : http://localhost:62105 : 1
21:08:30.584 [AsyncHttpClient-1-1] DEBUG org.asynchttpclient.netty.channel.DefaultChannelPool - Entry count for : http://localhost:16328 : 1
21:08:30.584 [AsyncHttpClient-1-1] DEBUG org.asynchttpclient.netty.channel.DefaultChannelPool - Entry count for : http://localhost:62105 : 1
21:08:31.683 [AsyncHttpClient-1-1] DEBUG org.asynchttpclient.netty.channel.DefaultChannelPool - Entry count for : http://localhost:16328 : 1
21:08:31.683 [AsyncHttpClient-1-1] DEBUG org.asynchttpclient.netty.channel.DefaultChannelPool - Entry count for : http://localhost:62105 : 1
21:08:32.783 [AsyncHttpClient-1-1] DEBUG org.asynchttpclient.netty.channel.DefaultChannelPool - Entry count for : http://localhost:16328 : 1
21:08:32.783 [AsyncHttpClient-1-1] DEBUG org.asynchttpclient.netty.channel.DefaultChannelPool - Entry count for : http://localhost:62105 : 1
21:08:33.883 [AsyncHttpClient-1-1] DEBUG org.asynchttpclient.netty.channel.DefaultChannelPool - Entry count for : http://localhost:16328 : 1
21:08:33.883 [AsyncHttpClient-1-1] DEBUG org.asynchttpclient.netty.channel.DefaultChannelPool - Entry count for : http://localhost:62105 : 1
21:08:34.984 [AsyncHttpClient-1-1] DEBUG org.asynchttpclient.netty.channel.DefaultChannelPool - Entry count for : http://localhost:16328 : 1
21:08:34.984 [AsyncHttpClient-1-1] DEBUG org.asynchttpclient.netty.channel.DefaultChannelPool - Entry count for : http://localhost:62105 : 1
21:08:36.084 [AsyncHttpClient-1-1] DEBUG org.asynchttpclient.netty.channel.DefaultChannelPool - Entry count for : http://localhost:16328 : 1
21:08:36.084 [AsyncHttpClient-1-1] DEBUG org.asynchttpclient.netty.channel.DefaultChannelPool - Entry count for : http://localhost:62105 : 1
21:08:37.183 [AsyncHttpClient-1-1] DEBUG org.asynchttpclient.netty.channel.DefaultChannelPool - Entry count for : http://localhost:16328 : 1
21:08:37.183 [AsyncHttpClient-1-1] DEBUG org.asynchttpclient.netty.channel.DefaultChannelPool - Entry count for : http://localhost:62105 : 1
21:08:38.284 [AsyncHttpClient-1-1] DEBUG org.asynchttpclient.netty.channel.DefaultChannelPool - Entry count for : http://localhost:16328 : 1
21:08:38.284 [AsyncHttpClient-1-1] DEBUG org.asynchttpclient.netty.channel.DefaultChannelPool - Entry count for : http://localhost:62105 : 1
21:08:39.383 [AsyncHttpClient-1-1] DEBUG org.asynchttpclient.netty.channel.DefaultChannelPool - Entry count for : http://localhost:16328 : 1
21:08:39.383 [AsyncHttpClient-1-1] DEBUG org.asynchttpclient.netty.channel.DefaultChannelPool - Entry count for : http://localhost:62105 : 1
21:08:40.483 [AsyncHttpClient-1-1] DEBUG org.asynchttpclient.netty.channel.DefaultChannelPool - Entry count for : http://localhost:16328 : 1
21:08:40.483 [AsyncHttpClient-1-1] DEBUG org.asynchttpclient.netty.channel.DefaultChannelPool - Entry count for : http://localhost:62105 : 1
21:08:41.583 [AsyncHttpClient-1-1] DEBUG org.asynchttpclient.netty.channel.DefaultChannelPool - Entry count for : http://localhost:16328 : 1
21:08:41.583 [AsyncHttpClient-1-1] DEBUG org.asynchttpclient.netty.channel.DefaultChannelPool - Entry count for : http://localhost:62105 : 1
21:08:42.683 [AsyncHttpClient-1-1] DEBUG org.asynchttpclient.netty.channel.DefaultChannelPool - Entry count for : http://localhost:16328 : 1
21:08:42.683 [AsyncHttpClient-1-1] DEBUG org.asynchttpclient.netty.channel.DefaultChannelPool - Entry count for : http://localhost:62105 : 1
21:08:43.784 [AsyncHttpClient-1-1] DEBUG org.asynchttpclient.netty.channel.DefaultChannelPool - Entry count for : http://localhost:16328 : 1
21:08:43.784 [AsyncHttpClient-1-1] DEBUG org.asynchttpclient.netty.channel.DefaultChannelPool - Entry count for : http://localhost:62105 : 1
21:08:44.883 [AsyncHttpClient-1-1] DEBUG org.asynchttpclient.netty.channel.DefaultChannelPool - Entry count for : http://localhost:16328 : 1
21:08:44.883 [AsyncHttpClient-1-1] DEBUG org.asynchttpclient.netty.channel.DefaultChannelPool - Entry count for : http://localhost:62105 : 1
21:08:45.983 [AsyncHttpClient-1-1] DEBUG org.asynchttpclient.netty.channel.DefaultChannelPool - Entry count for : http://localhost:16328 : 1
21:08:45.983 [AsyncHttpClient-1-1] DEBUG org.asynchttpclient.netty.channel.DefaultChannelPool - Entry count for : http://localhost:62105 : 1
21:08:47.084 [AsyncHttpClient-1-1] DEBUG org.asynchttpclient.netty.channel.DefaultChannelPool - Entry count for : http://localhost:16328 : 1
21:08:47.084 [AsyncHttpClient-1-1] DEBUG org.asynchttpclient.netty.channel.DefaultChannelPool - Entry count for : http://localhost:62105 : 1
21:08:48.183 [AsyncHttpClient-1-1] DEBUG org.asynchttpclient.netty.channel.DefaultChannelPool - Entry count for : http://localhost:16328 : 1
21:08:48.183 [AsyncHttpClient-1-1] DEBUG org.asynchttpclient.netty.channel.DefaultChannelPool - Entry count for : http://localhost:62105 : 1
21:08:49.283 [AsyncHttpClient-1-1] DEBUG org.asynchttpclient.netty.channel.DefaultChannelPool - Entry count for : http://localhost:16328 : 1
21:08:49.283 [AsyncHttpClient-1-1] DEBUG org.asynchttpclient.netty.channel.DefaultChannelPool - Entry count for : http://localhost:62105 : 1
21:08:50.383 [AsyncHttpClient-1-1] DEBUG org.asynchttpclient.netty.channel.DefaultChannelPool - Entry count for : http://localhost:16328 : 1
21:08:50.383 [AsyncHttpClient-1-1] DEBUG org.asynchttpclient.netty.channel.DefaultChannelPool - Entry count for : http://localhost:62105 : 1
21:08:50.868 [Hibernate Connection Pool Validation Thread] DEBUG org.hibernate.engine.jdbc.connections.internal.DriverManagerConnectionProviderImpl - Connection pool now considered primed; min-size will be maintained
21:08:51.483 [AsyncHttpClient-1-1] DEBUG org.asynchttpclient.netty.channel.DefaultChannelPool - Entry count for : http://localhost:16328 : 1
21:08:51.483 [AsyncHttpClient-1-1] DEBUG org.asynchttpclient.netty.channel.DefaultChannelPool - Entry count for : http://localhost:62105 : 1
21:08:52.584 [AsyncHttpClient-1-1] DEBUG org.asynchttpclient.netty.channel.DefaultChannelPool - Entry count for : http://localhost:16328 : 1
21:08:52.584 [AsyncHttpClient-1-1] DEBUG org.asynchttpclient.netty.channel.DefaultChannelPool - Entry count for : http://localhost:62105 : 1
21:08:53.684 [AsyncHttpClient-1-1] DEBUG org.asynchttpclient.netty.channel.DefaultChannelPool - Entry count for : http://localhost:16328 : 1
21:08:53.684 [AsyncHttpClient-1-1] DEBUG org.asynchttpclient.netty.channel.DefaultChannelPool - Entry count for : http://localhost:62105 : 1
21:08:54.784 [AsyncHttpClient-1-1] DEBUG org.asynchttpclient.netty.channel.DefaultChannelPool - Entry count for : http://localhost:16328 : 1
21:08:54.784 [AsyncHttpClient-1-1] DEBUG org.asynchttpclient.netty.channel.DefaultChannelPool - Entry count for : http://localhost:62105 : 1
21:08:55.884 [AsyncHttpClient-1-1] DEBUG org.asynchttpclient.netty.channel.DefaultChannelPool - Entry count for : http://localhost:16328 : 1
21:08:55.884 [AsyncHttpClient-1-1] DEBUG org.asynchttpclient.netty.channel.DefaultChannelPool - Entry count for : http://localhost:62105 : 1
21:08:56.984 [AsyncHttpClient-1-1] DEBUG org.asynchttpclient.netty.channel.DefaultChannelPool - Entry count for : http://localhost:16328 : 1
21:08:56.984 [AsyncHttpClient-1-1] DEBUG org.asynchttpclient.netty.channel.DefaultChannelPool - Entry count for : http://localhost:62105 : 1
21:08:58.084 [AsyncHttpClient-1-1] DEBUG org.asynchttpclient.netty.channel.DefaultChannelPool - Entry count for : http://localhost:16328 : 1
21:08:58.084 [AsyncHttpClient-1-1] DEBUG org.asynchttpclient.netty.channel.DefaultChannelPool - Entry count for : http://localhost:62105 : 1
21:08:59.183 [AsyncHttpClient-1-1] DEBUG org.asynchttpclient.netty.channel.DefaultChannelPool - Entry count for : http://localhost:16328 : 1
21:08:59.183 [AsyncHttpClient-1-1] DEBUG org.asynchttpclient.netty.channel.DefaultChannelPool - Entry count for : http://localhost:62105 : 1
21:09:00.283 [AsyncHttpClient-1-1] DEBUG org.asynchttpclient.netty.channel.DefaultChannelPool - Entry count for : http://localhost:16328 : 1
21:09:00.283 [AsyncHttpClient-1-1] DEBUG org.asynchttpclient.netty.channel.DefaultChannelPool - Entry count for : http://localhost:62105 : 1
21:09:01.384 [AsyncHttpClient-1-1] DEBUG org.asynchttpclient.netty.channel.DefaultChannelPool - Entry count for : http://localhost:16328 : 1
21:09:01.384 [AsyncHttpClient-1-1] DEBUG org.asynchttpclient.netty.channel.DefaultChannelPool - Entry count for : http://localhost:62105 : 1
21:09:02.483 [AsyncHttpClient-1-1] DEBUG org.asynchttpclient.netty.channel.DefaultChannelPool - Entry count for : http://localhost:16328 : 1
21:09:02.483 [AsyncHttpClient-1-1] DEBUG org.asynchttpclient.netty.channel.DefaultChannelPool - Entry count for : http://localhost:62105 : 1
21:09:03.583 [AsyncHttpClient-1-1] DEBUG org.asynchttpclient.netty.channel.DefaultChannelPool - Entry count for : http://localhost:16328 : 1
21:09:03.583 [AsyncHttpClient-1-1] DEBUG org.asynchttpclient.netty.channel.DefaultChannelPool - Entry count for : http://localhost:62105 : 1
21:09:04.683 [AsyncHttpClient-1-1] DEBUG org.asynchttpclient.netty.channel.DefaultChannelPool - Entry count for : http://localhost:16328 : 1
21:09:04.683 [AsyncHttpClient-1-1] DEBUG org.asynchttpclient.netty.channel.DefaultChannelPool - Entry count for : http://localhost:62105 : 1
21:09:05.783 [AsyncHttpClient-1-1] DEBUG org.asynchttpclient.netty.channel.DefaultChannelPool - Entry count for : http://localhost:16328 : 1
21:09:05.783 [AsyncHttpClient-1-1] DEBUG org.asynchttpclient.netty.channel.DefaultChannelPool - Entry count for : http://localhost:62105 : 1
21:09:06.883 [AsyncHttpClient-1-1] DEBUG org.asynchttpclient.netty.channel.DefaultChannelPool - Entry count for : http://localhost:16328 : 1
21:09:06.883 [AsyncHttpClient-1-1] DEBUG org.asynchttpclient.netty.channel.DefaultChannelPool - Entry count for : http://localhost:62105 : 1
21:09:07.984 [AsyncHttpClient-1-1] DEBUG org.asynchttpclient.netty.channel.DefaultChannelPool - Entry count for : http://localhost:16328 : 1
21:09:07.984 [AsyncHttpClient-1-1] DEBUG org.asynchttpclient.netty.channel.DefaultChannelPool - Entry count for : http://localhost:62105 : 1
21:09:09.084 [AsyncHttpClient-1-1] DEBUG org.asynchttpclient.netty.channel.DefaultChannelPool - Entry count for : http://localhost:16328 : 1
21:09:09.084 [AsyncHttpClient-1-1] DEBUG org.asynchttpclient.netty.channel.DefaultChannelPool - Entry count for : http://localhost:62105 : 1
21:09:10.184 [AsyncHttpClient-1-1] DEBUG org.asynchttpclient.netty.channel.DefaultChannelPool - Entry count for : http://localhost:16328 : 1
21:09:10.184 [AsyncHttpClient-1-1] DEBUG org.asynchttpclient.netty.channel.DefaultChannelPool - Entry count for : http://localhost:62105 : 1
21:09:11.283 [AsyncHttpClient-1-1] DEBUG org.asynchttpclient.netty.channel.DefaultChannelPool - Entry count for : http://localhost:16328 : 1
21:09:11.283 [AsyncHttpClient-1-1] DEBUG org.asynchttpclient.netty.channel.DefaultChannelPool - Entry count for : http://localhost:62105 : 1
21:09:12.383 [AsyncHttpClient-1-1] DEBUG org.asynchttpclient.netty.channel.DefaultChannelPool - Entry count for : http://localhost:16328 : 1
21:09:12.383 [AsyncHttpClient-1-1] DEBUG org.asynchttpclient.netty.channel.DefaultChannelPool - Entry count for : http://localhost:62105 : 1
21:09:13.483 [AsyncHttpClient-1-1] DEBUG org.asynchttpclient.netty.channel.DefaultChannelPool - Entry count for : http://localhost:16328 : 1
21:09:13.483 [AsyncHttpClient-1-1] DEBUG org.asynchttpclient.netty.channel.DefaultChannelPool - Entry count for : http://localhost:62105 : 1
21:09:14.584 [AsyncHttpClient-1-1] DEBUG org.asynchttpclient.netty.channel.DefaultChannelPool - Entry count for : http://localhost:16328 : 1
21:09:14.584 [AsyncHttpClient-1-1] DEBUG org.asynchttpclient.netty.channel.DefaultChannelPool - Entry count for : http://localhost:62105 : 1
21:09:15.684 [AsyncHttpClient-1-1] DEBUG org.asynchttpclient.netty.channel.DefaultChannelPool - Entry count for : http://localhost:16328 : 1
21:09:15.684 [AsyncHttpClient-1-1] DEBUG org.asynchttpclient.netty.channel.DefaultChannelPool - Entry count for : http://localhost:62105 : 1
21:09:16.784 [AsyncHttpClient-1-1] DEBUG org.asynchttpclient.netty.channel.DefaultChannelPool - Entry count for : http://localhost:16328 : 1
21:09:16.784 [AsyncHttpClient-1-1] DEBUG org.asynchttpclient.netty.channel.DefaultChannelPool - Entry count for : http://localhost:62105 : 1
21:09:17.884 [AsyncHttpClient-1-1] DEBUG org.asynchttpclient.netty.channel.DefaultChannelPool - Entry count for : http://localhost:16328 : 1
21:09:17.884 [AsyncHttpClient-1-1] DEBUG org.asynchttpclient.netty.channel.DefaultChannelPool - Entry count for : http://localhost:62105 : 1
21:09:18.984 [AsyncHttpClient-1-1] DEBUG org.asynchttpclient.netty.channel.DefaultChannelPool - Entry count for : http://localhost:16328 : 1
21:09:18.984 [AsyncHttpClient-1-1] DEBUG org.asynchttpclient.netty.channel.DefaultChannelPool - Entry count for : http://localhost:62105 : 1
21:09:20.084 [AsyncHttpClient-1-1] DEBUG org.asynchttpclient.netty.channel.DefaultChannelPool - Entry count for : http://localhost:16328 : 1
21:09:20.084 [AsyncHttpClient-1-1] DEBUG org.asynchttpclient.netty.channel.DefaultChannelPool - Entry count for : http://localhost:62105 : 1
21:09:21.183 [AsyncHttpClient-1-1] DEBUG org.asynchttpclient.netty.channel.DefaultChannelPool - Entry count for : http://localhost:16328 : 1
21:09:21.183 [AsyncHttpClient-1-1] DEBUG org.asynchttpclient.netty.channel.DefaultChannelPool - Entry count for : http://localhost:62105 : 1
21:09:22.284 [AsyncHttpClient-1-1] DEBUG org.asynchttpclient.netty.channel.DefaultChannelPool - Entry count for : http://localhost:16328 : 1
21:09:22.284 [AsyncHttpClient-1-1] DEBUG org.asynchttpclient.netty.channel.DefaultChannelPool - Entry count for : http://localhost:62105 : 1
21:09:23.383 [AsyncHttpClient-1-1] DEBUG org.asynchttpclient.netty.channel.DefaultChannelPool - Entry count for : http://localhost:16328 : 1
21:09:23.383 [AsyncHttpClient-1-1] DEBUG org.asynchttpclient.netty.channel.DefaultChannelPool - Entry count for : http://localhost:62105 : 1
21:09:23.383 [AsyncHttpClient-1-1] DEBUG org.asynchttpclient.netty.channel.DefaultChannelPool - Adding Candidate expired Channel [id: 0x07446b97, L:/127.0.0.1:57636 - R:localhost/127.0.0.1:62105] isIdleTimeoutExpired=true isRemotelyClosed=false isTtlExpired=false
21:09:23.383 [AsyncHttpClient-1-1] DEBUG org.asynchttpclient.netty.channel.DefaultChannelPool - Closing Idle Channel [id: 0x07446b97, L:/127.0.0.1:57636 - R:localhost/127.0.0.1:62105]
21:09:23.384 [AsyncHttpClient-1-1] DEBUG org.asynchttpclient.netty.channel.DefaultChannelPool - Closed 1 connections out of 2 in 1 ms
21:09:23.385 [AsyncHttpClient-1-3] DEBUG org.asynchttpclient.netty.handler.HttpHandler - Channel Closed: [id: 0x07446b97, L:/127.0.0.1:57636 ! R:localhost/127.0.0.1:62105] with attribute DISCARD
21:09:24.483 [AsyncHttpClient-1-1] DEBUG org.asynchttpclient.netty.channel.DefaultChannelPool - Entry count for : http://localhost:16328 : 1
21:09:25.582 [AsyncHttpClient-1-1] DEBUG org.asynchttpclient.netty.channel.DefaultChannelPool - Entry count for : http://localhost:16328 : 1
21:09:25.707 [Test worker] INFO org.subethamail.smtp.server.SMTPServer - SMTP server *:25 stopping
21:09:25.707 [Test worker] DEBUG org.subethamail.smtp.server.ServerThread - SMTP Server socket shut down
21:09:25.707 [org.subethamail.smtp.server.ServerThread *:25] INFO org.subethamail.smtp.server.ServerThread - SMTP server *:25 stopped
]]></system-out>
  <system-err><![CDATA[Starting ChromeDriver 93.0.4577.63 (ff5c0da2ec0adeaed5550e6c7e98417dac77d98a-refs/branch-heads/4577@{#1135}) on port 16328
Only local connections are allowed.
Please see https://chromedriver.chromium.org/security-considerations for suggestions on keeping ChromeDriver safe.
ChromeDriver was started successfully.
[1633284503.219][WARNING]: This version of ChromeDriver has not been tested with Chrome version 94.
окт 03, 2021 9:08:23 PM org.openqa.selenium.remote.ProtocolHandshake createSession
INFO: Detected dialect: W3C
окт 03, 2021 9:08:23 PM org.openqa.selenium.devtools.CdpVersionFinder findNearestMatch
WARNING: Unable to find an exact match for CDP version 94, so returning the closest version found: 91
окт 03, 2021 9:08:23 PM org.openqa.selenium.devtools.CdpVersionFinder findNearestMatch
INFO: Found CDP implementation for version 94 of 91
]]></system-err>
</testsuite>
