<?xml version="1.0" encoding="UTF-8"?>
<testsuite name="ru.my.pack.mantis.tests.RegistrationTest" tests="1" skipped="0" failures="0" errors="0" timestamp="2021-09-25T12:20:38" hostname="PENTOGON" time="4.135">
  <properties/>
  <testcase name="testRegistration" classname="ru.my.pack.mantis.tests.RegistrationTest" time="4.135"/>
  <system-out><![CDATA[15:20:38.388 [Test worker] DEBUG org.subethamail.smtp.server.CommandHandler - Added command: AUTH
15:20:38.391 [Test worker] DEBUG org.subethamail.smtp.server.CommandHandler - Added command: DATA
15:20:38.391 [Test worker] DEBUG org.subethamail.smtp.server.CommandHandler - Added command: EHLO
15:20:38.391 [Test worker] DEBUG org.subethamail.smtp.server.CommandHandler - Added command: HELO
15:20:38.391 [Test worker] DEBUG org.subethamail.smtp.server.CommandHandler - Added command: HELP
15:20:38.391 [Test worker] DEBUG org.subethamail.smtp.server.CommandHandler - Added command: MAIL
15:20:38.392 [Test worker] DEBUG org.subethamail.smtp.server.CommandHandler - Added command: NOOP
15:20:38.392 [Test worker] DEBUG org.subethamail.smtp.server.CommandHandler - Added command: QUIT
15:20:38.392 [Test worker] DEBUG org.subethamail.smtp.server.CommandHandler - Added command: RCPT
15:20:38.392 [Test worker] DEBUG org.subethamail.smtp.server.CommandHandler - Added command: RSET
15:20:38.392 [Test worker] DEBUG org.subethamail.smtp.server.CommandHandler - Added command: STARTTLS
15:20:38.392 [Test worker] DEBUG org.subethamail.smtp.server.CommandHandler - Added command: VRFY
15:20:38.392 [Test worker] INFO org.subethamail.smtp.server.SMTPServer - SMTP server *:25 starting
15:20:38.394 [org.subethamail.smtp.server.ServerThread *:25] INFO org.subethamail.smtp.server.ServerThread - SMTP server *:25 started
15:20:38.447 [Test worker] DEBUG io.netty.util.internal.logging.InternalLoggerFactory - Using SLF4J as the default logging framework
15:20:38.450 [Test worker] DEBUG io.netty.util.ResourceLeakDetector - -Dio.netty.leakDetection.level: simple
15:20:38.450 [Test worker] DEBUG io.netty.util.ResourceLeakDetector - -Dio.netty.leakDetection.targetRecords: 4
15:20:38.453 [Test worker] DEBUG io.netty.util.ResourceLeakDetectorFactory - Loaded default ResourceLeakDetector: io.netty.util.ResourceLeakDetector@28356484
15:20:38.466 [Test worker] DEBUG io.netty.util.internal.PlatformDependent - Platform: Windows
15:20:38.468 [Test worker] DEBUG io.netty.util.internal.PlatformDependent0 - -Dio.netty.noUnsafe: false
15:20:38.468 [Test worker] DEBUG io.netty.util.internal.PlatformDependent0 - Java version: 8
15:20:38.469 [Test worker] DEBUG io.netty.util.internal.PlatformDependent0 - sun.misc.Unsafe.theUnsafe: available
15:20:38.470 [Test worker] DEBUG io.netty.util.internal.PlatformDependent0 - sun.misc.Unsafe.copyMemory: available
15:20:38.470 [Test worker] DEBUG io.netty.util.internal.PlatformDependent0 - java.nio.Buffer.address: available
15:20:38.471 [Test worker] DEBUG io.netty.util.internal.PlatformDependent0 - direct buffer constructor: available
15:20:38.471 [Test worker] DEBUG io.netty.util.internal.PlatformDependent0 - java.nio.Bits.unaligned: available, true
15:20:38.472 [Test worker] DEBUG io.netty.util.internal.PlatformDependent0 - jdk.internal.misc.Unsafe.allocateUninitializedArray(int): unavailable prior to Java9
15:20:38.472 [Test worker] DEBUG io.netty.util.internal.PlatformDependent0 - java.nio.DirectByteBuffer.<init>(long, int): available
15:20:38.472 [Test worker] DEBUG io.netty.util.internal.PlatformDependent - sun.misc.Unsafe: available
15:20:38.472 [Test worker] DEBUG io.netty.util.internal.PlatformDependent - -Dio.netty.tmpdir: C:\Users\B7E3~1\AppData\Local\Temp (java.io.tmpdir)
15:20:38.472 [Test worker] DEBUG io.netty.util.internal.PlatformDependent - -Dio.netty.bitMode: 64 (sun.arch.data.model)
15:20:38.473 [Test worker] DEBUG io.netty.util.internal.PlatformDependent - -Dio.netty.maxDirectMemory: 477626368 bytes
15:20:38.473 [Test worker] DEBUG io.netty.util.internal.PlatformDependent - -Dio.netty.uninitializedArrayAllocationThreshold: -1
15:20:38.475 [Test worker] DEBUG io.netty.util.internal.CleanerJava6 - java.nio.ByteBuffer.cleaner(): available
15:20:38.475 [Test worker] DEBUG io.netty.util.internal.PlatformDependent - -Dio.netty.noPreferDirect: false
15:20:38.483 [Test worker] DEBUG io.netty.util.internal.PlatformDependent - org.jctools-core.MpscChunkedArrayQueue: available
15:20:38.505 [Test worker] DEBUG io.netty.util.internal.InternalThreadLocalMap - -Dio.netty.threadLocalMap.stringBuilder.initialSize: 1024
15:20:38.505 [Test worker] DEBUG io.netty.util.internal.InternalThreadLocalMap - -Dio.netty.threadLocalMap.stringBuilder.maxSize: 4096
15:20:38.681 [Test worker] DEBUG io.netty.handler.ssl.JdkSslContext - Default protocols (JDK): [TLSv1.2, TLSv1.1, TLSv1] 
15:20:38.681 [Test worker] DEBUG io.netty.handler.ssl.JdkSslContext - Default cipher suites (JDK): [TLS_ECDHE_ECDSA_WITH_AES_256_GCM_SHA384, TLS_ECDHE_ECDSA_WITH_AES_128_GCM_SHA256, TLS_ECDHE_RSA_WITH_AES_128_GCM_SHA256, TLS_ECDHE_RSA_WITH_AES_256_GCM_SHA384, TLS_ECDHE_RSA_WITH_AES_128_CBC_SHA, TLS_ECDHE_RSA_WITH_AES_256_CBC_SHA, TLS_RSA_WITH_AES_128_GCM_SHA256, TLS_RSA_WITH_AES_128_CBC_SHA, TLS_RSA_WITH_AES_256_CBC_SHA]
15:20:38.703 [Test worker] DEBUG io.netty.channel.MultithreadEventLoopGroup - -Dio.netty.eventLoopThreads: 24
15:20:38.713 [Test worker] DEBUG io.netty.channel.nio.NioEventLoop - -Dio.netty.noKeySetOptimization: false
15:20:38.713 [Test worker] DEBUG io.netty.channel.nio.NioEventLoop - -Dio.netty.selectorAutoRebuildThreshold: 512
15:20:38.741 [Test worker] DEBUG io.netty.buffer.PooledByteBufAllocator - -Dio.netty.allocator.numHeapArenas: 4
15:20:38.742 [Test worker] DEBUG io.netty.buffer.PooledByteBufAllocator - -Dio.netty.allocator.numDirectArenas: 4
15:20:38.742 [Test worker] DEBUG io.netty.buffer.PooledByteBufAllocator - -Dio.netty.allocator.pageSize: 8192
15:20:38.742 [Test worker] DEBUG io.netty.buffer.PooledByteBufAllocator - -Dio.netty.allocator.maxOrder: 11
15:20:38.742 [Test worker] DEBUG io.netty.buffer.PooledByteBufAllocator - -Dio.netty.allocator.chunkSize: 16777216
15:20:38.742 [Test worker] DEBUG io.netty.buffer.PooledByteBufAllocator - -Dio.netty.allocator.smallCacheSize: 256
15:20:38.742 [Test worker] DEBUG io.netty.buffer.PooledByteBufAllocator - -Dio.netty.allocator.normalCacheSize: 64
15:20:38.742 [Test worker] DEBUG io.netty.buffer.PooledByteBufAllocator - -Dio.netty.allocator.maxCachedBufferCapacity: 32768
15:20:38.742 [Test worker] DEBUG io.netty.buffer.PooledByteBufAllocator - -Dio.netty.allocator.cacheTrimInterval: 8192
15:20:38.742 [Test worker] DEBUG io.netty.buffer.PooledByteBufAllocator - -Dio.netty.allocator.cacheTrimIntervalMillis: 0
15:20:38.742 [Test worker] DEBUG io.netty.buffer.PooledByteBufAllocator - -Dio.netty.allocator.useCacheForAllThreads: true
15:20:38.742 [Test worker] DEBUG io.netty.buffer.PooledByteBufAllocator - -Dio.netty.allocator.maxCachedByteBuffersPerChunk: 1023
15:20:38.753 [Test worker] DEBUG io.netty.buffer.ByteBufUtil - -Dio.netty.allocator.type: pooled
15:20:38.754 [Test worker] DEBUG io.netty.buffer.ByteBufUtil - -Dio.netty.threadLocalDirectBufferSize: 0
15:20:38.754 [Test worker] DEBUG io.netty.buffer.ByteBufUtil - -Dio.netty.maxThreadLocalCharBufferSize: 16384
15:20:39.546 [Forwarding newSession on session null to remote] DEBUG io.netty.channel.DefaultChannelId - -Dio.netty.processId: 9048 (auto-detected)
15:20:39.548 [Forwarding newSession on session null to remote] DEBUG io.netty.util.NetUtil - -Djava.net.preferIPv4Stack: false
15:20:39.548 [Forwarding newSession on session null to remote] DEBUG io.netty.util.NetUtil - -Djava.net.preferIPv6Addresses: false
15:20:39.592 [Forwarding newSession on session null to remote] DEBUG io.netty.util.NetUtilInitializations - Loopback interface: lo (Software Loopback Interface 1, 127.0.0.1)
15:20:39.592 [Forwarding newSession on session null to remote] DEBUG io.netty.util.NetUtil - Failed to get SOMAXCONN from sysctl and file \proc\sys\net\core\somaxconn. Default: 200
15:20:39.638 [Forwarding newSession on session null to remote] DEBUG io.netty.channel.DefaultChannelId - -Dio.netty.machineId: 70:85:c2:ff:fe:a8:65:cc (auto-detected)
15:20:39.675 [AsyncHttpClient-1-2] DEBUG io.netty.buffer.AbstractByteBuf - -Dio.netty.buffer.checkAccessible: true
15:20:39.675 [AsyncHttpClient-1-2] DEBUG io.netty.buffer.AbstractByteBuf - -Dio.netty.buffer.checkBounds: true
15:20:39.675 [AsyncHttpClient-1-2] DEBUG io.netty.util.ResourceLeakDetectorFactory - Loaded default ResourceLeakDetector: io.netty.util.ResourceLeakDetector@515f9237
15:20:39.683 [AsyncHttpClient-1-2] DEBUG org.asynchttpclient.netty.channel.NettyConnectListener - Using new Channel '[id: 0x2a321925, L:/127.0.0.1:59620 - R:localhost/127.0.0.1:33535]' for 'POST' to '/session'
15:20:39.698 [AsyncHttpClient-1-2] DEBUG io.netty.util.Recycler - -Dio.netty.recycler.maxCapacityPerThread: 4096
15:20:39.698 [AsyncHttpClient-1-2] DEBUG io.netty.util.Recycler - -Dio.netty.recycler.maxSharedCapacityFactor: 2
15:20:39.698 [AsyncHttpClient-1-2] DEBUG io.netty.util.Recycler - -Dio.netty.recycler.linkCapacity: 16
15:20:39.698 [AsyncHttpClient-1-2] DEBUG io.netty.util.Recycler - -Dio.netty.recycler.ratio: 8
15:20:39.698 [AsyncHttpClient-1-2] DEBUG io.netty.util.Recycler - -Dio.netty.recycler.delayedQueue.ratio: 8
15:20:40.251 [AsyncHttpClient-1-2] DEBUG org.asynchttpclient.netty.handler.HttpHandler - 

Request DefaultHttpRequest(decodeResult: success, version: HTTP/1.1)
POST /session HTTP/1.1
User-Agent: selenium/4.0.0-beta-4 (java windows)
Content-Length: 365
Content-Type: application/json; charset=utf-8
host: localhost:33535
accept: */*

Response DefaultHttpResponse(decodeResult: success, version: HTTP/1.1)
HTTP/1.1 200 OK
Content-Type: application/json; charset=utf-8
cache-control: no-cache
content-length: 789

15:20:40.257 [AsyncHttpClient-1-2] DEBUG org.asynchttpclient.netty.channel.ChannelManager - Adding key: http://localhost:33535 for channel [id: 0x2a321925, L:/127.0.0.1:59620 - R:localhost/127.0.0.1:33535]
15:20:40.308 [AsyncHttpClient-1-3] DEBUG org.asynchttpclient.netty.channel.NettyConnectListener - Using new Channel '[id: 0x56623dfd, L:/127.0.0.1:56512 - R:localhost/127.0.0.1:59621]' for 'GET' to '/json/version'
15:20:40.310 [AsyncHttpClient-1-3] DEBUG org.asynchttpclient.netty.handler.HttpHandler - 

Request DefaultFullHttpRequest(decodeResult: success, version: HTTP/1.1, content: EmptyByteBufBE)
GET /json/version HTTP/1.1
User-Agent: selenium/4.0.0-beta-4 (java windows)
host: localhost:59621
accept: */*

Response DefaultHttpResponse(decodeResult: success, version: HTTP/1.1)
HTTP/1.1 200 OK
Content-Type: application/json; charset=UTF-8
content-length: 424

15:20:40.311 [AsyncHttpClient-1-3] DEBUG org.asynchttpclient.netty.channel.ChannelManager - Adding key: http://localhost:59621 for channel [id: 0x56623dfd, L:/127.0.0.1:56512 - R:localhost/127.0.0.1:59621]
15:20:40.317 [Test worker] DEBUG io.netty.util.internal.ThreadLocalRandom - -Dio.netty.initialSeedUniquifier: 0x33164fe971f4f490
15:20:40.317 [AsyncHttpClient-1-4] DEBUG org.asynchttpclient.netty.channel.NettyConnectListener - Using new Channel '[id: 0x3d30ee03, L:/127.0.0.1:56513 - R:localhost/127.0.0.1:59621]' for 'GET' to '/devtools/browser/ca227fc3-8b66-4625-944b-d46d6b04ddce'
15:20:40.320 [AsyncHttpClient-1-4] DEBUG org.asynchttpclient.netty.handler.WebSocketHandler - 

Request DefaultFullHttpRequest(decodeResult: success, version: HTTP/1.1, content: EmptyByteBufBE)
GET /devtools/browser/ca227fc3-8b66-4625-944b-d46d6b04ddce HTTP/1.1
upgrade: websocket
connection: upgrade
sec-websocket-key: hxZCNdqfdXjEp/jKSQgqzA==
sec-websocket-version: 13
origin: http://localhost:59621
host: localhost:59621
accept: */*
user-agent: AHC/2.1

Response DefaultHttpResponse(decodeResult: success, version: HTTP/1.1)
HTTP/1.1 101 WebSocket Protocol Handshake
Upgrade: WebSocket
Connection: Upgrade
Sec-WebSocket-Accept: 08XCwXBcaeuHxyLZ+l1GQV8ehyU=

15:20:40.361 [Forwarding setTimeout on session c13eea6facf602d9762c6083412476eb to remote] DEBUG org.asynchttpclient.netty.request.NettyRequestSender - Using pooled Channel '[id: 0x2a321925, L:/127.0.0.1:59620 - R:localhost/127.0.0.1:33535]' for 'POST' to 'http://localhost:33535/session/c13eea6facf602d9762c6083412476eb/timeouts'
15:20:40.362 [Forwarding setTimeout on session c13eea6facf602d9762c6083412476eb to remote] DEBUG org.asynchttpclient.netty.request.NettyRequestSender - Using open Channel [id: 0x2a321925, L:/127.0.0.1:59620 - R:localhost/127.0.0.1:33535] for POST '/session/c13eea6facf602d9762c6083412476eb/timeouts'
15:20:40.365 [AsyncHttpClient-1-2] DEBUG org.asynchttpclient.netty.handler.HttpHandler - 

Request DefaultHttpRequest(decodeResult: success, version: HTTP/1.1)
POST /session/c13eea6facf602d9762c6083412476eb/timeouts HTTP/1.1
User-Agent: selenium/4.0.0-beta-4 (java windows)
Content-Length: 19
Content-Type: application/json; charset=utf-8
host: localhost:33535
accept: */*

Response DefaultHttpResponse(decodeResult: success, version: HTTP/1.1)
HTTP/1.1 200 OK
Content-Type: application/json; charset=utf-8
cache-control: no-cache
content-length: 14

15:20:40.366 [AsyncHttpClient-1-2] DEBUG org.asynchttpclient.netty.channel.ChannelManager - Adding key: http://localhost:33535 for channel [id: 0x2a321925, L:/127.0.0.1:59620 - R:localhost/127.0.0.1:33535]
15:20:40.367 [Forwarding get on session c13eea6facf602d9762c6083412476eb to remote] DEBUG org.asynchttpclient.netty.request.NettyRequestSender - Using pooled Channel '[id: 0x2a321925, L:/127.0.0.1:59620 - R:localhost/127.0.0.1:33535]' for 'POST' to 'http://localhost:33535/session/c13eea6facf602d9762c6083412476eb/url'
15:20:40.367 [Forwarding get on session c13eea6facf602d9762c6083412476eb to remote] DEBUG org.asynchttpclient.netty.request.NettyRequestSender - Using open Channel [id: 0x2a321925, L:/127.0.0.1:59620 - R:localhost/127.0.0.1:33535] for POST '/session/c13eea6facf602d9762c6083412476eb/url'
15:20:40.730 [AsyncHttpClient-1-2] DEBUG org.asynchttpclient.netty.handler.HttpHandler - 

Request DefaultHttpRequest(decodeResult: success, version: HTTP/1.1)
POST /session/c13eea6facf602d9762c6083412476eb/url HTTP/1.1
User-Agent: selenium/4.0.0-beta-4 (java windows)
Content-Length: 62
Content-Type: application/json; charset=utf-8
host: localhost:33535
accept: */*

Response DefaultHttpResponse(decodeResult: success, version: HTTP/1.1)
HTTP/1.1 200 OK
Content-Type: application/json; charset=utf-8
cache-control: no-cache
content-length: 14

15:20:40.730 [AsyncHttpClient-1-2] DEBUG org.asynchttpclient.netty.channel.ChannelManager - Adding key: http://localhost:33535 for channel [id: 0x2a321925, L:/127.0.0.1:59620 - R:localhost/127.0.0.1:33535]
15:20:40.732 [Forwarding get on session c13eea6facf602d9762c6083412476eb to remote] DEBUG org.asynchttpclient.netty.request.NettyRequestSender - Using pooled Channel '[id: 0x2a321925, L:/127.0.0.1:59620 - R:localhost/127.0.0.1:33535]' for 'POST' to 'http://localhost:33535/session/c13eea6facf602d9762c6083412476eb/url'
15:20:40.732 [Forwarding get on session c13eea6facf602d9762c6083412476eb to remote] DEBUG org.asynchttpclient.netty.request.NettyRequestSender - Using open Channel [id: 0x2a321925, L:/127.0.0.1:59620 - R:localhost/127.0.0.1:33535] for POST '/session/c13eea6facf602d9762c6083412476eb/url'
15:20:40.790 [AsyncHttpClient-1-1] DEBUG org.asynchttpclient.netty.channel.DefaultChannelPool - Entry count for : http://localhost:59621 : 1
15:20:40.934 [AsyncHttpClient-1-2] DEBUG org.asynchttpclient.netty.handler.HttpHandler - 

Request DefaultHttpRequest(decodeResult: success, version: HTTP/1.1)
POST /session/c13eea6facf602d9762c6083412476eb/url HTTP/1.1
User-Agent: selenium/4.0.0-beta-4 (java windows)
Content-Length: 83
Content-Type: application/json; charset=utf-8
host: localhost:33535
accept: */*

Response DefaultHttpResponse(decodeResult: success, version: HTTP/1.1)
HTTP/1.1 200 OK
Content-Type: application/json; charset=utf-8
cache-control: no-cache
content-length: 14

15:20:40.934 [AsyncHttpClient-1-2] DEBUG org.asynchttpclient.netty.channel.ChannelManager - Adding key: http://localhost:33535 for channel [id: 0x2a321925, L:/127.0.0.1:59620 - R:localhost/127.0.0.1:33535]
15:20:40.936 [Forwarding findElement on session c13eea6facf602d9762c6083412476eb to remote] DEBUG org.asynchttpclient.netty.request.NettyRequestSender - Using pooled Channel '[id: 0x2a321925, L:/127.0.0.1:59620 - R:localhost/127.0.0.1:33535]' for 'POST' to 'http://localhost:33535/session/c13eea6facf602d9762c6083412476eb/element'
15:20:40.936 [Forwarding findElement on session c13eea6facf602d9762c6083412476eb to remote] DEBUG org.asynchttpclient.netty.request.NettyRequestSender - Using open Channel [id: 0x2a321925, L:/127.0.0.1:59620 - R:localhost/127.0.0.1:33535] for POST '/session/c13eea6facf602d9762c6083412476eb/element'
15:20:40.945 [AsyncHttpClient-1-2] DEBUG org.asynchttpclient.netty.handler.HttpHandler - 

Request DefaultHttpRequest(decodeResult: success, version: HTTP/1.1)
POST /session/c13eea6facf602d9762c6083412476eb/element HTTP/1.1
User-Agent: selenium/4.0.0-beta-4 (java windows)
Content-Length: 62
Content-Type: application/json; charset=utf-8
host: localhost:33535
accept: */*

Response DefaultHttpResponse(decodeResult: success, version: HTTP/1.1)
HTTP/1.1 200 OK
Content-Type: application/json; charset=utf-8
cache-control: no-cache
content-length: 88

15:20:40.945 [AsyncHttpClient-1-2] DEBUG org.asynchttpclient.netty.channel.ChannelManager - Adding key: http://localhost:33535 for channel [id: 0x2a321925, L:/127.0.0.1:59620 - R:localhost/127.0.0.1:33535]
15:20:40.948 [Forwarding clickElement on session c13eea6facf602d9762c6083412476eb to remote] DEBUG org.asynchttpclient.netty.request.NettyRequestSender - Using pooled Channel '[id: 0x2a321925, L:/127.0.0.1:59620 - R:localhost/127.0.0.1:33535]' for 'POST' to 'http://localhost:33535/session/c13eea6facf602d9762c6083412476eb/element/28d52631-e64a-4610-9d28-333a68e45b13/click'
15:20:40.949 [Forwarding clickElement on session c13eea6facf602d9762c6083412476eb to remote] DEBUG org.asynchttpclient.netty.request.NettyRequestSender - Using open Channel [id: 0x2a321925, L:/127.0.0.1:59620 - R:localhost/127.0.0.1:33535] for POST '/session/c13eea6facf602d9762c6083412476eb/element/28d52631-e64a-4610-9d28-333a68e45b13/click'
15:20:40.978 [AsyncHttpClient-1-2] DEBUG org.asynchttpclient.netty.handler.HttpHandler - 

Request DefaultHttpRequest(decodeResult: success, version: HTTP/1.1)
POST /session/c13eea6facf602d9762c6083412476eb/element/28d52631-e64a-4610-9d28-333a68e45b13/click HTTP/1.1
User-Agent: selenium/4.0.0-beta-4 (java windows)
Content-Length: 50
Content-Type: application/json; charset=utf-8
host: localhost:33535
accept: */*

Response DefaultHttpResponse(decodeResult: success, version: HTTP/1.1)
HTTP/1.1 200 OK
Content-Type: application/json; charset=utf-8
cache-control: no-cache
content-length: 14

15:20:40.979 [AsyncHttpClient-1-2] DEBUG org.asynchttpclient.netty.channel.ChannelManager - Adding key: http://localhost:33535 for channel [id: 0x2a321925, L:/127.0.0.1:59620 - R:localhost/127.0.0.1:33535]
15:20:40.980 [Forwarding findElement on session c13eea6facf602d9762c6083412476eb to remote] DEBUG org.asynchttpclient.netty.request.NettyRequestSender - Using pooled Channel '[id: 0x2a321925, L:/127.0.0.1:59620 - R:localhost/127.0.0.1:33535]' for 'POST' to 'http://localhost:33535/session/c13eea6facf602d9762c6083412476eb/element'
15:20:40.980 [Forwarding findElement on session c13eea6facf602d9762c6083412476eb to remote] DEBUG org.asynchttpclient.netty.request.NettyRequestSender - Using open Channel [id: 0x2a321925, L:/127.0.0.1:59620 - R:localhost/127.0.0.1:33535] for POST '/session/c13eea6facf602d9762c6083412476eb/element'
15:20:40.985 [AsyncHttpClient-1-2] DEBUG org.asynchttpclient.netty.handler.HttpHandler - 

Request DefaultHttpRequest(decodeResult: success, version: HTTP/1.1)
POST /session/c13eea6facf602d9762c6083412476eb/element HTTP/1.1
User-Agent: selenium/4.0.0-beta-4 (java windows)
Content-Length: 62
Content-Type: application/json; charset=utf-8
host: localhost:33535
accept: */*

Response DefaultHttpResponse(decodeResult: success, version: HTTP/1.1)
HTTP/1.1 200 OK
Content-Type: application/json; charset=utf-8
cache-control: no-cache
content-length: 88

15:20:40.985 [AsyncHttpClient-1-2] DEBUG org.asynchttpclient.netty.channel.ChannelManager - Adding key: http://localhost:33535 for channel [id: 0x2a321925, L:/127.0.0.1:59620 - R:localhost/127.0.0.1:33535]
15:20:40.996 [Forwarding getElementAttribute on session c13eea6facf602d9762c6083412476eb to remote] DEBUG org.asynchttpclient.netty.request.NettyRequestSender - Using pooled Channel '[id: 0x2a321925, L:/127.0.0.1:59620 - R:localhost/127.0.0.1:33535]' for 'POST' to 'http://localhost:33535/session/c13eea6facf602d9762c6083412476eb/execute/sync'
15:20:40.996 [Forwarding getElementAttribute on session c13eea6facf602d9762c6083412476eb to remote] DEBUG org.asynchttpclient.netty.request.NettyRequestSender - Using open Channel [id: 0x2a321925, L:/127.0.0.1:59620 - R:localhost/127.0.0.1:33535] for POST '/session/c13eea6facf602d9762c6083412476eb/execute/sync'
15:20:41.006 [AsyncHttpClient-1-2] DEBUG org.asynchttpclient.netty.handler.HttpHandler - 

Request DefaultHttpRequest(decodeResult: success, version: HTTP/1.1)
POST /session/c13eea6facf602d9762c6083412476eb/execute/sync HTTP/1.1
User-Agent: selenium/4.0.0-beta-4 (java windows)
Content-Length: 47304
Content-Type: application/json; charset=utf-8
host: localhost:33535
accept: */*

Response DefaultHttpResponse(decodeResult: success, version: HTTP/1.1)
HTTP/1.1 200 OK
Content-Type: application/json; charset=utf-8
cache-control: no-cache
content-length: 12

15:20:41.007 [AsyncHttpClient-1-2] DEBUG org.asynchttpclient.netty.channel.ChannelManager - Adding key: http://localhost:33535 for channel [id: 0x2a321925, L:/127.0.0.1:59620 - R:localhost/127.0.0.1:33535]
15:20:41.008 [Forwarding findElement on session c13eea6facf602d9762c6083412476eb to remote] DEBUG org.asynchttpclient.netty.request.NettyRequestSender - Using pooled Channel '[id: 0x2a321925, L:/127.0.0.1:59620 - R:localhost/127.0.0.1:33535]' for 'POST' to 'http://localhost:33535/session/c13eea6facf602d9762c6083412476eb/element'
15:20:41.008 [Forwarding findElement on session c13eea6facf602d9762c6083412476eb to remote] DEBUG org.asynchttpclient.netty.request.NettyRequestSender - Using open Channel [id: 0x2a321925, L:/127.0.0.1:59620 - R:localhost/127.0.0.1:33535] for POST '/session/c13eea6facf602d9762c6083412476eb/element'
15:20:41.013 [AsyncHttpClient-1-2] DEBUG org.asynchttpclient.netty.handler.HttpHandler - 

Request DefaultHttpRequest(decodeResult: success, version: HTTP/1.1)
POST /session/c13eea6facf602d9762c6083412476eb/element HTTP/1.1
User-Agent: selenium/4.0.0-beta-4 (java windows)
Content-Length: 62
Content-Type: application/json; charset=utf-8
host: localhost:33535
accept: */*

Response DefaultHttpResponse(decodeResult: success, version: HTTP/1.1)
HTTP/1.1 200 OK
Content-Type: application/json; charset=utf-8
cache-control: no-cache
content-length: 88

15:20:41.013 [AsyncHttpClient-1-2] DEBUG org.asynchttpclient.netty.channel.ChannelManager - Adding key: http://localhost:33535 for channel [id: 0x2a321925, L:/127.0.0.1:59620 - R:localhost/127.0.0.1:33535]
15:20:41.014 [Forwarding clearElement on session c13eea6facf602d9762c6083412476eb to remote] DEBUG org.asynchttpclient.netty.request.NettyRequestSender - Using pooled Channel '[id: 0x2a321925, L:/127.0.0.1:59620 - R:localhost/127.0.0.1:33535]' for 'POST' to 'http://localhost:33535/session/c13eea6facf602d9762c6083412476eb/element/28d52631-e64a-4610-9d28-333a68e45b13/clear'
15:20:41.014 [Forwarding clearElement on session c13eea6facf602d9762c6083412476eb to remote] DEBUG org.asynchttpclient.netty.request.NettyRequestSender - Using open Channel [id: 0x2a321925, L:/127.0.0.1:59620 - R:localhost/127.0.0.1:33535] for POST '/session/c13eea6facf602d9762c6083412476eb/element/28d52631-e64a-4610-9d28-333a68e45b13/clear'
15:20:41.031 [AsyncHttpClient-1-2] DEBUG org.asynchttpclient.netty.handler.HttpHandler - 

Request DefaultHttpRequest(decodeResult: success, version: HTTP/1.1)
POST /session/c13eea6facf602d9762c6083412476eb/element/28d52631-e64a-4610-9d28-333a68e45b13/clear HTTP/1.1
User-Agent: selenium/4.0.0-beta-4 (java windows)
Content-Length: 50
Content-Type: application/json; charset=utf-8
host: localhost:33535
accept: */*

Response DefaultHttpResponse(decodeResult: success, version: HTTP/1.1)
HTTP/1.1 200 OK
Content-Type: application/json; charset=utf-8
cache-control: no-cache
content-length: 14

15:20:41.031 [AsyncHttpClient-1-2] DEBUG org.asynchttpclient.netty.channel.ChannelManager - Adding key: http://localhost:33535 for channel [id: 0x2a321925, L:/127.0.0.1:59620 - R:localhost/127.0.0.1:33535]
15:20:41.032 [Forwarding findElement on session c13eea6facf602d9762c6083412476eb to remote] DEBUG org.asynchttpclient.netty.request.NettyRequestSender - Using pooled Channel '[id: 0x2a321925, L:/127.0.0.1:59620 - R:localhost/127.0.0.1:33535]' for 'POST' to 'http://localhost:33535/session/c13eea6facf602d9762c6083412476eb/element'
15:20:41.032 [Forwarding findElement on session c13eea6facf602d9762c6083412476eb to remote] DEBUG org.asynchttpclient.netty.request.NettyRequestSender - Using open Channel [id: 0x2a321925, L:/127.0.0.1:59620 - R:localhost/127.0.0.1:33535] for POST '/session/c13eea6facf602d9762c6083412476eb/element'
15:20:41.038 [AsyncHttpClient-1-2] DEBUG org.asynchttpclient.netty.handler.HttpHandler - 

Request DefaultHttpRequest(decodeResult: success, version: HTTP/1.1)
POST /session/c13eea6facf602d9762c6083412476eb/element HTTP/1.1
User-Agent: selenium/4.0.0-beta-4 (java windows)
Content-Length: 62
Content-Type: application/json; charset=utf-8
host: localhost:33535
accept: */*

Response DefaultHttpResponse(decodeResult: success, version: HTTP/1.1)
HTTP/1.1 200 OK
Content-Type: application/json; charset=utf-8
cache-control: no-cache
content-length: 88

15:20:41.038 [AsyncHttpClient-1-2] DEBUG org.asynchttpclient.netty.channel.ChannelManager - Adding key: http://localhost:33535 for channel [id: 0x2a321925, L:/127.0.0.1:59620 - R:localhost/127.0.0.1:33535]
15:20:41.042 [Forwarding sendKeysToElement on session c13eea6facf602d9762c6083412476eb to remote] DEBUG org.asynchttpclient.netty.request.NettyRequestSender - Using pooled Channel '[id: 0x2a321925, L:/127.0.0.1:59620 - R:localhost/127.0.0.1:33535]' for 'POST' to 'http://localhost:33535/session/c13eea6facf602d9762c6083412476eb/element/28d52631-e64a-4610-9d28-333a68e45b13/value'
15:20:41.043 [Forwarding sendKeysToElement on session c13eea6facf602d9762c6083412476eb to remote] DEBUG org.asynchttpclient.netty.request.NettyRequestSender - Using open Channel [id: 0x2a321925, L:/127.0.0.1:59620 - R:localhost/127.0.0.1:33535] for POST '/session/c13eea6facf602d9762c6083412476eb/element/28d52631-e64a-4610-9d28-333a68e45b13/value'
15:20:41.065 [AsyncHttpClient-1-2] DEBUG org.asynchttpclient.netty.handler.HttpHandler - 

Request DefaultHttpRequest(decodeResult: success, version: HTTP/1.1)
POST /session/c13eea6facf602d9762c6083412476eb/element/28d52631-e64a-4610-9d28-333a68e45b13/value HTTP/1.1
User-Agent: selenium/4.0.0-beta-4 (java windows)
Content-Length: 251
Content-Type: application/json; charset=utf-8
host: localhost:33535
accept: */*

Response DefaultHttpResponse(decodeResult: success, version: HTTP/1.1)
HTTP/1.1 200 OK
Content-Type: application/json; charset=utf-8
cache-control: no-cache
content-length: 14

15:20:41.066 [AsyncHttpClient-1-2] DEBUG org.asynchttpclient.netty.channel.ChannelManager - Adding key: http://localhost:33535 for channel [id: 0x2a321925, L:/127.0.0.1:59620 - R:localhost/127.0.0.1:33535]
15:20:41.067 [Forwarding findElement on session c13eea6facf602d9762c6083412476eb to remote] DEBUG org.asynchttpclient.netty.request.NettyRequestSender - Using pooled Channel '[id: 0x2a321925, L:/127.0.0.1:59620 - R:localhost/127.0.0.1:33535]' for 'POST' to 'http://localhost:33535/session/c13eea6facf602d9762c6083412476eb/element'
15:20:41.067 [Forwarding findElement on session c13eea6facf602d9762c6083412476eb to remote] DEBUG org.asynchttpclient.netty.request.NettyRequestSender - Using open Channel [id: 0x2a321925, L:/127.0.0.1:59620 - R:localhost/127.0.0.1:33535] for POST '/session/c13eea6facf602d9762c6083412476eb/element'
15:20:41.075 [AsyncHttpClient-1-2] DEBUG org.asynchttpclient.netty.handler.HttpHandler - 

Request DefaultHttpRequest(decodeResult: success, version: HTTP/1.1)
POST /session/c13eea6facf602d9762c6083412476eb/element HTTP/1.1
User-Agent: selenium/4.0.0-beta-4 (java windows)
Content-Length: 59
Content-Type: application/json; charset=utf-8
host: localhost:33535
accept: */*

Response DefaultHttpResponse(decodeResult: success, version: HTTP/1.1)
HTTP/1.1 200 OK
Content-Type: application/json; charset=utf-8
cache-control: no-cache
content-length: 88

15:20:41.075 [AsyncHttpClient-1-2] DEBUG org.asynchttpclient.netty.channel.ChannelManager - Adding key: http://localhost:33535 for channel [id: 0x2a321925, L:/127.0.0.1:59620 - R:localhost/127.0.0.1:33535]
15:20:41.076 [Forwarding clickElement on session c13eea6facf602d9762c6083412476eb to remote] DEBUG org.asynchttpclient.netty.request.NettyRequestSender - Using pooled Channel '[id: 0x2a321925, L:/127.0.0.1:59620 - R:localhost/127.0.0.1:33535]' for 'POST' to 'http://localhost:33535/session/c13eea6facf602d9762c6083412476eb/element/919f39f3-f288-4c1a-8494-cea19ec8932b/click'
15:20:41.076 [Forwarding clickElement on session c13eea6facf602d9762c6083412476eb to remote] DEBUG org.asynchttpclient.netty.request.NettyRequestSender - Using open Channel [id: 0x2a321925, L:/127.0.0.1:59620 - R:localhost/127.0.0.1:33535] for POST '/session/c13eea6facf602d9762c6083412476eb/element/919f39f3-f288-4c1a-8494-cea19ec8932b/click'
15:20:41.104 [AsyncHttpClient-1-2] DEBUG org.asynchttpclient.netty.handler.HttpHandler - 

Request DefaultHttpRequest(decodeResult: success, version: HTTP/1.1)
POST /session/c13eea6facf602d9762c6083412476eb/element/919f39f3-f288-4c1a-8494-cea19ec8932b/click HTTP/1.1
User-Agent: selenium/4.0.0-beta-4 (java windows)
Content-Length: 50
Content-Type: application/json; charset=utf-8
host: localhost:33535
accept: */*

Response DefaultHttpResponse(decodeResult: success, version: HTTP/1.1)
HTTP/1.1 200 OK
Content-Type: application/json; charset=utf-8
cache-control: no-cache
content-length: 14

15:20:41.104 [AsyncHttpClient-1-2] DEBUG org.asynchttpclient.netty.channel.ChannelManager - Adding key: http://localhost:33535 for channel [id: 0x2a321925, L:/127.0.0.1:59620 - R:localhost/127.0.0.1:33535]
15:20:41.106 [Forwarding findElement on session c13eea6facf602d9762c6083412476eb to remote] DEBUG org.asynchttpclient.netty.request.NettyRequestSender - Using pooled Channel '[id: 0x2a321925, L:/127.0.0.1:59620 - R:localhost/127.0.0.1:33535]' for 'POST' to 'http://localhost:33535/session/c13eea6facf602d9762c6083412476eb/element'
15:20:41.106 [Forwarding findElement on session c13eea6facf602d9762c6083412476eb to remote] DEBUG org.asynchttpclient.netty.request.NettyRequestSender - Using open Channel [id: 0x2a321925, L:/127.0.0.1:59620 - R:localhost/127.0.0.1:33535] for POST '/session/c13eea6facf602d9762c6083412476eb/element'
15:20:41.112 [AsyncHttpClient-1-2] DEBUG org.asynchttpclient.netty.handler.HttpHandler - 

Request DefaultHttpRequest(decodeResult: success, version: HTTP/1.1)
POST /session/c13eea6facf602d9762c6083412476eb/element HTTP/1.1
User-Agent: selenium/4.0.0-beta-4 (java windows)
Content-Length: 59
Content-Type: application/json; charset=utf-8
host: localhost:33535
accept: */*

Response DefaultHttpResponse(decodeResult: success, version: HTTP/1.1)
HTTP/1.1 200 OK
Content-Type: application/json; charset=utf-8
cache-control: no-cache
content-length: 88

15:20:41.112 [AsyncHttpClient-1-2] DEBUG org.asynchttpclient.netty.channel.ChannelManager - Adding key: http://localhost:33535 for channel [id: 0x2a321925, L:/127.0.0.1:59620 - R:localhost/127.0.0.1:33535]
15:20:41.116 [Forwarding getElementAttribute on session c13eea6facf602d9762c6083412476eb to remote] DEBUG org.asynchttpclient.netty.request.NettyRequestSender - Using pooled Channel '[id: 0x2a321925, L:/127.0.0.1:59620 - R:localhost/127.0.0.1:33535]' for 'POST' to 'http://localhost:33535/session/c13eea6facf602d9762c6083412476eb/execute/sync'
15:20:41.116 [Forwarding getElementAttribute on session c13eea6facf602d9762c6083412476eb to remote] DEBUG org.asynchttpclient.netty.request.NettyRequestSender - Using open Channel [id: 0x2a321925, L:/127.0.0.1:59620 - R:localhost/127.0.0.1:33535] for POST '/session/c13eea6facf602d9762c6083412476eb/execute/sync'
15:20:41.126 [AsyncHttpClient-1-2] DEBUG org.asynchttpclient.netty.handler.HttpHandler - 

Request DefaultHttpRequest(decodeResult: success, version: HTTP/1.1)
POST /session/c13eea6facf602d9762c6083412476eb/execute/sync HTTP/1.1
User-Agent: selenium/4.0.0-beta-4 (java windows)
Content-Length: 47304
Content-Type: application/json; charset=utf-8
host: localhost:33535
accept: */*

Response DefaultHttpResponse(decodeResult: success, version: HTTP/1.1)
HTTP/1.1 200 OK
Content-Type: application/json; charset=utf-8
cache-control: no-cache
content-length: 12

15:20:41.126 [AsyncHttpClient-1-2] DEBUG org.asynchttpclient.netty.channel.ChannelManager - Adding key: http://localhost:33535 for channel [id: 0x2a321925, L:/127.0.0.1:59620 - R:localhost/127.0.0.1:33535]
15:20:41.127 [Forwarding findElement on session c13eea6facf602d9762c6083412476eb to remote] DEBUG org.asynchttpclient.netty.request.NettyRequestSender - Using pooled Channel '[id: 0x2a321925, L:/127.0.0.1:59620 - R:localhost/127.0.0.1:33535]' for 'POST' to 'http://localhost:33535/session/c13eea6facf602d9762c6083412476eb/element'
15:20:41.127 [Forwarding findElement on session c13eea6facf602d9762c6083412476eb to remote] DEBUG org.asynchttpclient.netty.request.NettyRequestSender - Using open Channel [id: 0x2a321925, L:/127.0.0.1:59620 - R:localhost/127.0.0.1:33535] for POST '/session/c13eea6facf602d9762c6083412476eb/element'
15:20:41.133 [AsyncHttpClient-1-2] DEBUG org.asynchttpclient.netty.handler.HttpHandler - 

Request DefaultHttpRequest(decodeResult: success, version: HTTP/1.1)
POST /session/c13eea6facf602d9762c6083412476eb/element HTTP/1.1
User-Agent: selenium/4.0.0-beta-4 (java windows)
Content-Length: 59
Content-Type: application/json; charset=utf-8
host: localhost:33535
accept: */*

Response DefaultHttpResponse(decodeResult: success, version: HTTP/1.1)
HTTP/1.1 200 OK
Content-Type: application/json; charset=utf-8
cache-control: no-cache
content-length: 88

15:20:41.133 [AsyncHttpClient-1-2] DEBUG org.asynchttpclient.netty.channel.ChannelManager - Adding key: http://localhost:33535 for channel [id: 0x2a321925, L:/127.0.0.1:59620 - R:localhost/127.0.0.1:33535]
15:20:41.134 [Forwarding clearElement on session c13eea6facf602d9762c6083412476eb to remote] DEBUG org.asynchttpclient.netty.request.NettyRequestSender - Using pooled Channel '[id: 0x2a321925, L:/127.0.0.1:59620 - R:localhost/127.0.0.1:33535]' for 'POST' to 'http://localhost:33535/session/c13eea6facf602d9762c6083412476eb/element/919f39f3-f288-4c1a-8494-cea19ec8932b/clear'
15:20:41.134 [Forwarding clearElement on session c13eea6facf602d9762c6083412476eb to remote] DEBUG org.asynchttpclient.netty.request.NettyRequestSender - Using open Channel [id: 0x2a321925, L:/127.0.0.1:59620 - R:localhost/127.0.0.1:33535] for POST '/session/c13eea6facf602d9762c6083412476eb/element/919f39f3-f288-4c1a-8494-cea19ec8932b/clear'
15:20:41.154 [AsyncHttpClient-1-2] DEBUG org.asynchttpclient.netty.handler.HttpHandler - 

Request DefaultHttpRequest(decodeResult: success, version: HTTP/1.1)
POST /session/c13eea6facf602d9762c6083412476eb/element/919f39f3-f288-4c1a-8494-cea19ec8932b/clear HTTP/1.1
User-Agent: selenium/4.0.0-beta-4 (java windows)
Content-Length: 50
Content-Type: application/json; charset=utf-8
host: localhost:33535
accept: */*

Response DefaultHttpResponse(decodeResult: success, version: HTTP/1.1)
HTTP/1.1 200 OK
Content-Type: application/json; charset=utf-8
cache-control: no-cache
content-length: 14

15:20:41.154 [AsyncHttpClient-1-2] DEBUG org.asynchttpclient.netty.channel.ChannelManager - Adding key: http://localhost:33535 for channel [id: 0x2a321925, L:/127.0.0.1:59620 - R:localhost/127.0.0.1:33535]
15:20:41.155 [Forwarding findElement on session c13eea6facf602d9762c6083412476eb to remote] DEBUG org.asynchttpclient.netty.request.NettyRequestSender - Using pooled Channel '[id: 0x2a321925, L:/127.0.0.1:59620 - R:localhost/127.0.0.1:33535]' for 'POST' to 'http://localhost:33535/session/c13eea6facf602d9762c6083412476eb/element'
15:20:41.155 [Forwarding findElement on session c13eea6facf602d9762c6083412476eb to remote] DEBUG org.asynchttpclient.netty.request.NettyRequestSender - Using open Channel [id: 0x2a321925, L:/127.0.0.1:59620 - R:localhost/127.0.0.1:33535] for POST '/session/c13eea6facf602d9762c6083412476eb/element'
15:20:41.161 [AsyncHttpClient-1-2] DEBUG org.asynchttpclient.netty.handler.HttpHandler - 

Request DefaultHttpRequest(decodeResult: success, version: HTTP/1.1)
POST /session/c13eea6facf602d9762c6083412476eb/element HTTP/1.1
User-Agent: selenium/4.0.0-beta-4 (java windows)
Content-Length: 59
Content-Type: application/json; charset=utf-8
host: localhost:33535
accept: */*

Response DefaultHttpResponse(decodeResult: success, version: HTTP/1.1)
HTTP/1.1 200 OK
Content-Type: application/json; charset=utf-8
cache-control: no-cache
content-length: 88

15:20:41.161 [AsyncHttpClient-1-2] DEBUG org.asynchttpclient.netty.channel.ChannelManager - Adding key: http://localhost:33535 for channel [id: 0x2a321925, L:/127.0.0.1:59620 - R:localhost/127.0.0.1:33535]
15:20:41.162 [Forwarding sendKeysToElement on session c13eea6facf602d9762c6083412476eb to remote] DEBUG org.asynchttpclient.netty.request.NettyRequestSender - Using pooled Channel '[id: 0x2a321925, L:/127.0.0.1:59620 - R:localhost/127.0.0.1:33535]' for 'POST' to 'http://localhost:33535/session/c13eea6facf602d9762c6083412476eb/element/919f39f3-f288-4c1a-8494-cea19ec8932b/value'
15:20:41.162 [Forwarding sendKeysToElement on session c13eea6facf602d9762c6083412476eb to remote] DEBUG org.asynchttpclient.netty.request.NettyRequestSender - Using open Channel [id: 0x2a321925, L:/127.0.0.1:59620 - R:localhost/127.0.0.1:33535] for POST '/session/c13eea6facf602d9762c6083412476eb/element/919f39f3-f288-4c1a-8494-cea19ec8932b/value'
15:20:41.193 [AsyncHttpClient-1-2] DEBUG org.asynchttpclient.netty.handler.HttpHandler - 

Request DefaultHttpRequest(decodeResult: success, version: HTTP/1.1)
POST /session/c13eea6facf602d9762c6083412476eb/element/919f39f3-f288-4c1a-8494-cea19ec8932b/value HTTP/1.1
User-Agent: selenium/4.0.0-beta-4 (java windows)
Content-Length: 461
Content-Type: application/json; charset=utf-8
host: localhost:33535
accept: */*

Response DefaultHttpResponse(decodeResult: success, version: HTTP/1.1)
HTTP/1.1 200 OK
Content-Type: application/json; charset=utf-8
cache-control: no-cache
content-length: 14

15:20:41.193 [AsyncHttpClient-1-2] DEBUG org.asynchttpclient.netty.channel.ChannelManager - Adding key: http://localhost:33535 for channel [id: 0x2a321925, L:/127.0.0.1:59620 - R:localhost/127.0.0.1:33535]
15:20:41.194 [Forwarding findElement on session c13eea6facf602d9762c6083412476eb to remote] DEBUG org.asynchttpclient.netty.request.NettyRequestSender - Using pooled Channel '[id: 0x2a321925, L:/127.0.0.1:59620 - R:localhost/127.0.0.1:33535]' for 'POST' to 'http://localhost:33535/session/c13eea6facf602d9762c6083412476eb/element'
15:20:41.194 [Forwarding findElement on session c13eea6facf602d9762c6083412476eb to remote] DEBUG org.asynchttpclient.netty.request.NettyRequestSender - Using open Channel [id: 0x2a321925, L:/127.0.0.1:59620 - R:localhost/127.0.0.1:33535] for POST '/session/c13eea6facf602d9762c6083412476eb/element'
15:20:41.202 [AsyncHttpClient-1-2] DEBUG org.asynchttpclient.netty.handler.HttpHandler - 

Request DefaultHttpRequest(decodeResult: success, version: HTTP/1.1)
POST /session/c13eea6facf602d9762c6083412476eb/element HTTP/1.1
User-Agent: selenium/4.0.0-beta-4 (java windows)
Content-Length: 64
Content-Type: application/json; charset=utf-8
host: localhost:33535
accept: */*

Response DefaultHttpResponse(decodeResult: success, version: HTTP/1.1)
HTTP/1.1 200 OK
Content-Type: application/json; charset=utf-8
cache-control: no-cache
content-length: 88

15:20:41.202 [AsyncHttpClient-1-2] DEBUG org.asynchttpclient.netty.channel.ChannelManager - Adding key: http://localhost:33535 for channel [id: 0x2a321925, L:/127.0.0.1:59620 - R:localhost/127.0.0.1:33535]
15:20:41.203 [Forwarding clickElement on session c13eea6facf602d9762c6083412476eb to remote] DEBUG org.asynchttpclient.netty.request.NettyRequestSender - Using pooled Channel '[id: 0x2a321925, L:/127.0.0.1:59620 - R:localhost/127.0.0.1:33535]' for 'POST' to 'http://localhost:33535/session/c13eea6facf602d9762c6083412476eb/element/26e30286-5991-4116-8f4c-05a9109d1495/click'
15:20:41.204 [Forwarding clickElement on session c13eea6facf602d9762c6083412476eb to remote] DEBUG org.asynchttpclient.netty.request.NettyRequestSender - Using open Channel [id: 0x2a321925, L:/127.0.0.1:59620 - R:localhost/127.0.0.1:33535] for POST '/session/c13eea6facf602d9762c6083412476eb/element/26e30286-5991-4116-8f4c-05a9109d1495/click'
15:20:41.340 [org.subethamail.smtp.server.Session-/0:0:0:0:0:0:0:1:52351] DEBUG org.subethamail.smtp.server.Session - SMTP connection from 0:0:0:0:0:0:0:1/0:0:0:0:0:0:0:1, new connection count: 1
15:20:41.340 [org.subethamail.smtp.server.Session-/0:0:0:0:0:0:0:1:52351] DEBUG org.subethamail.smtp.server.Session - Server: 220 Pentogon ESMTP SubEthaSMTP 3.1.7
15:20:41.349 [org.subethamail.smtp.server.Session-/0:0:0:0:0:0:0:1:52351] DEBUG org.subethamail.smtp.server.Session - Client: EHLO localhost
15:20:41.349 [org.subethamail.smtp.server.Session-/0:0:0:0:0:0:0:1:52351] DEBUG org.subethamail.smtp.server.Session - Server: 250-Pentogon
250-8BITMIME
250 Ok
15:20:41.349 [org.subethamail.smtp.server.Session-/0:0:0:0:0:0:0:1:52351] DEBUG org.subethamail.smtp.server.Session - Client: MAIL FROM:<admin@example.com>
15:20:41.352 [org.subethamail.smtp.server.Session-/0:0:0:0:0:0:0:1:52351] DEBUG org.subethamail.smtp.server.Session - Server: 250 Ok
15:20:41.352 [org.subethamail.smtp.server.Session-/0:0:0:0:0:0:0:1:52351] DEBUG org.subethamail.smtp.server.Session - Client: RCPT TO:<user1632572438396@localhost.localadmin>
15:20:41.352 [org.subethamail.smtp.server.Session-/0:0:0:0:0:0:0:1:52351] DEBUG org.subethamail.wiser.Wiser - Accepting mail from admin@example.com to user1632572438396@localhost.localadmin
15:20:41.352 [org.subethamail.smtp.server.Session-/0:0:0:0:0:0:0:1:52351] DEBUG org.subethamail.smtp.server.Session - Server: 250 Ok
15:20:41.352 [org.subethamail.smtp.server.Session-/0:0:0:0:0:0:0:1:52351] DEBUG org.subethamail.smtp.server.Session - Client: DATA
15:20:41.352 [org.subethamail.smtp.server.Session-/0:0:0:0:0:0:0:1:52351] DEBUG org.subethamail.smtp.server.Session - Server: 354 End data with <CR><LF>.<CR><LF>
15:20:41.356 [org.subethamail.smtp.server.Session-/0:0:0:0:0:0:0:1:52351] DEBUG org.subethamail.wiser.Wiser - Delivering mail from admin@example.com to user1632572438396@localhost.localadmin
15:20:41.357 [org.subethamail.smtp.server.Session-/0:0:0:0:0:0:0:1:52351] DEBUG org.subethamail.wiser.Wiser - Creating message from data with 2770 bytes
15:20:41.357 [org.subethamail.smtp.server.Session-/0:0:0:0:0:0:0:1:52351] DEBUG org.subethamail.smtp.server.Session - Server: 250 Ok
15:20:41.357 [org.subethamail.smtp.server.Session-/0:0:0:0:0:0:0:1:52351] DEBUG org.subethamail.smtp.server.Session - Client: RSET
15:20:41.357 [org.subethamail.smtp.server.Session-/0:0:0:0:0:0:0:1:52351] DEBUG org.subethamail.smtp.server.Session - Server: 250 Ok
15:20:41.360 [org.subethamail.smtp.server.Session-/0:0:0:0:0:0:0:1:52351] DEBUG org.subethamail.smtp.server.Session - Client: QUIT
15:20:41.360 [org.subethamail.smtp.server.Session-/0:0:0:0:0:0:0:1:52351] DEBUG org.subethamail.smtp.server.Session - Server: 221 Bye
15:20:41.360 [org.subethamail.smtp.server.Session-/0:0:0:0:0:0:0:1:52352] DEBUG org.subethamail.smtp.server.Session - SMTP connection from 0:0:0:0:0:0:0:1/0:0:0:0:0:0:0:1, new connection count: 1
15:20:41.360 [org.subethamail.smtp.server.Session-/0:0:0:0:0:0:0:1:52352] DEBUG org.subethamail.smtp.server.Session - Server: 220 Pentogon ESMTP SubEthaSMTP 3.1.7
15:20:41.371 [org.subethamail.smtp.server.Session-/0:0:0:0:0:0:0:1:52352] DEBUG org.subethamail.smtp.server.Session - Client: EHLO localhost
15:20:41.371 [org.subethamail.smtp.server.Session-/0:0:0:0:0:0:0:1:52352] DEBUG org.subethamail.smtp.server.Session - Server: 250-Pentogon
250-8BITMIME
250 Ok
15:20:41.371 [org.subethamail.smtp.server.Session-/0:0:0:0:0:0:0:1:52352] DEBUG org.subethamail.smtp.server.Session - Client: MAIL FROM:<admin@example.com>
15:20:41.371 [org.subethamail.smtp.server.Session-/0:0:0:0:0:0:0:1:52352] DEBUG org.subethamail.smtp.server.Session - Server: 250 Ok
15:20:41.371 [org.subethamail.smtp.server.Session-/0:0:0:0:0:0:0:1:52352] DEBUG org.subethamail.smtp.server.Session - Client: RCPT TO:<root@localhost>
15:20:41.371 [org.subethamail.smtp.server.Session-/0:0:0:0:0:0:0:1:52352] DEBUG org.subethamail.wiser.Wiser - Accepting mail from admin@example.com to root@localhost
15:20:41.371 [org.subethamail.smtp.server.Session-/0:0:0:0:0:0:0:1:52352] DEBUG org.subethamail.smtp.server.Session - Server: 250 Ok
15:20:41.372 [org.subethamail.smtp.server.Session-/0:0:0:0:0:0:0:1:52352] DEBUG org.subethamail.smtp.server.Session - Client: DATA
15:20:41.372 [org.subethamail.smtp.server.Session-/0:0:0:0:0:0:0:1:52352] DEBUG org.subethamail.smtp.server.Session - Server: 354 End data with <CR><LF>.<CR><LF>
15:20:41.372 [org.subethamail.smtp.server.Session-/0:0:0:0:0:0:0:1:52352] DEBUG org.subethamail.wiser.Wiser - Delivering mail from admin@example.com to root@localhost
15:20:41.372 [org.subethamail.smtp.server.Session-/0:0:0:0:0:0:0:1:52352] DEBUG org.subethamail.wiser.Wiser - Creating message from data with 861 bytes
15:20:41.372 [org.subethamail.smtp.server.Session-/0:0:0:0:0:0:0:1:52352] DEBUG org.subethamail.smtp.server.Session - Server: 250 Ok
15:20:41.373 [org.subethamail.smtp.server.Session-/0:0:0:0:0:0:0:1:52352] DEBUG org.subethamail.smtp.server.Session - Client: RSET
15:20:41.373 [org.subethamail.smtp.server.Session-/0:0:0:0:0:0:0:1:52352] DEBUG org.subethamail.smtp.server.Session - Server: 250 Ok
15:20:41.374 [org.subethamail.smtp.server.Session-/0:0:0:0:0:0:0:1:52352] DEBUG org.subethamail.smtp.server.Session - Client: QUIT
15:20:41.374 [org.subethamail.smtp.server.Session-/0:0:0:0:0:0:0:1:52352] DEBUG org.subethamail.smtp.server.Session - Server: 221 Bye
15:20:41.480 [AsyncHttpClient-1-2] DEBUG org.asynchttpclient.netty.handler.HttpHandler - 

Request DefaultHttpRequest(decodeResult: success, version: HTTP/1.1)
POST /session/c13eea6facf602d9762c6083412476eb/element/26e30286-5991-4116-8f4c-05a9109d1495/click HTTP/1.1
User-Agent: selenium/4.0.0-beta-4 (java windows)
Content-Length: 50
Content-Type: application/json; charset=utf-8
host: localhost:33535
accept: */*

Response DefaultHttpResponse(decodeResult: success, version: HTTP/1.1)
HTTP/1.1 200 OK
Content-Type: application/json; charset=utf-8
cache-control: no-cache
content-length: 14

15:20:41.480 [AsyncHttpClient-1-2] DEBUG org.asynchttpclient.netty.channel.ChannelManager - Adding key: http://localhost:33535 for channel [id: 0x2a321925, L:/127.0.0.1:59620 - R:localhost/127.0.0.1:33535]
15:20:41.510 [Forwarding get on session c13eea6facf602d9762c6083412476eb to remote] DEBUG org.asynchttpclient.netty.request.NettyRequestSender - Using pooled Channel '[id: 0x2a321925, L:/127.0.0.1:59620 - R:localhost/127.0.0.1:33535]' for 'POST' to 'http://localhost:33535/session/c13eea6facf602d9762c6083412476eb/url'
15:20:41.511 [Forwarding get on session c13eea6facf602d9762c6083412476eb to remote] DEBUG org.asynchttpclient.netty.request.NettyRequestSender - Using open Channel [id: 0x2a321925, L:/127.0.0.1:59620 - R:localhost/127.0.0.1:33535] for POST '/session/c13eea6facf602d9762c6083412476eb/url'
15:20:41.720 [AsyncHttpClient-1-2] DEBUG org.asynchttpclient.netty.handler.HttpHandler - 

Request DefaultHttpRequest(decodeResult: success, version: HTTP/1.1)
POST /session/c13eea6facf602d9762c6083412476eb/url HTTP/1.1
User-Agent: selenium/4.0.0-beta-4 (java windows)
Content-Length: 187
Content-Type: application/json; charset=utf-8
host: localhost:33535
accept: */*

Response DefaultHttpResponse(decodeResult: success, version: HTTP/1.1)
HTTP/1.1 200 OK
Content-Type: application/json; charset=utf-8
cache-control: no-cache
content-length: 14

15:20:41.720 [AsyncHttpClient-1-2] DEBUG org.asynchttpclient.netty.channel.ChannelManager - Adding key: http://localhost:33535 for channel [id: 0x2a321925, L:/127.0.0.1:59620 - R:localhost/127.0.0.1:33535]
15:20:41.722 [Forwarding findElement on session c13eea6facf602d9762c6083412476eb to remote] DEBUG org.asynchttpclient.netty.request.NettyRequestSender - Using pooled Channel '[id: 0x2a321925, L:/127.0.0.1:59620 - R:localhost/127.0.0.1:33535]' for 'POST' to 'http://localhost:33535/session/c13eea6facf602d9762c6083412476eb/element'
15:20:41.722 [Forwarding findElement on session c13eea6facf602d9762c6083412476eb to remote] DEBUG org.asynchttpclient.netty.request.NettyRequestSender - Using open Channel [id: 0x2a321925, L:/127.0.0.1:59620 - R:localhost/127.0.0.1:33535] for POST '/session/c13eea6facf602d9762c6083412476eb/element'
15:20:41.731 [AsyncHttpClient-1-2] DEBUG org.asynchttpclient.netty.handler.HttpHandler - 

Request DefaultHttpRequest(decodeResult: success, version: HTTP/1.1)
POST /session/c13eea6facf602d9762c6083412476eb/element HTTP/1.1
User-Agent: selenium/4.0.0-beta-4 (java windows)
Content-Length: 62
Content-Type: application/json; charset=utf-8
host: localhost:33535
accept: */*

Response DefaultHttpResponse(decodeResult: success, version: HTTP/1.1)
HTTP/1.1 200 OK
Content-Type: application/json; charset=utf-8
cache-control: no-cache
content-length: 88

15:20:41.731 [AsyncHttpClient-1-2] DEBUG org.asynchttpclient.netty.channel.ChannelManager - Adding key: http://localhost:33535 for channel [id: 0x2a321925, L:/127.0.0.1:59620 - R:localhost/127.0.0.1:33535]
15:20:41.732 [Forwarding clickElement on session c13eea6facf602d9762c6083412476eb to remote] DEBUG org.asynchttpclient.netty.request.NettyRequestSender - Using pooled Channel '[id: 0x2a321925, L:/127.0.0.1:59620 - R:localhost/127.0.0.1:33535]' for 'POST' to 'http://localhost:33535/session/c13eea6facf602d9762c6083412476eb/element/dfca511e-2c7d-4824-9efb-79cbd13f33c3/click'
15:20:41.732 [Forwarding clickElement on session c13eea6facf602d9762c6083412476eb to remote] DEBUG org.asynchttpclient.netty.request.NettyRequestSender - Using open Channel [id: 0x2a321925, L:/127.0.0.1:59620 - R:localhost/127.0.0.1:33535] for POST '/session/c13eea6facf602d9762c6083412476eb/element/dfca511e-2c7d-4824-9efb-79cbd13f33c3/click'
15:20:41.759 [AsyncHttpClient-1-2] DEBUG org.asynchttpclient.netty.handler.HttpHandler - 

Request DefaultHttpRequest(decodeResult: success, version: HTTP/1.1)
POST /session/c13eea6facf602d9762c6083412476eb/element/dfca511e-2c7d-4824-9efb-79cbd13f33c3/click HTTP/1.1
User-Agent: selenium/4.0.0-beta-4 (java windows)
Content-Length: 50
Content-Type: application/json; charset=utf-8
host: localhost:33535
accept: */*

Response DefaultHttpResponse(decodeResult: success, version: HTTP/1.1)
HTTP/1.1 200 OK
Content-Type: application/json; charset=utf-8
cache-control: no-cache
content-length: 14

15:20:41.761 [AsyncHttpClient-1-2] DEBUG org.asynchttpclient.netty.channel.ChannelManager - Adding key: http://localhost:33535 for channel [id: 0x2a321925, L:/127.0.0.1:59620 - R:localhost/127.0.0.1:33535]
15:20:41.761 [Forwarding findElement on session c13eea6facf602d9762c6083412476eb to remote] DEBUG org.asynchttpclient.netty.request.NettyRequestSender - Using pooled Channel '[id: 0x2a321925, L:/127.0.0.1:59620 - R:localhost/127.0.0.1:33535]' for 'POST' to 'http://localhost:33535/session/c13eea6facf602d9762c6083412476eb/element'
15:20:41.761 [Forwarding findElement on session c13eea6facf602d9762c6083412476eb to remote] DEBUG org.asynchttpclient.netty.request.NettyRequestSender - Using open Channel [id: 0x2a321925, L:/127.0.0.1:59620 - R:localhost/127.0.0.1:33535] for POST '/session/c13eea6facf602d9762c6083412476eb/element'
15:20:41.766 [AsyncHttpClient-1-2] DEBUG org.asynchttpclient.netty.handler.HttpHandler - 

Request DefaultHttpRequest(decodeResult: success, version: HTTP/1.1)
POST /session/c13eea6facf602d9762c6083412476eb/element HTTP/1.1
User-Agent: selenium/4.0.0-beta-4 (java windows)
Content-Length: 62
Content-Type: application/json; charset=utf-8
host: localhost:33535
accept: */*

Response DefaultHttpResponse(decodeResult: success, version: HTTP/1.1)
HTTP/1.1 200 OK
Content-Type: application/json; charset=utf-8
cache-control: no-cache
content-length: 88

15:20:41.767 [AsyncHttpClient-1-2] DEBUG org.asynchttpclient.netty.channel.ChannelManager - Adding key: http://localhost:33535 for channel [id: 0x2a321925, L:/127.0.0.1:59620 - R:localhost/127.0.0.1:33535]
15:20:41.770 [Forwarding getElementAttribute on session c13eea6facf602d9762c6083412476eb to remote] DEBUG org.asynchttpclient.netty.request.NettyRequestSender - Using pooled Channel '[id: 0x2a321925, L:/127.0.0.1:59620 - R:localhost/127.0.0.1:33535]' for 'POST' to 'http://localhost:33535/session/c13eea6facf602d9762c6083412476eb/execute/sync'
15:20:41.770 [Forwarding getElementAttribute on session c13eea6facf602d9762c6083412476eb to remote] DEBUG org.asynchttpclient.netty.request.NettyRequestSender - Using open Channel [id: 0x2a321925, L:/127.0.0.1:59620 - R:localhost/127.0.0.1:33535] for POST '/session/c13eea6facf602d9762c6083412476eb/execute/sync'
15:20:41.777 [AsyncHttpClient-1-2] DEBUG org.asynchttpclient.netty.handler.HttpHandler - 

Request DefaultHttpRequest(decodeResult: success, version: HTTP/1.1)
POST /session/c13eea6facf602d9762c6083412476eb/execute/sync HTTP/1.1
User-Agent: selenium/4.0.0-beta-4 (java windows)
Content-Length: 47304
Content-Type: application/json; charset=utf-8
host: localhost:33535
accept: */*

Response DefaultHttpResponse(decodeResult: success, version: HTTP/1.1)
HTTP/1.1 200 OK
Content-Type: application/json; charset=utf-8
cache-control: no-cache
content-length: 12

15:20:41.778 [AsyncHttpClient-1-2] DEBUG org.asynchttpclient.netty.channel.ChannelManager - Adding key: http://localhost:33535 for channel [id: 0x2a321925, L:/127.0.0.1:59620 - R:localhost/127.0.0.1:33535]
15:20:41.779 [Forwarding findElement on session c13eea6facf602d9762c6083412476eb to remote] DEBUG org.asynchttpclient.netty.request.NettyRequestSender - Using pooled Channel '[id: 0x2a321925, L:/127.0.0.1:59620 - R:localhost/127.0.0.1:33535]' for 'POST' to 'http://localhost:33535/session/c13eea6facf602d9762c6083412476eb/element'
15:20:41.779 [Forwarding findElement on session c13eea6facf602d9762c6083412476eb to remote] DEBUG org.asynchttpclient.netty.request.NettyRequestSender - Using open Channel [id: 0x2a321925, L:/127.0.0.1:59620 - R:localhost/127.0.0.1:33535] for POST '/session/c13eea6facf602d9762c6083412476eb/element'
15:20:41.784 [AsyncHttpClient-1-2] DEBUG org.asynchttpclient.netty.handler.HttpHandler - 

Request DefaultHttpRequest(decodeResult: success, version: HTTP/1.1)
POST /session/c13eea6facf602d9762c6083412476eb/element HTTP/1.1
User-Agent: selenium/4.0.0-beta-4 (java windows)
Content-Length: 62
Content-Type: application/json; charset=utf-8
host: localhost:33535
accept: */*

Response DefaultHttpResponse(decodeResult: success, version: HTTP/1.1)
HTTP/1.1 200 OK
Content-Type: application/json; charset=utf-8
cache-control: no-cache
content-length: 88

15:20:41.784 [AsyncHttpClient-1-2] DEBUG org.asynchttpclient.netty.channel.ChannelManager - Adding key: http://localhost:33535 for channel [id: 0x2a321925, L:/127.0.0.1:59620 - R:localhost/127.0.0.1:33535]
15:20:41.785 [Forwarding clearElement on session c13eea6facf602d9762c6083412476eb to remote] DEBUG org.asynchttpclient.netty.request.NettyRequestSender - Using pooled Channel '[id: 0x2a321925, L:/127.0.0.1:59620 - R:localhost/127.0.0.1:33535]' for 'POST' to 'http://localhost:33535/session/c13eea6facf602d9762c6083412476eb/element/dfca511e-2c7d-4824-9efb-79cbd13f33c3/clear'
15:20:41.785 [Forwarding clearElement on session c13eea6facf602d9762c6083412476eb to remote] DEBUG org.asynchttpclient.netty.request.NettyRequestSender - Using open Channel [id: 0x2a321925, L:/127.0.0.1:59620 - R:localhost/127.0.0.1:33535] for POST '/session/c13eea6facf602d9762c6083412476eb/element/dfca511e-2c7d-4824-9efb-79cbd13f33c3/clear'
15:20:41.801 [AsyncHttpClient-1-2] DEBUG org.asynchttpclient.netty.handler.HttpHandler - 

Request DefaultHttpRequest(decodeResult: success, version: HTTP/1.1)
POST /session/c13eea6facf602d9762c6083412476eb/element/dfca511e-2c7d-4824-9efb-79cbd13f33c3/clear HTTP/1.1
User-Agent: selenium/4.0.0-beta-4 (java windows)
Content-Length: 50
Content-Type: application/json; charset=utf-8
host: localhost:33535
accept: */*

Response DefaultHttpResponse(decodeResult: success, version: HTTP/1.1)
HTTP/1.1 200 OK
Content-Type: application/json; charset=utf-8
cache-control: no-cache
content-length: 14

15:20:41.801 [AsyncHttpClient-1-2] DEBUG org.asynchttpclient.netty.channel.ChannelManager - Adding key: http://localhost:33535 for channel [id: 0x2a321925, L:/127.0.0.1:59620 - R:localhost/127.0.0.1:33535]
15:20:41.802 [Forwarding findElement on session c13eea6facf602d9762c6083412476eb to remote] DEBUG org.asynchttpclient.netty.request.NettyRequestSender - Using pooled Channel '[id: 0x2a321925, L:/127.0.0.1:59620 - R:localhost/127.0.0.1:33535]' for 'POST' to 'http://localhost:33535/session/c13eea6facf602d9762c6083412476eb/element'
15:20:41.802 [Forwarding findElement on session c13eea6facf602d9762c6083412476eb to remote] DEBUG org.asynchttpclient.netty.request.NettyRequestSender - Using open Channel [id: 0x2a321925, L:/127.0.0.1:59620 - R:localhost/127.0.0.1:33535] for POST '/session/c13eea6facf602d9762c6083412476eb/element'
15:20:41.808 [AsyncHttpClient-1-2] DEBUG org.asynchttpclient.netty.handler.HttpHandler - 

Request DefaultHttpRequest(decodeResult: success, version: HTTP/1.1)
POST /session/c13eea6facf602d9762c6083412476eb/element HTTP/1.1
User-Agent: selenium/4.0.0-beta-4 (java windows)
Content-Length: 62
Content-Type: application/json; charset=utf-8
host: localhost:33535
accept: */*

Response DefaultHttpResponse(decodeResult: success, version: HTTP/1.1)
HTTP/1.1 200 OK
Content-Type: application/json; charset=utf-8
cache-control: no-cache
content-length: 88

15:20:41.808 [AsyncHttpClient-1-2] DEBUG org.asynchttpclient.netty.channel.ChannelManager - Adding key: http://localhost:33535 for channel [id: 0x2a321925, L:/127.0.0.1:59620 - R:localhost/127.0.0.1:33535]
15:20:41.810 [Forwarding sendKeysToElement on session c13eea6facf602d9762c6083412476eb to remote] DEBUG org.asynchttpclient.netty.request.NettyRequestSender - Using pooled Channel '[id: 0x2a321925, L:/127.0.0.1:59620 - R:localhost/127.0.0.1:33535]' for 'POST' to 'http://localhost:33535/session/c13eea6facf602d9762c6083412476eb/element/dfca511e-2c7d-4824-9efb-79cbd13f33c3/value'
15:20:41.810 [Forwarding sendKeysToElement on session c13eea6facf602d9762c6083412476eb to remote] DEBUG org.asynchttpclient.netty.request.NettyRequestSender - Using open Channel [id: 0x2a321925, L:/127.0.0.1:59620 - R:localhost/127.0.0.1:33535] for POST '/session/c13eea6facf602d9762c6083412476eb/element/dfca511e-2c7d-4824-9efb-79cbd13f33c3/value'
15:20:41.829 [AsyncHttpClient-1-2] DEBUG org.asynchttpclient.netty.handler.HttpHandler - 

Request DefaultHttpRequest(decodeResult: success, version: HTTP/1.1)
POST /session/c13eea6facf602d9762c6083412476eb/element/dfca511e-2c7d-4824-9efb-79cbd13f33c3/value HTTP/1.1
User-Agent: selenium/4.0.0-beta-4 (java windows)
Content-Length: 161
Content-Type: application/json; charset=utf-8
host: localhost:33535
accept: */*

Response DefaultHttpResponse(decodeResult: success, version: HTTP/1.1)
HTTP/1.1 200 OK
Content-Type: application/json; charset=utf-8
cache-control: no-cache
content-length: 14

15:20:41.829 [AsyncHttpClient-1-2] DEBUG org.asynchttpclient.netty.channel.ChannelManager - Adding key: http://localhost:33535 for channel [id: 0x2a321925, L:/127.0.0.1:59620 - R:localhost/127.0.0.1:33535]
15:20:41.830 [Forwarding findElement on session c13eea6facf602d9762c6083412476eb to remote] DEBUG org.asynchttpclient.netty.request.NettyRequestSender - Using pooled Channel '[id: 0x2a321925, L:/127.0.0.1:59620 - R:localhost/127.0.0.1:33535]' for 'POST' to 'http://localhost:33535/session/c13eea6facf602d9762c6083412476eb/element'
15:20:41.830 [Forwarding findElement on session c13eea6facf602d9762c6083412476eb to remote] DEBUG org.asynchttpclient.netty.request.NettyRequestSender - Using open Channel [id: 0x2a321925, L:/127.0.0.1:59620 - R:localhost/127.0.0.1:33535] for POST '/session/c13eea6facf602d9762c6083412476eb/element'
15:20:41.838 [AsyncHttpClient-1-2] DEBUG org.asynchttpclient.netty.handler.HttpHandler - 

Request DefaultHttpRequest(decodeResult: success, version: HTTP/1.1)
POST /session/c13eea6facf602d9762c6083412476eb/element HTTP/1.1
User-Agent: selenium/4.0.0-beta-4 (java windows)
Content-Length: 70
Content-Type: application/json; charset=utf-8
host: localhost:33535
accept: */*

Response DefaultHttpResponse(decodeResult: success, version: HTTP/1.1)
HTTP/1.1 200 OK
Content-Type: application/json; charset=utf-8
cache-control: no-cache
content-length: 88

15:20:41.838 [AsyncHttpClient-1-2] DEBUG org.asynchttpclient.netty.channel.ChannelManager - Adding key: http://localhost:33535 for channel [id: 0x2a321925, L:/127.0.0.1:59620 - R:localhost/127.0.0.1:33535]
15:20:41.840 [Forwarding clickElement on session c13eea6facf602d9762c6083412476eb to remote] DEBUG org.asynchttpclient.netty.request.NettyRequestSender - Using pooled Channel '[id: 0x2a321925, L:/127.0.0.1:59620 - R:localhost/127.0.0.1:33535]' for 'POST' to 'http://localhost:33535/session/c13eea6facf602d9762c6083412476eb/element/57925c7e-224d-44d5-8366-c5ef24020c4f/click'
15:20:41.840 [Forwarding clickElement on session c13eea6facf602d9762c6083412476eb to remote] DEBUG org.asynchttpclient.netty.request.NettyRequestSender - Using open Channel [id: 0x2a321925, L:/127.0.0.1:59620 - R:localhost/127.0.0.1:33535] for POST '/session/c13eea6facf602d9762c6083412476eb/element/57925c7e-224d-44d5-8366-c5ef24020c4f/click'
15:20:41.868 [AsyncHttpClient-1-2] DEBUG org.asynchttpclient.netty.handler.HttpHandler - 

Request DefaultHttpRequest(decodeResult: success, version: HTTP/1.1)
POST /session/c13eea6facf602d9762c6083412476eb/element/57925c7e-224d-44d5-8366-c5ef24020c4f/click HTTP/1.1
User-Agent: selenium/4.0.0-beta-4 (java windows)
Content-Length: 50
Content-Type: application/json; charset=utf-8
host: localhost:33535
accept: */*

Response DefaultHttpResponse(decodeResult: success, version: HTTP/1.1)
HTTP/1.1 200 OK
Content-Type: application/json; charset=utf-8
cache-control: no-cache
content-length: 14

15:20:41.869 [AsyncHttpClient-1-2] DEBUG org.asynchttpclient.netty.channel.ChannelManager - Adding key: http://localhost:33535 for channel [id: 0x2a321925, L:/127.0.0.1:59620 - R:localhost/127.0.0.1:33535]
15:20:41.870 [Forwarding findElement on session c13eea6facf602d9762c6083412476eb to remote] DEBUG org.asynchttpclient.netty.request.NettyRequestSender - Using pooled Channel '[id: 0x2a321925, L:/127.0.0.1:59620 - R:localhost/127.0.0.1:33535]' for 'POST' to 'http://localhost:33535/session/c13eea6facf602d9762c6083412476eb/element'
15:20:41.870 [Forwarding findElement on session c13eea6facf602d9762c6083412476eb to remote] DEBUG org.asynchttpclient.netty.request.NettyRequestSender - Using open Channel [id: 0x2a321925, L:/127.0.0.1:59620 - R:localhost/127.0.0.1:33535] for POST '/session/c13eea6facf602d9762c6083412476eb/element'
15:20:41.875 [AsyncHttpClient-1-2] DEBUG org.asynchttpclient.netty.handler.HttpHandler - 

Request DefaultHttpRequest(decodeResult: success, version: HTTP/1.1)
POST /session/c13eea6facf602d9762c6083412476eb/element HTTP/1.1
User-Agent: selenium/4.0.0-beta-4 (java windows)
Content-Length: 70
Content-Type: application/json; charset=utf-8
host: localhost:33535
accept: */*

Response DefaultHttpResponse(decodeResult: success, version: HTTP/1.1)
HTTP/1.1 200 OK
Content-Type: application/json; charset=utf-8
cache-control: no-cache
content-length: 88

15:20:41.876 [AsyncHttpClient-1-2] DEBUG org.asynchttpclient.netty.channel.ChannelManager - Adding key: http://localhost:33535 for channel [id: 0x2a321925, L:/127.0.0.1:59620 - R:localhost/127.0.0.1:33535]
15:20:41.879 [Forwarding getElementAttribute on session c13eea6facf602d9762c6083412476eb to remote] DEBUG org.asynchttpclient.netty.request.NettyRequestSender - Using pooled Channel '[id: 0x2a321925, L:/127.0.0.1:59620 - R:localhost/127.0.0.1:33535]' for 'POST' to 'http://localhost:33535/session/c13eea6facf602d9762c6083412476eb/execute/sync'
15:20:41.879 [Forwarding getElementAttribute on session c13eea6facf602d9762c6083412476eb to remote] DEBUG org.asynchttpclient.netty.request.NettyRequestSender - Using open Channel [id: 0x2a321925, L:/127.0.0.1:59620 - R:localhost/127.0.0.1:33535] for POST '/session/c13eea6facf602d9762c6083412476eb/execute/sync'
15:20:41.888 [AsyncHttpClient-1-2] DEBUG org.asynchttpclient.netty.handler.HttpHandler - 

Request DefaultHttpRequest(decodeResult: success, version: HTTP/1.1)
POST /session/c13eea6facf602d9762c6083412476eb/execute/sync HTTP/1.1
User-Agent: selenium/4.0.0-beta-4 (java windows)
Content-Length: 47304
Content-Type: application/json; charset=utf-8
host: localhost:33535
accept: */*

Response DefaultHttpResponse(decodeResult: success, version: HTTP/1.1)
HTTP/1.1 200 OK
Content-Type: application/json; charset=utf-8
cache-control: no-cache
content-length: 12

15:20:41.888 [AsyncHttpClient-1-2] DEBUG org.asynchttpclient.netty.channel.ChannelManager - Adding key: http://localhost:33535 for channel [id: 0x2a321925, L:/127.0.0.1:59620 - R:localhost/127.0.0.1:33535]
15:20:41.889 [Forwarding findElement on session c13eea6facf602d9762c6083412476eb to remote] DEBUG org.asynchttpclient.netty.request.NettyRequestSender - Using pooled Channel '[id: 0x2a321925, L:/127.0.0.1:59620 - R:localhost/127.0.0.1:33535]' for 'POST' to 'http://localhost:33535/session/c13eea6facf602d9762c6083412476eb/element'
15:20:41.890 [Forwarding findElement on session c13eea6facf602d9762c6083412476eb to remote] DEBUG org.asynchttpclient.netty.request.NettyRequestSender - Using open Channel [id: 0x2a321925, L:/127.0.0.1:59620 - R:localhost/127.0.0.1:33535] for POST '/session/c13eea6facf602d9762c6083412476eb/element'
15:20:41.891 [AsyncHttpClient-1-1] DEBUG org.asynchttpclient.netty.channel.DefaultChannelPool - Entry count for : http://localhost:59621 : 1
15:20:41.894 [AsyncHttpClient-1-2] DEBUG org.asynchttpclient.netty.handler.HttpHandler - 

Request DefaultHttpRequest(decodeResult: success, version: HTTP/1.1)
POST /session/c13eea6facf602d9762c6083412476eb/element HTTP/1.1
User-Agent: selenium/4.0.0-beta-4 (java windows)
Content-Length: 70
Content-Type: application/json; charset=utf-8
host: localhost:33535
accept: */*

Response DefaultHttpResponse(decodeResult: success, version: HTTP/1.1)
HTTP/1.1 200 OK
Content-Type: application/json; charset=utf-8
cache-control: no-cache
content-length: 88

15:20:41.895 [AsyncHttpClient-1-2] DEBUG org.asynchttpclient.netty.channel.ChannelManager - Adding key: http://localhost:33535 for channel [id: 0x2a321925, L:/127.0.0.1:59620 - R:localhost/127.0.0.1:33535]
15:20:41.896 [Forwarding clearElement on session c13eea6facf602d9762c6083412476eb to remote] DEBUG org.asynchttpclient.netty.request.NettyRequestSender - Using pooled Channel '[id: 0x2a321925, L:/127.0.0.1:59620 - R:localhost/127.0.0.1:33535]' for 'POST' to 'http://localhost:33535/session/c13eea6facf602d9762c6083412476eb/element/57925c7e-224d-44d5-8366-c5ef24020c4f/clear'
15:20:41.896 [Forwarding clearElement on session c13eea6facf602d9762c6083412476eb to remote] DEBUG org.asynchttpclient.netty.request.NettyRequestSender - Using open Channel [id: 0x2a321925, L:/127.0.0.1:59620 - R:localhost/127.0.0.1:33535] for POST '/session/c13eea6facf602d9762c6083412476eb/element/57925c7e-224d-44d5-8366-c5ef24020c4f/clear'
15:20:41.912 [AsyncHttpClient-1-2] DEBUG org.asynchttpclient.netty.handler.HttpHandler - 

Request DefaultHttpRequest(decodeResult: success, version: HTTP/1.1)
POST /session/c13eea6facf602d9762c6083412476eb/element/57925c7e-224d-44d5-8366-c5ef24020c4f/clear HTTP/1.1
User-Agent: selenium/4.0.0-beta-4 (java windows)
Content-Length: 50
Content-Type: application/json; charset=utf-8
host: localhost:33535
accept: */*

Response DefaultHttpResponse(decodeResult: success, version: HTTP/1.1)
HTTP/1.1 200 OK
Content-Type: application/json; charset=utf-8
cache-control: no-cache
content-length: 14

15:20:41.913 [AsyncHttpClient-1-2] DEBUG org.asynchttpclient.netty.channel.ChannelManager - Adding key: http://localhost:33535 for channel [id: 0x2a321925, L:/127.0.0.1:59620 - R:localhost/127.0.0.1:33535]
15:20:41.914 [Forwarding findElement on session c13eea6facf602d9762c6083412476eb to remote] DEBUG org.asynchttpclient.netty.request.NettyRequestSender - Using pooled Channel '[id: 0x2a321925, L:/127.0.0.1:59620 - R:localhost/127.0.0.1:33535]' for 'POST' to 'http://localhost:33535/session/c13eea6facf602d9762c6083412476eb/element'
15:20:41.914 [Forwarding findElement on session c13eea6facf602d9762c6083412476eb to remote] DEBUG org.asynchttpclient.netty.request.NettyRequestSender - Using open Channel [id: 0x2a321925, L:/127.0.0.1:59620 - R:localhost/127.0.0.1:33535] for POST '/session/c13eea6facf602d9762c6083412476eb/element'
15:20:41.920 [AsyncHttpClient-1-2] DEBUG org.asynchttpclient.netty.handler.HttpHandler - 

Request DefaultHttpRequest(decodeResult: success, version: HTTP/1.1)
POST /session/c13eea6facf602d9762c6083412476eb/element HTTP/1.1
User-Agent: selenium/4.0.0-beta-4 (java windows)
Content-Length: 70
Content-Type: application/json; charset=utf-8
host: localhost:33535
accept: */*

Response DefaultHttpResponse(decodeResult: success, version: HTTP/1.1)
HTTP/1.1 200 OK
Content-Type: application/json; charset=utf-8
cache-control: no-cache
content-length: 88

15:20:41.920 [AsyncHttpClient-1-2] DEBUG org.asynchttpclient.netty.channel.ChannelManager - Adding key: http://localhost:33535 for channel [id: 0x2a321925, L:/127.0.0.1:59620 - R:localhost/127.0.0.1:33535]
15:20:41.922 [Forwarding sendKeysToElement on session c13eea6facf602d9762c6083412476eb to remote] DEBUG org.asynchttpclient.netty.request.NettyRequestSender - Using pooled Channel '[id: 0x2a321925, L:/127.0.0.1:59620 - R:localhost/127.0.0.1:33535]' for 'POST' to 'http://localhost:33535/session/c13eea6facf602d9762c6083412476eb/element/57925c7e-224d-44d5-8366-c5ef24020c4f/value'
15:20:41.922 [Forwarding sendKeysToElement on session c13eea6facf602d9762c6083412476eb to remote] DEBUG org.asynchttpclient.netty.request.NettyRequestSender - Using open Channel [id: 0x2a321925, L:/127.0.0.1:59620 - R:localhost/127.0.0.1:33535] for POST '/session/c13eea6facf602d9762c6083412476eb/element/57925c7e-224d-44d5-8366-c5ef24020c4f/value'
15:20:41.942 [AsyncHttpClient-1-2] DEBUG org.asynchttpclient.netty.handler.HttpHandler - 

Request DefaultHttpRequest(decodeResult: success, version: HTTP/1.1)
POST /session/c13eea6facf602d9762c6083412476eb/element/57925c7e-224d-44d5-8366-c5ef24020c4f/value HTTP/1.1
User-Agent: selenium/4.0.0-beta-4 (java windows)
Content-Length: 161
Content-Type: application/json; charset=utf-8
host: localhost:33535
accept: */*

Response DefaultHttpResponse(decodeResult: success, version: HTTP/1.1)
HTTP/1.1 200 OK
Content-Type: application/json; charset=utf-8
cache-control: no-cache
content-length: 14

15:20:41.942 [AsyncHttpClient-1-2] DEBUG org.asynchttpclient.netty.channel.ChannelManager - Adding key: http://localhost:33535 for channel [id: 0x2a321925, L:/127.0.0.1:59620 - R:localhost/127.0.0.1:33535]
15:20:41.943 [Forwarding findElement on session c13eea6facf602d9762c6083412476eb to remote] DEBUG org.asynchttpclient.netty.request.NettyRequestSender - Using pooled Channel '[id: 0x2a321925, L:/127.0.0.1:59620 - R:localhost/127.0.0.1:33535]' for 'POST' to 'http://localhost:33535/session/c13eea6facf602d9762c6083412476eb/element'
15:20:41.943 [Forwarding findElement on session c13eea6facf602d9762c6083412476eb to remote] DEBUG org.asynchttpclient.netty.request.NettyRequestSender - Using open Channel [id: 0x2a321925, L:/127.0.0.1:59620 - R:localhost/127.0.0.1:33535] for POST '/session/c13eea6facf602d9762c6083412476eb/element'
15:20:41.952 [AsyncHttpClient-1-2] DEBUG org.asynchttpclient.netty.handler.HttpHandler - 

Request DefaultHttpRequest(decodeResult: success, version: HTTP/1.1)
POST /session/c13eea6facf602d9762c6083412476eb/element HTTP/1.1
User-Agent: selenium/4.0.0-beta-4 (java windows)
Content-Length: 126
Content-Type: application/json; charset=utf-8
host: localhost:33535
accept: */*

Response DefaultHttpResponse(decodeResult: success, version: HTTP/1.1)
HTTP/1.1 200 OK
Content-Type: application/json; charset=utf-8
cache-control: no-cache
content-length: 88

15:20:41.952 [AsyncHttpClient-1-2] DEBUG org.asynchttpclient.netty.channel.ChannelManager - Adding key: http://localhost:33535 for channel [id: 0x2a321925, L:/127.0.0.1:59620 - R:localhost/127.0.0.1:33535]
15:20:41.954 [Forwarding clickElement on session c13eea6facf602d9762c6083412476eb to remote] DEBUG org.asynchttpclient.netty.request.NettyRequestSender - Using pooled Channel '[id: 0x2a321925, L:/127.0.0.1:59620 - R:localhost/127.0.0.1:33535]' for 'POST' to 'http://localhost:33535/session/c13eea6facf602d9762c6083412476eb/element/7b4001e6-1cd2-4f8a-8023-0a356df63014/click'
15:20:41.954 [Forwarding clickElement on session c13eea6facf602d9762c6083412476eb to remote] DEBUG org.asynchttpclient.netty.request.NettyRequestSender - Using open Channel [id: 0x2a321925, L:/127.0.0.1:59620 - R:localhost/127.0.0.1:33535] for POST '/session/c13eea6facf602d9762c6083412476eb/element/7b4001e6-1cd2-4f8a-8023-0a356df63014/click'
15:20:42.106 [AsyncHttpClient-1-2] DEBUG org.asynchttpclient.netty.handler.HttpHandler - 

Request DefaultHttpRequest(decodeResult: success, version: HTTP/1.1)
POST /session/c13eea6facf602d9762c6083412476eb/element/7b4001e6-1cd2-4f8a-8023-0a356df63014/click HTTP/1.1
User-Agent: selenium/4.0.0-beta-4 (java windows)
Content-Length: 50
Content-Type: application/json; charset=utf-8
host: localhost:33535
accept: */*

Response DefaultHttpResponse(decodeResult: success, version: HTTP/1.1)
HTTP/1.1 200 OK
Content-Type: application/json; charset=utf-8
cache-control: no-cache
content-length: 14

15:20:42.106 [AsyncHttpClient-1-2] DEBUG org.asynchttpclient.netty.channel.ChannelManager - Adding key: http://localhost:33535 for channel [id: 0x2a321925, L:/127.0.0.1:59620 - R:localhost/127.0.0.1:33535]
15:20:42.531 [Test worker] INFO org.subethamail.smtp.server.SMTPServer - SMTP server *:25 stopping
15:20:42.531 [Test worker] DEBUG org.subethamail.smtp.server.ServerThread - SMTP Server socket shut down
15:20:42.531 [org.subethamail.smtp.server.ServerThread *:25] INFO org.subethamail.smtp.server.ServerThread - SMTP server *:25 stopped
]]></system-out>
  <system-err><![CDATA[Starting ChromeDriver 93.0.4577.63 (ff5c0da2ec0adeaed5550e6c7e98417dac77d98a-refs/branch-heads/4577@{#1135}) on port 33535
Only local connections are allowed.
Please see https://chromedriver.chromium.org/security-considerations for suggestions on keeping ChromeDriver safe.
ChromeDriver was started successfully.
сен 25, 2021 3:20:40 PM org.openqa.selenium.remote.ProtocolHandshake createSession
INFO: Detected dialect: W3C
сен 25, 2021 3:20:40 PM org.openqa.selenium.devtools.CdpVersionFinder findNearestMatch
WARNING: Unable to find an exact match for CDP version 93, so returning the closest version found: 91
сен 25, 2021 3:20:40 PM org.openqa.selenium.devtools.CdpVersionFinder findNearestMatch
INFO: Found CDP implementation for version 93 of 91
]]></system-err>
</testsuite>
