<?xml version="1.0" encoding="UTF-8"?>
<testsuite name="ru.my.pack.mantis.tests.ChangePasswordTests" tests="1" skipped="0" failures="0" errors="0" timestamp="2021-10-04T09:56:16" hostname="PENTOGON" time="7.76">
  <properties/>
  <testcase name="changePasswordTest" classname="ru.my.pack.mantis.tests.ChangePasswordTests" time="7.76"/>
  <system-out><![CDATA[12:56:16.121 [Test worker] DEBUG org.subethamail.smtp.server.CommandHandler - Added command: AUTH
12:56:16.121 [Test worker] DEBUG org.subethamail.smtp.server.CommandHandler - Added command: DATA
12:56:16.121 [Test worker] DEBUG org.subethamail.smtp.server.CommandHandler - Added command: EHLO
12:56:16.121 [Test worker] DEBUG org.subethamail.smtp.server.CommandHandler - Added command: HELO
12:56:16.121 [Test worker] DEBUG org.subethamail.smtp.server.CommandHandler - Added command: HELP
12:56:16.121 [Test worker] DEBUG org.subethamail.smtp.server.CommandHandler - Added command: MAIL
12:56:16.121 [Test worker] DEBUG org.subethamail.smtp.server.CommandHandler - Added command: NOOP
12:56:16.121 [Test worker] DEBUG org.subethamail.smtp.server.CommandHandler - Added command: QUIT
12:56:16.121 [Test worker] DEBUG org.subethamail.smtp.server.CommandHandler - Added command: RCPT
12:56:16.121 [Test worker] DEBUG org.subethamail.smtp.server.CommandHandler - Added command: RSET
12:56:16.121 [Test worker] DEBUG org.subethamail.smtp.server.CommandHandler - Added command: STARTTLS
12:56:16.121 [Test worker] DEBUG org.subethamail.smtp.server.CommandHandler - Added command: VRFY
12:56:16.121 [Test worker] INFO org.subethamail.smtp.server.SMTPServer - SMTP server *:25 starting
12:56:16.124 [org.subethamail.smtp.server.ServerThread *:25] INFO org.subethamail.smtp.server.ServerThread - SMTP server *:25 started
12:56:16.185 [Test worker] DEBUG io.netty.util.internal.logging.InternalLoggerFactory - Using SLF4J as the default logging framework
12:56:16.188 [Test worker] DEBUG io.netty.util.ResourceLeakDetector - -Dio.netty.leakDetection.level: simple
12:56:16.188 [Test worker] DEBUG io.netty.util.ResourceLeakDetector - -Dio.netty.leakDetection.targetRecords: 4
12:56:16.192 [Test worker] DEBUG io.netty.util.ResourceLeakDetectorFactory - Loaded default ResourceLeakDetector: io.netty.util.ResourceLeakDetector@73126928
12:56:16.231 [Test worker] DEBUG io.netty.util.internal.PlatformDependent - Platform: Windows
12:56:16.232 [Test worker] DEBUG io.netty.util.internal.PlatformDependent0 - -Dio.netty.noUnsafe: false
12:56:16.232 [Test worker] DEBUG io.netty.util.internal.PlatformDependent0 - Java version: 8
12:56:16.233 [Test worker] DEBUG io.netty.util.internal.PlatformDependent0 - sun.misc.Unsafe.theUnsafe: available
12:56:16.233 [Test worker] DEBUG io.netty.util.internal.PlatformDependent0 - sun.misc.Unsafe.copyMemory: available
12:56:16.233 [Test worker] DEBUG io.netty.util.internal.PlatformDependent0 - java.nio.Buffer.address: available
12:56:16.234 [Test worker] DEBUG io.netty.util.internal.PlatformDependent0 - direct buffer constructor: available
12:56:16.234 [Test worker] DEBUG io.netty.util.internal.PlatformDependent0 - java.nio.Bits.unaligned: available, true
12:56:16.234 [Test worker] DEBUG io.netty.util.internal.PlatformDependent0 - jdk.internal.misc.Unsafe.allocateUninitializedArray(int): unavailable prior to Java9
12:56:16.234 [Test worker] DEBUG io.netty.util.internal.PlatformDependent0 - java.nio.DirectByteBuffer.<init>(long, int): available
12:56:16.234 [Test worker] DEBUG io.netty.util.internal.PlatformDependent - sun.misc.Unsafe: available
12:56:16.235 [Test worker] DEBUG io.netty.util.internal.PlatformDependent - -Dio.netty.tmpdir: C:\Users\B7E3~1\AppData\Local\Temp (java.io.tmpdir)
12:56:16.235 [Test worker] DEBUG io.netty.util.internal.PlatformDependent - -Dio.netty.bitMode: 64 (sun.arch.data.model)
12:56:16.235 [Test worker] DEBUG io.netty.util.internal.PlatformDependent - -Dio.netty.maxDirectMemory: 477626368 bytes
12:56:16.235 [Test worker] DEBUG io.netty.util.internal.PlatformDependent - -Dio.netty.uninitializedArrayAllocationThreshold: -1
12:56:16.236 [Test worker] DEBUG io.netty.util.internal.CleanerJava6 - java.nio.ByteBuffer.cleaner(): available
12:56:16.236 [Test worker] DEBUG io.netty.util.internal.PlatformDependent - -Dio.netty.noPreferDirect: false
12:56:16.244 [Test worker] DEBUG io.netty.util.internal.PlatformDependent - org.jctools-core.MpscChunkedArrayQueue: available
12:56:16.264 [Test worker] DEBUG io.netty.util.internal.InternalThreadLocalMap - -Dio.netty.threadLocalMap.stringBuilder.initialSize: 1024
12:56:16.264 [Test worker] DEBUG io.netty.util.internal.InternalThreadLocalMap - -Dio.netty.threadLocalMap.stringBuilder.maxSize: 4096
12:56:16.464 [Test worker] DEBUG io.netty.handler.ssl.JdkSslContext - Default protocols (JDK): [TLSv1.2, TLSv1.1, TLSv1] 
12:56:16.464 [Test worker] DEBUG io.netty.handler.ssl.JdkSslContext - Default cipher suites (JDK): [TLS_ECDHE_ECDSA_WITH_AES_256_GCM_SHA384, TLS_ECDHE_ECDSA_WITH_AES_128_GCM_SHA256, TLS_ECDHE_RSA_WITH_AES_128_GCM_SHA256, TLS_ECDHE_RSA_WITH_AES_256_GCM_SHA384, TLS_ECDHE_RSA_WITH_AES_128_CBC_SHA, TLS_ECDHE_RSA_WITH_AES_256_CBC_SHA, TLS_RSA_WITH_AES_128_GCM_SHA256, TLS_RSA_WITH_AES_128_CBC_SHA, TLS_RSA_WITH_AES_256_CBC_SHA]
12:56:16.493 [Test worker] DEBUG io.netty.channel.MultithreadEventLoopGroup - -Dio.netty.eventLoopThreads: 24
12:56:16.504 [Test worker] DEBUG io.netty.channel.nio.NioEventLoop - -Dio.netty.noKeySetOptimization: false
12:56:16.505 [Test worker] DEBUG io.netty.channel.nio.NioEventLoop - -Dio.netty.selectorAutoRebuildThreshold: 512
12:56:16.536 [Test worker] DEBUG io.netty.buffer.PooledByteBufAllocator - -Dio.netty.allocator.numHeapArenas: 4
12:56:16.536 [Test worker] DEBUG io.netty.buffer.PooledByteBufAllocator - -Dio.netty.allocator.numDirectArenas: 4
12:56:16.536 [Test worker] DEBUG io.netty.buffer.PooledByteBufAllocator - -Dio.netty.allocator.pageSize: 8192
12:56:16.536 [Test worker] DEBUG io.netty.buffer.PooledByteBufAllocator - -Dio.netty.allocator.maxOrder: 11
12:56:16.536 [Test worker] DEBUG io.netty.buffer.PooledByteBufAllocator - -Dio.netty.allocator.chunkSize: 16777216
12:56:16.536 [Test worker] DEBUG io.netty.buffer.PooledByteBufAllocator - -Dio.netty.allocator.smallCacheSize: 256
12:56:16.537 [Test worker] DEBUG io.netty.buffer.PooledByteBufAllocator - -Dio.netty.allocator.normalCacheSize: 64
12:56:16.537 [Test worker] DEBUG io.netty.buffer.PooledByteBufAllocator - -Dio.netty.allocator.maxCachedBufferCapacity: 32768
12:56:16.537 [Test worker] DEBUG io.netty.buffer.PooledByteBufAllocator - -Dio.netty.allocator.cacheTrimInterval: 8192
12:56:16.537 [Test worker] DEBUG io.netty.buffer.PooledByteBufAllocator - -Dio.netty.allocator.cacheTrimIntervalMillis: 0
12:56:16.537 [Test worker] DEBUG io.netty.buffer.PooledByteBufAllocator - -Dio.netty.allocator.useCacheForAllThreads: true
12:56:16.537 [Test worker] DEBUG io.netty.buffer.PooledByteBufAllocator - -Dio.netty.allocator.maxCachedByteBuffersPerChunk: 1023
12:56:16.546 [Test worker] DEBUG io.netty.buffer.ByteBufUtil - -Dio.netty.allocator.type: pooled
12:56:16.546 [Test worker] DEBUG io.netty.buffer.ByteBufUtil - -Dio.netty.threadLocalDirectBufferSize: 0
12:56:16.546 [Test worker] DEBUG io.netty.buffer.ByteBufUtil - -Dio.netty.maxThreadLocalCharBufferSize: 16384
12:56:17.297 [Forwarding newSession on session null to remote] DEBUG io.netty.channel.DefaultChannelId - -Dio.netty.processId: 12352 (auto-detected)
12:56:17.298 [Forwarding newSession on session null to remote] DEBUG io.netty.util.NetUtil - -Djava.net.preferIPv4Stack: false
12:56:17.298 [Forwarding newSession on session null to remote] DEBUG io.netty.util.NetUtil - -Djava.net.preferIPv6Addresses: false
12:56:17.349 [Forwarding newSession on session null to remote] DEBUG io.netty.util.NetUtilInitializations - Loopback interface: lo (Software Loopback Interface 1, 127.0.0.1)
12:56:17.350 [Forwarding newSession on session null to remote] DEBUG io.netty.util.NetUtil - Failed to get SOMAXCONN from sysctl and file \proc\sys\net\core\somaxconn. Default: 200
12:56:17.404 [Forwarding newSession on session null to remote] DEBUG io.netty.channel.DefaultChannelId - -Dio.netty.machineId: 00:05:9a:ff:fe:3c:7a:00 (auto-detected)
12:56:17.443 [AsyncHttpClient-1-2] DEBUG io.netty.buffer.AbstractByteBuf - -Dio.netty.buffer.checkAccessible: true
12:56:17.443 [AsyncHttpClient-1-2] DEBUG io.netty.buffer.AbstractByteBuf - -Dio.netty.buffer.checkBounds: true
12:56:17.443 [AsyncHttpClient-1-2] DEBUG io.netty.util.ResourceLeakDetectorFactory - Loaded default ResourceLeakDetector: io.netty.util.ResourceLeakDetector@62352521
12:56:17.451 [AsyncHttpClient-1-2] DEBUG org.asynchttpclient.netty.channel.NettyConnectListener - Using new Channel '[id: 0x52157658, L:/127.0.0.1:65064 - R:localhost/127.0.0.1:8137]' for 'POST' to '/session'
12:56:17.465 [AsyncHttpClient-1-2] DEBUG io.netty.util.Recycler - -Dio.netty.recycler.maxCapacityPerThread: 4096
12:56:17.465 [AsyncHttpClient-1-2] DEBUG io.netty.util.Recycler - -Dio.netty.recycler.maxSharedCapacityFactor: 2
12:56:17.465 [AsyncHttpClient-1-2] DEBUG io.netty.util.Recycler - -Dio.netty.recycler.linkCapacity: 16
12:56:17.465 [AsyncHttpClient-1-2] DEBUG io.netty.util.Recycler - -Dio.netty.recycler.ratio: 8
12:56:17.465 [AsyncHttpClient-1-2] DEBUG io.netty.util.Recycler - -Dio.netty.recycler.delayedQueue.ratio: 8
12:56:18.028 [AsyncHttpClient-1-2] DEBUG org.asynchttpclient.netty.handler.HttpHandler - 

Request DefaultHttpRequest(decodeResult: success, version: HTTP/1.1)
POST /session HTTP/1.1
User-Agent: selenium/4.0.0-beta-4 (java windows)
Content-Length: 365
Content-Type: application/json; charset=utf-8
host: localhost:8137
accept: */*

Response DefaultHttpResponse(decodeResult: success, version: HTTP/1.1)
HTTP/1.1 200 OK
Content-Type: application/json; charset=utf-8
cache-control: no-cache
content-length: 789

12:56:18.044 [AsyncHttpClient-1-2] DEBUG org.asynchttpclient.netty.channel.ChannelManager - Adding key: http://localhost:8137 for channel [id: 0x52157658, L:/127.0.0.1:65064 - R:localhost/127.0.0.1:8137]
12:56:18.131 [AsyncHttpClient-1-3] DEBUG org.asynchttpclient.netty.channel.NettyConnectListener - Using new Channel '[id: 0x746fb630, L:/127.0.0.1:55213 - R:localhost/127.0.0.1:65065]' for 'GET' to '/json/version'
12:56:18.133 [AsyncHttpClient-1-3] DEBUG org.asynchttpclient.netty.handler.HttpHandler - 

Request DefaultFullHttpRequest(decodeResult: success, version: HTTP/1.1, content: EmptyByteBufBE)
GET /json/version HTTP/1.1
User-Agent: selenium/4.0.0-beta-4 (java windows)
host: localhost:65065
accept: */*

Response DefaultHttpResponse(decodeResult: success, version: HTTP/1.1)
HTTP/1.1 200 OK
Content-Type: application/json; charset=UTF-8
content-length: 424

12:56:18.134 [AsyncHttpClient-1-3] DEBUG org.asynchttpclient.netty.channel.ChannelManager - Adding key: http://localhost:65065 for channel [id: 0x746fb630, L:/127.0.0.1:55213 - R:localhost/127.0.0.1:65065]
12:56:18.141 [Test worker] DEBUG io.netty.util.internal.ThreadLocalRandom - -Dio.netty.initialSeedUniquifier: 0xee11699ad2ee9697
12:56:18.144 [AsyncHttpClient-1-4] DEBUG org.asynchttpclient.netty.channel.NettyConnectListener - Using new Channel '[id: 0x7779e4c9, L:/127.0.0.1:55214 - R:localhost/127.0.0.1:65065]' for 'GET' to '/devtools/browser/5ca62af9-0889-4b81-82ae-935ad13acbb0'
12:56:18.146 [AsyncHttpClient-1-4] DEBUG org.asynchttpclient.netty.handler.WebSocketHandler - 

Request DefaultFullHttpRequest(decodeResult: success, version: HTTP/1.1, content: EmptyByteBufBE)
GET /devtools/browser/5ca62af9-0889-4b81-82ae-935ad13acbb0 HTTP/1.1
upgrade: websocket
connection: upgrade
sec-websocket-key: DYKZzvFFAiK683kjLTNG9Q==
sec-websocket-version: 13
origin: http://localhost:65065
host: localhost:65065
accept: */*
user-agent: AHC/2.1

Response DefaultHttpResponse(decodeResult: success, version: HTTP/1.1)
HTTP/1.1 101 WebSocket Protocol Handshake
Upgrade: WebSocket
Connection: Upgrade
Sec-WebSocket-Accept: VTINgaPgg7/ZGN8B8ZezGloNmZI=

12:56:18.183 [Forwarding setTimeout on session 0331672407ceeef3b3f5b1fa0b6a12c2 to remote] DEBUG org.asynchttpclient.netty.request.NettyRequestSender - Using pooled Channel '[id: 0x52157658, L:/127.0.0.1:65064 - R:localhost/127.0.0.1:8137]' for 'POST' to 'http://localhost:8137/session/0331672407ceeef3b3f5b1fa0b6a12c2/timeouts'
12:56:18.183 [Forwarding setTimeout on session 0331672407ceeef3b3f5b1fa0b6a12c2 to remote] DEBUG org.asynchttpclient.netty.request.NettyRequestSender - Using open Channel [id: 0x52157658, L:/127.0.0.1:65064 - R:localhost/127.0.0.1:8137] for POST '/session/0331672407ceeef3b3f5b1fa0b6a12c2/timeouts'
12:56:18.188 [AsyncHttpClient-1-2] DEBUG org.asynchttpclient.netty.handler.HttpHandler - 

Request DefaultHttpRequest(decodeResult: success, version: HTTP/1.1)
POST /session/0331672407ceeef3b3f5b1fa0b6a12c2/timeouts HTTP/1.1
User-Agent: selenium/4.0.0-beta-4 (java windows)
Content-Length: 19
Content-Type: application/json; charset=utf-8
host: localhost:8137
accept: */*

Response DefaultHttpResponse(decodeResult: success, version: HTTP/1.1)
HTTP/1.1 200 OK
Content-Type: application/json; charset=utf-8
cache-control: no-cache
content-length: 14

12:56:18.188 [AsyncHttpClient-1-2] DEBUG org.asynchttpclient.netty.channel.ChannelManager - Adding key: http://localhost:8137 for channel [id: 0x52157658, L:/127.0.0.1:65064 - R:localhost/127.0.0.1:8137]
12:56:18.190 [Forwarding get on session 0331672407ceeef3b3f5b1fa0b6a12c2 to remote] DEBUG org.asynchttpclient.netty.request.NettyRequestSender - Using pooled Channel '[id: 0x52157658, L:/127.0.0.1:65064 - R:localhost/127.0.0.1:8137]' for 'POST' to 'http://localhost:8137/session/0331672407ceeef3b3f5b1fa0b6a12c2/url'
12:56:18.190 [Forwarding get on session 0331672407ceeef3b3f5b1fa0b6a12c2 to remote] DEBUG org.asynchttpclient.netty.request.NettyRequestSender - Using open Channel [id: 0x52157658, L:/127.0.0.1:65064 - R:localhost/127.0.0.1:8137] for POST '/session/0331672407ceeef3b3f5b1fa0b6a12c2/url'
12:56:18.649 [AsyncHttpClient-1-1] DEBUG org.asynchttpclient.netty.channel.DefaultChannelPool - Entry count for : http://localhost:65065 : 1
12:56:19.749 [AsyncHttpClient-1-1] DEBUG org.asynchttpclient.netty.channel.DefaultChannelPool - Entry count for : http://localhost:65065 : 1
12:56:20.091 [AsyncHttpClient-1-2] DEBUG org.asynchttpclient.netty.handler.HttpHandler - 

Request DefaultHttpRequest(decodeResult: success, version: HTTP/1.1)
POST /session/0331672407ceeef3b3f5b1fa0b6a12c2/url HTTP/1.1
User-Agent: selenium/4.0.0-beta-4 (java windows)
Content-Length: 62
Content-Type: application/json; charset=utf-8
host: localhost:8137
accept: */*

Response DefaultHttpResponse(decodeResult: success, version: HTTP/1.1)
HTTP/1.1 200 OK
Content-Type: application/json; charset=utf-8
cache-control: no-cache
content-length: 14

12:56:20.092 [AsyncHttpClient-1-2] DEBUG org.asynchttpclient.netty.channel.ChannelManager - Adding key: http://localhost:8137 for channel [id: 0x52157658, L:/127.0.0.1:65064 - R:localhost/127.0.0.1:8137]
12:56:20.094 [Forwarding get on session 0331672407ceeef3b3f5b1fa0b6a12c2 to remote] DEBUG org.asynchttpclient.netty.request.NettyRequestSender - Using pooled Channel '[id: 0x52157658, L:/127.0.0.1:65064 - R:localhost/127.0.0.1:8137]' for 'POST' to 'http://localhost:8137/session/0331672407ceeef3b3f5b1fa0b6a12c2/url'
12:56:20.094 [Forwarding get on session 0331672407ceeef3b3f5b1fa0b6a12c2 to remote] DEBUG org.asynchttpclient.netty.request.NettyRequestSender - Using open Channel [id: 0x52157658, L:/127.0.0.1:65064 - R:localhost/127.0.0.1:8137] for POST '/session/0331672407ceeef3b3f5b1fa0b6a12c2/url'
12:56:20.305 [AsyncHttpClient-1-2] DEBUG org.asynchttpclient.netty.handler.HttpHandler - 

Request DefaultHttpRequest(decodeResult: success, version: HTTP/1.1)
POST /session/0331672407ceeef3b3f5b1fa0b6a12c2/url HTTP/1.1
User-Agent: selenium/4.0.0-beta-4 (java windows)
Content-Length: 82
Content-Type: application/json; charset=utf-8
host: localhost:8137
accept: */*

Response DefaultHttpResponse(decodeResult: success, version: HTTP/1.1)
HTTP/1.1 200 OK
Content-Type: application/json; charset=utf-8
cache-control: no-cache
content-length: 14

12:56:20.305 [AsyncHttpClient-1-2] DEBUG org.asynchttpclient.netty.channel.ChannelManager - Adding key: http://localhost:8137 for channel [id: 0x52157658, L:/127.0.0.1:65064 - R:localhost/127.0.0.1:8137]
12:56:20.306 [Forwarding findElement on session 0331672407ceeef3b3f5b1fa0b6a12c2 to remote] DEBUG org.asynchttpclient.netty.request.NettyRequestSender - Using pooled Channel '[id: 0x52157658, L:/127.0.0.1:65064 - R:localhost/127.0.0.1:8137]' for 'POST' to 'http://localhost:8137/session/0331672407ceeef3b3f5b1fa0b6a12c2/element'
12:56:20.306 [Forwarding findElement on session 0331672407ceeef3b3f5b1fa0b6a12c2 to remote] DEBUG org.asynchttpclient.netty.request.NettyRequestSender - Using open Channel [id: 0x52157658, L:/127.0.0.1:65064 - R:localhost/127.0.0.1:8137] for POST '/session/0331672407ceeef3b3f5b1fa0b6a12c2/element'
12:56:20.316 [AsyncHttpClient-1-2] DEBUG org.asynchttpclient.netty.handler.HttpHandler - 

Request DefaultHttpRequest(decodeResult: success, version: HTTP/1.1)
POST /session/0331672407ceeef3b3f5b1fa0b6a12c2/element HTTP/1.1
User-Agent: selenium/4.0.0-beta-4 (java windows)
Content-Length: 62
Content-Type: application/json; charset=utf-8
host: localhost:8137
accept: */*

Response DefaultHttpResponse(decodeResult: success, version: HTTP/1.1)
HTTP/1.1 200 OK
Content-Type: application/json; charset=utf-8
cache-control: no-cache
content-length: 88

12:56:20.316 [AsyncHttpClient-1-2] DEBUG org.asynchttpclient.netty.channel.ChannelManager - Adding key: http://localhost:8137 for channel [id: 0x52157658, L:/127.0.0.1:65064 - R:localhost/127.0.0.1:8137]
12:56:20.319 [Forwarding clickElement on session 0331672407ceeef3b3f5b1fa0b6a12c2 to remote] DEBUG org.asynchttpclient.netty.request.NettyRequestSender - Using pooled Channel '[id: 0x52157658, L:/127.0.0.1:65064 - R:localhost/127.0.0.1:8137]' for 'POST' to 'http://localhost:8137/session/0331672407ceeef3b3f5b1fa0b6a12c2/element/ac7bcb8d-2925-44a2-9d3d-6a2713e1c1d6/click'
12:56:20.319 [Forwarding clickElement on session 0331672407ceeef3b3f5b1fa0b6a12c2 to remote] DEBUG org.asynchttpclient.netty.request.NettyRequestSender - Using open Channel [id: 0x52157658, L:/127.0.0.1:65064 - R:localhost/127.0.0.1:8137] for POST '/session/0331672407ceeef3b3f5b1fa0b6a12c2/element/ac7bcb8d-2925-44a2-9d3d-6a2713e1c1d6/click'
12:56:20.353 [AsyncHttpClient-1-2] DEBUG org.asynchttpclient.netty.handler.HttpHandler - 

Request DefaultHttpRequest(decodeResult: success, version: HTTP/1.1)
POST /session/0331672407ceeef3b3f5b1fa0b6a12c2/element/ac7bcb8d-2925-44a2-9d3d-6a2713e1c1d6/click HTTP/1.1
User-Agent: selenium/4.0.0-beta-4 (java windows)
Content-Length: 50
Content-Type: application/json; charset=utf-8
host: localhost:8137
accept: */*

Response DefaultHttpResponse(decodeResult: success, version: HTTP/1.1)
HTTP/1.1 200 OK
Content-Type: application/json; charset=utf-8
cache-control: no-cache
content-length: 14

12:56:20.353 [AsyncHttpClient-1-2] DEBUG org.asynchttpclient.netty.channel.ChannelManager - Adding key: http://localhost:8137 for channel [id: 0x52157658, L:/127.0.0.1:65064 - R:localhost/127.0.0.1:8137]
12:56:20.354 [Forwarding findElement on session 0331672407ceeef3b3f5b1fa0b6a12c2 to remote] DEBUG org.asynchttpclient.netty.request.NettyRequestSender - Using pooled Channel '[id: 0x52157658, L:/127.0.0.1:65064 - R:localhost/127.0.0.1:8137]' for 'POST' to 'http://localhost:8137/session/0331672407ceeef3b3f5b1fa0b6a12c2/element'
12:56:20.354 [Forwarding findElement on session 0331672407ceeef3b3f5b1fa0b6a12c2 to remote] DEBUG org.asynchttpclient.netty.request.NettyRequestSender - Using open Channel [id: 0x52157658, L:/127.0.0.1:65064 - R:localhost/127.0.0.1:8137] for POST '/session/0331672407ceeef3b3f5b1fa0b6a12c2/element'
12:56:20.359 [AsyncHttpClient-1-2] DEBUG org.asynchttpclient.netty.handler.HttpHandler - 

Request DefaultHttpRequest(decodeResult: success, version: HTTP/1.1)
POST /session/0331672407ceeef3b3f5b1fa0b6a12c2/element HTTP/1.1
User-Agent: selenium/4.0.0-beta-4 (java windows)
Content-Length: 62
Content-Type: application/json; charset=utf-8
host: localhost:8137
accept: */*

Response DefaultHttpResponse(decodeResult: success, version: HTTP/1.1)
HTTP/1.1 200 OK
Content-Type: application/json; charset=utf-8
cache-control: no-cache
content-length: 88

12:56:20.359 [AsyncHttpClient-1-2] DEBUG org.asynchttpclient.netty.channel.ChannelManager - Adding key: http://localhost:8137 for channel [id: 0x52157658, L:/127.0.0.1:65064 - R:localhost/127.0.0.1:8137]
12:56:20.373 [Forwarding getElementAttribute on session 0331672407ceeef3b3f5b1fa0b6a12c2 to remote] DEBUG org.asynchttpclient.netty.request.NettyRequestSender - Using pooled Channel '[id: 0x52157658, L:/127.0.0.1:65064 - R:localhost/127.0.0.1:8137]' for 'POST' to 'http://localhost:8137/session/0331672407ceeef3b3f5b1fa0b6a12c2/execute/sync'
12:56:20.373 [Forwarding getElementAttribute on session 0331672407ceeef3b3f5b1fa0b6a12c2 to remote] DEBUG org.asynchttpclient.netty.request.NettyRequestSender - Using open Channel [id: 0x52157658, L:/127.0.0.1:65064 - R:localhost/127.0.0.1:8137] for POST '/session/0331672407ceeef3b3f5b1fa0b6a12c2/execute/sync'
12:56:20.383 [AsyncHttpClient-1-2] DEBUG org.asynchttpclient.netty.handler.HttpHandler - 

Request DefaultHttpRequest(decodeResult: success, version: HTTP/1.1)
POST /session/0331672407ceeef3b3f5b1fa0b6a12c2/execute/sync HTTP/1.1
User-Agent: selenium/4.0.0-beta-4 (java windows)
Content-Length: 47304
Content-Type: application/json; charset=utf-8
host: localhost:8137
accept: */*

Response DefaultHttpResponse(decodeResult: success, version: HTTP/1.1)
HTTP/1.1 200 OK
Content-Type: application/json; charset=utf-8
cache-control: no-cache
content-length: 12

12:56:20.384 [AsyncHttpClient-1-2] DEBUG org.asynchttpclient.netty.channel.ChannelManager - Adding key: http://localhost:8137 for channel [id: 0x52157658, L:/127.0.0.1:65064 - R:localhost/127.0.0.1:8137]
12:56:20.385 [Forwarding findElement on session 0331672407ceeef3b3f5b1fa0b6a12c2 to remote] DEBUG org.asynchttpclient.netty.request.NettyRequestSender - Using pooled Channel '[id: 0x52157658, L:/127.0.0.1:65064 - R:localhost/127.0.0.1:8137]' for 'POST' to 'http://localhost:8137/session/0331672407ceeef3b3f5b1fa0b6a12c2/element'
12:56:20.385 [Forwarding findElement on session 0331672407ceeef3b3f5b1fa0b6a12c2 to remote] DEBUG org.asynchttpclient.netty.request.NettyRequestSender - Using open Channel [id: 0x52157658, L:/127.0.0.1:65064 - R:localhost/127.0.0.1:8137] for POST '/session/0331672407ceeef3b3f5b1fa0b6a12c2/element'
12:56:20.391 [AsyncHttpClient-1-2] DEBUG org.asynchttpclient.netty.handler.HttpHandler - 

Request DefaultHttpRequest(decodeResult: success, version: HTTP/1.1)
POST /session/0331672407ceeef3b3f5b1fa0b6a12c2/element HTTP/1.1
User-Agent: selenium/4.0.0-beta-4 (java windows)
Content-Length: 62
Content-Type: application/json; charset=utf-8
host: localhost:8137
accept: */*

Response DefaultHttpResponse(decodeResult: success, version: HTTP/1.1)
HTTP/1.1 200 OK
Content-Type: application/json; charset=utf-8
cache-control: no-cache
content-length: 88

12:56:20.391 [AsyncHttpClient-1-2] DEBUG org.asynchttpclient.netty.channel.ChannelManager - Adding key: http://localhost:8137 for channel [id: 0x52157658, L:/127.0.0.1:65064 - R:localhost/127.0.0.1:8137]
12:56:20.392 [Forwarding clearElement on session 0331672407ceeef3b3f5b1fa0b6a12c2 to remote] DEBUG org.asynchttpclient.netty.request.NettyRequestSender - Using pooled Channel '[id: 0x52157658, L:/127.0.0.1:65064 - R:localhost/127.0.0.1:8137]' for 'POST' to 'http://localhost:8137/session/0331672407ceeef3b3f5b1fa0b6a12c2/element/ac7bcb8d-2925-44a2-9d3d-6a2713e1c1d6/clear'
12:56:20.392 [Forwarding clearElement on session 0331672407ceeef3b3f5b1fa0b6a12c2 to remote] DEBUG org.asynchttpclient.netty.request.NettyRequestSender - Using open Channel [id: 0x52157658, L:/127.0.0.1:65064 - R:localhost/127.0.0.1:8137] for POST '/session/0331672407ceeef3b3f5b1fa0b6a12c2/element/ac7bcb8d-2925-44a2-9d3d-6a2713e1c1d6/clear'
12:56:20.410 [AsyncHttpClient-1-2] DEBUG org.asynchttpclient.netty.handler.HttpHandler - 

Request DefaultHttpRequest(decodeResult: success, version: HTTP/1.1)
POST /session/0331672407ceeef3b3f5b1fa0b6a12c2/element/ac7bcb8d-2925-44a2-9d3d-6a2713e1c1d6/clear HTTP/1.1
User-Agent: selenium/4.0.0-beta-4 (java windows)
Content-Length: 50
Content-Type: application/json; charset=utf-8
host: localhost:8137
accept: */*

Response DefaultHttpResponse(decodeResult: success, version: HTTP/1.1)
HTTP/1.1 200 OK
Content-Type: application/json; charset=utf-8
cache-control: no-cache
content-length: 14

12:56:20.410 [AsyncHttpClient-1-2] DEBUG org.asynchttpclient.netty.channel.ChannelManager - Adding key: http://localhost:8137 for channel [id: 0x52157658, L:/127.0.0.1:65064 - R:localhost/127.0.0.1:8137]
12:56:20.411 [Forwarding findElement on session 0331672407ceeef3b3f5b1fa0b6a12c2 to remote] DEBUG org.asynchttpclient.netty.request.NettyRequestSender - Using pooled Channel '[id: 0x52157658, L:/127.0.0.1:65064 - R:localhost/127.0.0.1:8137]' for 'POST' to 'http://localhost:8137/session/0331672407ceeef3b3f5b1fa0b6a12c2/element'
12:56:20.411 [Forwarding findElement on session 0331672407ceeef3b3f5b1fa0b6a12c2 to remote] DEBUG org.asynchttpclient.netty.request.NettyRequestSender - Using open Channel [id: 0x52157658, L:/127.0.0.1:65064 - R:localhost/127.0.0.1:8137] for POST '/session/0331672407ceeef3b3f5b1fa0b6a12c2/element'
12:56:20.417 [AsyncHttpClient-1-2] DEBUG org.asynchttpclient.netty.handler.HttpHandler - 

Request DefaultHttpRequest(decodeResult: success, version: HTTP/1.1)
POST /session/0331672407ceeef3b3f5b1fa0b6a12c2/element HTTP/1.1
User-Agent: selenium/4.0.0-beta-4 (java windows)
Content-Length: 62
Content-Type: application/json; charset=utf-8
host: localhost:8137
accept: */*

Response DefaultHttpResponse(decodeResult: success, version: HTTP/1.1)
HTTP/1.1 200 OK
Content-Type: application/json; charset=utf-8
cache-control: no-cache
content-length: 88

12:56:20.417 [AsyncHttpClient-1-2] DEBUG org.asynchttpclient.netty.channel.ChannelManager - Adding key: http://localhost:8137 for channel [id: 0x52157658, L:/127.0.0.1:65064 - R:localhost/127.0.0.1:8137]
12:56:20.420 [Forwarding sendKeysToElement on session 0331672407ceeef3b3f5b1fa0b6a12c2 to remote] DEBUG org.asynchttpclient.netty.request.NettyRequestSender - Using pooled Channel '[id: 0x52157658, L:/127.0.0.1:65064 - R:localhost/127.0.0.1:8137]' for 'POST' to 'http://localhost:8137/session/0331672407ceeef3b3f5b1fa0b6a12c2/element/ac7bcb8d-2925-44a2-9d3d-6a2713e1c1d6/value'
12:56:20.420 [Forwarding sendKeysToElement on session 0331672407ceeef3b3f5b1fa0b6a12c2 to remote] DEBUG org.asynchttpclient.netty.request.NettyRequestSender - Using open Channel [id: 0x52157658, L:/127.0.0.1:65064 - R:localhost/127.0.0.1:8137] for POST '/session/0331672407ceeef3b3f5b1fa0b6a12c2/element/ac7bcb8d-2925-44a2-9d3d-6a2713e1c1d6/value'
12:56:20.442 [AsyncHttpClient-1-2] DEBUG org.asynchttpclient.netty.handler.HttpHandler - 

Request DefaultHttpRequest(decodeResult: success, version: HTTP/1.1)
POST /session/0331672407ceeef3b3f5b1fa0b6a12c2/element/ac7bcb8d-2925-44a2-9d3d-6a2713e1c1d6/value HTTP/1.1
User-Agent: selenium/4.0.0-beta-4 (java windows)
Content-Length: 211
Content-Type: application/json; charset=utf-8
host: localhost:8137
accept: */*

Response DefaultHttpResponse(decodeResult: success, version: HTTP/1.1)
HTTP/1.1 200 OK
Content-Type: application/json; charset=utf-8
cache-control: no-cache
content-length: 14

12:56:20.442 [AsyncHttpClient-1-2] DEBUG org.asynchttpclient.netty.channel.ChannelManager - Adding key: http://localhost:8137 for channel [id: 0x52157658, L:/127.0.0.1:65064 - R:localhost/127.0.0.1:8137]
12:56:20.443 [Forwarding findElement on session 0331672407ceeef3b3f5b1fa0b6a12c2 to remote] DEBUG org.asynchttpclient.netty.request.NettyRequestSender - Using pooled Channel '[id: 0x52157658, L:/127.0.0.1:65064 - R:localhost/127.0.0.1:8137]' for 'POST' to 'http://localhost:8137/session/0331672407ceeef3b3f5b1fa0b6a12c2/element'
12:56:20.443 [Forwarding findElement on session 0331672407ceeef3b3f5b1fa0b6a12c2 to remote] DEBUG org.asynchttpclient.netty.request.NettyRequestSender - Using open Channel [id: 0x52157658, L:/127.0.0.1:65064 - R:localhost/127.0.0.1:8137] for POST '/session/0331672407ceeef3b3f5b1fa0b6a12c2/element'
12:56:20.450 [AsyncHttpClient-1-2] DEBUG org.asynchttpclient.netty.handler.HttpHandler - 

Request DefaultHttpRequest(decodeResult: success, version: HTTP/1.1)
POST /session/0331672407ceeef3b3f5b1fa0b6a12c2/element HTTP/1.1
User-Agent: selenium/4.0.0-beta-4 (java windows)
Content-Length: 64
Content-Type: application/json; charset=utf-8
host: localhost:8137
accept: */*

Response DefaultHttpResponse(decodeResult: success, version: HTTP/1.1)
HTTP/1.1 200 OK
Content-Type: application/json; charset=utf-8
cache-control: no-cache
content-length: 88

12:56:20.450 [AsyncHttpClient-1-2] DEBUG org.asynchttpclient.netty.channel.ChannelManager - Adding key: http://localhost:8137 for channel [id: 0x52157658, L:/127.0.0.1:65064 - R:localhost/127.0.0.1:8137]
12:56:20.453 [Forwarding clickElement on session 0331672407ceeef3b3f5b1fa0b6a12c2 to remote] DEBUG org.asynchttpclient.netty.request.NettyRequestSender - Using pooled Channel '[id: 0x52157658, L:/127.0.0.1:65064 - R:localhost/127.0.0.1:8137]' for 'POST' to 'http://localhost:8137/session/0331672407ceeef3b3f5b1fa0b6a12c2/element/35af5eee-eed2-480f-9f98-44fbea3fff55/click'
12:56:20.453 [Forwarding clickElement on session 0331672407ceeef3b3f5b1fa0b6a12c2 to remote] DEBUG org.asynchttpclient.netty.request.NettyRequestSender - Using open Channel [id: 0x52157658, L:/127.0.0.1:65064 - R:localhost/127.0.0.1:8137] for POST '/session/0331672407ceeef3b3f5b1fa0b6a12c2/element/35af5eee-eed2-480f-9f98-44fbea3fff55/click'
12:56:20.694 [AsyncHttpClient-1-2] DEBUG org.asynchttpclient.netty.handler.HttpHandler - 

Request DefaultHttpRequest(decodeResult: success, version: HTTP/1.1)
POST /session/0331672407ceeef3b3f5b1fa0b6a12c2/element/35af5eee-eed2-480f-9f98-44fbea3fff55/click HTTP/1.1
User-Agent: selenium/4.0.0-beta-4 (java windows)
Content-Length: 50
Content-Type: application/json; charset=utf-8
host: localhost:8137
accept: */*

Response DefaultHttpResponse(decodeResult: success, version: HTTP/1.1)
HTTP/1.1 200 OK
Content-Type: application/json; charset=utf-8
cache-control: no-cache
content-length: 14

12:56:20.694 [AsyncHttpClient-1-2] DEBUG org.asynchttpclient.netty.channel.ChannelManager - Adding key: http://localhost:8137 for channel [id: 0x52157658, L:/127.0.0.1:65064 - R:localhost/127.0.0.1:8137]
12:56:20.695 [Forwarding findElement on session 0331672407ceeef3b3f5b1fa0b6a12c2 to remote] DEBUG org.asynchttpclient.netty.request.NettyRequestSender - Using pooled Channel '[id: 0x52157658, L:/127.0.0.1:65064 - R:localhost/127.0.0.1:8137]' for 'POST' to 'http://localhost:8137/session/0331672407ceeef3b3f5b1fa0b6a12c2/element'
12:56:20.695 [Forwarding findElement on session 0331672407ceeef3b3f5b1fa0b6a12c2 to remote] DEBUG org.asynchttpclient.netty.request.NettyRequestSender - Using open Channel [id: 0x52157658, L:/127.0.0.1:65064 - R:localhost/127.0.0.1:8137] for POST '/session/0331672407ceeef3b3f5b1fa0b6a12c2/element'
12:56:20.704 [AsyncHttpClient-1-2] DEBUG org.asynchttpclient.netty.handler.HttpHandler - 

Request DefaultHttpRequest(decodeResult: success, version: HTTP/1.1)
POST /session/0331672407ceeef3b3f5b1fa0b6a12c2/element HTTP/1.1
User-Agent: selenium/4.0.0-beta-4 (java windows)
Content-Length: 62
Content-Type: application/json; charset=utf-8
host: localhost:8137
accept: */*

Response DefaultHttpResponse(decodeResult: success, version: HTTP/1.1)
HTTP/1.1 200 OK
Content-Type: application/json; charset=utf-8
cache-control: no-cache
content-length: 88

12:56:20.704 [AsyncHttpClient-1-2] DEBUG org.asynchttpclient.netty.channel.ChannelManager - Adding key: http://localhost:8137 for channel [id: 0x52157658, L:/127.0.0.1:65064 - R:localhost/127.0.0.1:8137]
12:56:20.705 [Forwarding clickElement on session 0331672407ceeef3b3f5b1fa0b6a12c2 to remote] DEBUG org.asynchttpclient.netty.request.NettyRequestSender - Using pooled Channel '[id: 0x52157658, L:/127.0.0.1:65064 - R:localhost/127.0.0.1:8137]' for 'POST' to 'http://localhost:8137/session/0331672407ceeef3b3f5b1fa0b6a12c2/element/6f673bb8-0801-49b3-ada9-ffd1f12dcba8/click'
12:56:20.705 [Forwarding clickElement on session 0331672407ceeef3b3f5b1fa0b6a12c2 to remote] DEBUG org.asynchttpclient.netty.request.NettyRequestSender - Using open Channel [id: 0x52157658, L:/127.0.0.1:65064 - R:localhost/127.0.0.1:8137] for POST '/session/0331672407ceeef3b3f5b1fa0b6a12c2/element/6f673bb8-0801-49b3-ada9-ffd1f12dcba8/click'
12:56:20.734 [AsyncHttpClient-1-2] DEBUG org.asynchttpclient.netty.handler.HttpHandler - 

Request DefaultHttpRequest(decodeResult: success, version: HTTP/1.1)
POST /session/0331672407ceeef3b3f5b1fa0b6a12c2/element/6f673bb8-0801-49b3-ada9-ffd1f12dcba8/click HTTP/1.1
User-Agent: selenium/4.0.0-beta-4 (java windows)
Content-Length: 50
Content-Type: application/json; charset=utf-8
host: localhost:8137
accept: */*

Response DefaultHttpResponse(decodeResult: success, version: HTTP/1.1)
HTTP/1.1 200 OK
Content-Type: application/json; charset=utf-8
cache-control: no-cache
content-length: 14

12:56:20.735 [AsyncHttpClient-1-2] DEBUG org.asynchttpclient.netty.channel.ChannelManager - Adding key: http://localhost:8137 for channel [id: 0x52157658, L:/127.0.0.1:65064 - R:localhost/127.0.0.1:8137]
12:56:20.736 [Forwarding findElement on session 0331672407ceeef3b3f5b1fa0b6a12c2 to remote] DEBUG org.asynchttpclient.netty.request.NettyRequestSender - Using pooled Channel '[id: 0x52157658, L:/127.0.0.1:65064 - R:localhost/127.0.0.1:8137]' for 'POST' to 'http://localhost:8137/session/0331672407ceeef3b3f5b1fa0b6a12c2/element'
12:56:20.736 [Forwarding findElement on session 0331672407ceeef3b3f5b1fa0b6a12c2 to remote] DEBUG org.asynchttpclient.netty.request.NettyRequestSender - Using open Channel [id: 0x52157658, L:/127.0.0.1:65064 - R:localhost/127.0.0.1:8137] for POST '/session/0331672407ceeef3b3f5b1fa0b6a12c2/element'
12:56:20.741 [AsyncHttpClient-1-2] DEBUG org.asynchttpclient.netty.handler.HttpHandler - 

Request DefaultHttpRequest(decodeResult: success, version: HTTP/1.1)
POST /session/0331672407ceeef3b3f5b1fa0b6a12c2/element HTTP/1.1
User-Agent: selenium/4.0.0-beta-4 (java windows)
Content-Length: 62
Content-Type: application/json; charset=utf-8
host: localhost:8137
accept: */*

Response DefaultHttpResponse(decodeResult: success, version: HTTP/1.1)
HTTP/1.1 200 OK
Content-Type: application/json; charset=utf-8
cache-control: no-cache
content-length: 88

12:56:20.741 [AsyncHttpClient-1-2] DEBUG org.asynchttpclient.netty.channel.ChannelManager - Adding key: http://localhost:8137 for channel [id: 0x52157658, L:/127.0.0.1:65064 - R:localhost/127.0.0.1:8137]
12:56:20.747 [Forwarding getElementAttribute on session 0331672407ceeef3b3f5b1fa0b6a12c2 to remote] DEBUG org.asynchttpclient.netty.request.NettyRequestSender - Using pooled Channel '[id: 0x52157658, L:/127.0.0.1:65064 - R:localhost/127.0.0.1:8137]' for 'POST' to 'http://localhost:8137/session/0331672407ceeef3b3f5b1fa0b6a12c2/execute/sync'
12:56:20.747 [Forwarding getElementAttribute on session 0331672407ceeef3b3f5b1fa0b6a12c2 to remote] DEBUG org.asynchttpclient.netty.request.NettyRequestSender - Using open Channel [id: 0x52157658, L:/127.0.0.1:65064 - R:localhost/127.0.0.1:8137] for POST '/session/0331672407ceeef3b3f5b1fa0b6a12c2/execute/sync'
12:56:20.757 [AsyncHttpClient-1-2] DEBUG org.asynchttpclient.netty.handler.HttpHandler - 

Request DefaultHttpRequest(decodeResult: success, version: HTTP/1.1)
POST /session/0331672407ceeef3b3f5b1fa0b6a12c2/execute/sync HTTP/1.1
User-Agent: selenium/4.0.0-beta-4 (java windows)
Content-Length: 47304
Content-Type: application/json; charset=utf-8
host: localhost:8137
accept: */*

Response DefaultHttpResponse(decodeResult: success, version: HTTP/1.1)
HTTP/1.1 200 OK
Content-Type: application/json; charset=utf-8
cache-control: no-cache
content-length: 12

12:56:20.757 [AsyncHttpClient-1-2] DEBUG org.asynchttpclient.netty.channel.ChannelManager - Adding key: http://localhost:8137 for channel [id: 0x52157658, L:/127.0.0.1:65064 - R:localhost/127.0.0.1:8137]
12:56:20.758 [Forwarding findElement on session 0331672407ceeef3b3f5b1fa0b6a12c2 to remote] DEBUG org.asynchttpclient.netty.request.NettyRequestSender - Using pooled Channel '[id: 0x52157658, L:/127.0.0.1:65064 - R:localhost/127.0.0.1:8137]' for 'POST' to 'http://localhost:8137/session/0331672407ceeef3b3f5b1fa0b6a12c2/element'
12:56:20.758 [Forwarding findElement on session 0331672407ceeef3b3f5b1fa0b6a12c2 to remote] DEBUG org.asynchttpclient.netty.request.NettyRequestSender - Using open Channel [id: 0x52157658, L:/127.0.0.1:65064 - R:localhost/127.0.0.1:8137] for POST '/session/0331672407ceeef3b3f5b1fa0b6a12c2/element'
12:56:20.763 [AsyncHttpClient-1-2] DEBUG org.asynchttpclient.netty.handler.HttpHandler - 

Request DefaultHttpRequest(decodeResult: success, version: HTTP/1.1)
POST /session/0331672407ceeef3b3f5b1fa0b6a12c2/element HTTP/1.1
User-Agent: selenium/4.0.0-beta-4 (java windows)
Content-Length: 62
Content-Type: application/json; charset=utf-8
host: localhost:8137
accept: */*

Response DefaultHttpResponse(decodeResult: success, version: HTTP/1.1)
HTTP/1.1 200 OK
Content-Type: application/json; charset=utf-8
cache-control: no-cache
content-length: 88

12:56:20.763 [AsyncHttpClient-1-2] DEBUG org.asynchttpclient.netty.channel.ChannelManager - Adding key: http://localhost:8137 for channel [id: 0x52157658, L:/127.0.0.1:65064 - R:localhost/127.0.0.1:8137]
12:56:20.764 [Forwarding clearElement on session 0331672407ceeef3b3f5b1fa0b6a12c2 to remote] DEBUG org.asynchttpclient.netty.request.NettyRequestSender - Using pooled Channel '[id: 0x52157658, L:/127.0.0.1:65064 - R:localhost/127.0.0.1:8137]' for 'POST' to 'http://localhost:8137/session/0331672407ceeef3b3f5b1fa0b6a12c2/element/6f673bb8-0801-49b3-ada9-ffd1f12dcba8/clear'
12:56:20.764 [Forwarding clearElement on session 0331672407ceeef3b3f5b1fa0b6a12c2 to remote] DEBUG org.asynchttpclient.netty.request.NettyRequestSender - Using open Channel [id: 0x52157658, L:/127.0.0.1:65064 - R:localhost/127.0.0.1:8137] for POST '/session/0331672407ceeef3b3f5b1fa0b6a12c2/element/6f673bb8-0801-49b3-ada9-ffd1f12dcba8/clear'
12:56:20.781 [AsyncHttpClient-1-2] DEBUG org.asynchttpclient.netty.handler.HttpHandler - 

Request DefaultHttpRequest(decodeResult: success, version: HTTP/1.1)
POST /session/0331672407ceeef3b3f5b1fa0b6a12c2/element/6f673bb8-0801-49b3-ada9-ffd1f12dcba8/clear HTTP/1.1
User-Agent: selenium/4.0.0-beta-4 (java windows)
Content-Length: 50
Content-Type: application/json; charset=utf-8
host: localhost:8137
accept: */*

Response DefaultHttpResponse(decodeResult: success, version: HTTP/1.1)
HTTP/1.1 200 OK
Content-Type: application/json; charset=utf-8
cache-control: no-cache
content-length: 14

12:56:20.781 [AsyncHttpClient-1-2] DEBUG org.asynchttpclient.netty.channel.ChannelManager - Adding key: http://localhost:8137 for channel [id: 0x52157658, L:/127.0.0.1:65064 - R:localhost/127.0.0.1:8137]
12:56:20.782 [Forwarding findElement on session 0331672407ceeef3b3f5b1fa0b6a12c2 to remote] DEBUG org.asynchttpclient.netty.request.NettyRequestSender - Using pooled Channel '[id: 0x52157658, L:/127.0.0.1:65064 - R:localhost/127.0.0.1:8137]' for 'POST' to 'http://localhost:8137/session/0331672407ceeef3b3f5b1fa0b6a12c2/element'
12:56:20.782 [Forwarding findElement on session 0331672407ceeef3b3f5b1fa0b6a12c2 to remote] DEBUG org.asynchttpclient.netty.request.NettyRequestSender - Using open Channel [id: 0x52157658, L:/127.0.0.1:65064 - R:localhost/127.0.0.1:8137] for POST '/session/0331672407ceeef3b3f5b1fa0b6a12c2/element'
12:56:20.788 [AsyncHttpClient-1-2] DEBUG org.asynchttpclient.netty.handler.HttpHandler - 

Request DefaultHttpRequest(decodeResult: success, version: HTTP/1.1)
POST /session/0331672407ceeef3b3f5b1fa0b6a12c2/element HTTP/1.1
User-Agent: selenium/4.0.0-beta-4 (java windows)
Content-Length: 62
Content-Type: application/json; charset=utf-8
host: localhost:8137
accept: */*

Response DefaultHttpResponse(decodeResult: success, version: HTTP/1.1)
HTTP/1.1 200 OK
Content-Type: application/json; charset=utf-8
cache-control: no-cache
content-length: 88

12:56:20.788 [AsyncHttpClient-1-2] DEBUG org.asynchttpclient.netty.channel.ChannelManager - Adding key: http://localhost:8137 for channel [id: 0x52157658, L:/127.0.0.1:65064 - R:localhost/127.0.0.1:8137]
12:56:20.789 [Forwarding sendKeysToElement on session 0331672407ceeef3b3f5b1fa0b6a12c2 to remote] DEBUG org.asynchttpclient.netty.request.NettyRequestSender - Using pooled Channel '[id: 0x52157658, L:/127.0.0.1:65064 - R:localhost/127.0.0.1:8137]' for 'POST' to 'http://localhost:8137/session/0331672407ceeef3b3f5b1fa0b6a12c2/element/6f673bb8-0801-49b3-ada9-ffd1f12dcba8/value'
12:56:20.789 [Forwarding sendKeysToElement on session 0331672407ceeef3b3f5b1fa0b6a12c2 to remote] DEBUG org.asynchttpclient.netty.request.NettyRequestSender - Using open Channel [id: 0x52157658, L:/127.0.0.1:65064 - R:localhost/127.0.0.1:8137] for POST '/session/0331672407ceeef3b3f5b1fa0b6a12c2/element/6f673bb8-0801-49b3-ada9-ffd1f12dcba8/value'
12:56:20.804 [AsyncHttpClient-1-2] DEBUG org.asynchttpclient.netty.handler.HttpHandler - 

Request DefaultHttpRequest(decodeResult: success, version: HTTP/1.1)
POST /session/0331672407ceeef3b3f5b1fa0b6a12c2/element/6f673bb8-0801-49b3-ada9-ffd1f12dcba8/value HTTP/1.1
User-Agent: selenium/4.0.0-beta-4 (java windows)
Content-Length: 121
Content-Type: application/json; charset=utf-8
host: localhost:8137
accept: */*

Response DefaultHttpResponse(decodeResult: success, version: HTTP/1.1)
HTTP/1.1 200 OK
Content-Type: application/json; charset=utf-8
cache-control: no-cache
content-length: 14

12:56:20.805 [AsyncHttpClient-1-2] DEBUG org.asynchttpclient.netty.channel.ChannelManager - Adding key: http://localhost:8137 for channel [id: 0x52157658, L:/127.0.0.1:65064 - R:localhost/127.0.0.1:8137]
12:56:20.805 [Forwarding findElement on session 0331672407ceeef3b3f5b1fa0b6a12c2 to remote] DEBUG org.asynchttpclient.netty.request.NettyRequestSender - Using pooled Channel '[id: 0x52157658, L:/127.0.0.1:65064 - R:localhost/127.0.0.1:8137]' for 'POST' to 'http://localhost:8137/session/0331672407ceeef3b3f5b1fa0b6a12c2/element'
12:56:20.805 [Forwarding findElement on session 0331672407ceeef3b3f5b1fa0b6a12c2 to remote] DEBUG org.asynchttpclient.netty.request.NettyRequestSender - Using open Channel [id: 0x52157658, L:/127.0.0.1:65064 - R:localhost/127.0.0.1:8137] for POST '/session/0331672407ceeef3b3f5b1fa0b6a12c2/element'
12:56:20.810 [AsyncHttpClient-1-2] DEBUG org.asynchttpclient.netty.handler.HttpHandler - 

Request DefaultHttpRequest(decodeResult: success, version: HTTP/1.1)
POST /session/0331672407ceeef3b3f5b1fa0b6a12c2/element HTTP/1.1
User-Agent: selenium/4.0.0-beta-4 (java windows)
Content-Length: 64
Content-Type: application/json; charset=utf-8
host: localhost:8137
accept: */*

Response DefaultHttpResponse(decodeResult: success, version: HTTP/1.1)
HTTP/1.1 200 OK
Content-Type: application/json; charset=utf-8
cache-control: no-cache
content-length: 88

12:56:20.810 [AsyncHttpClient-1-2] DEBUG org.asynchttpclient.netty.channel.ChannelManager - Adding key: http://localhost:8137 for channel [id: 0x52157658, L:/127.0.0.1:65064 - R:localhost/127.0.0.1:8137]
12:56:20.811 [Forwarding clickElement on session 0331672407ceeef3b3f5b1fa0b6a12c2 to remote] DEBUG org.asynchttpclient.netty.request.NettyRequestSender - Using pooled Channel '[id: 0x52157658, L:/127.0.0.1:65064 - R:localhost/127.0.0.1:8137]' for 'POST' to 'http://localhost:8137/session/0331672407ceeef3b3f5b1fa0b6a12c2/element/87aeac57-16d4-413a-8300-df7701b9a97f/click'
12:56:20.811 [Forwarding clickElement on session 0331672407ceeef3b3f5b1fa0b6a12c2 to remote] DEBUG org.asynchttpclient.netty.request.NettyRequestSender - Using open Channel [id: 0x52157658, L:/127.0.0.1:65064 - R:localhost/127.0.0.1:8137] for POST '/session/0331672407ceeef3b3f5b1fa0b6a12c2/element/87aeac57-16d4-413a-8300-df7701b9a97f/click'
12:56:20.849 [AsyncHttpClient-1-1] DEBUG org.asynchttpclient.netty.channel.DefaultChannelPool - Entry count for : http://localhost:65065 : 1
12:56:21.320 [AsyncHttpClient-1-2] DEBUG org.asynchttpclient.netty.handler.HttpHandler - 

Request DefaultHttpRequest(decodeResult: success, version: HTTP/1.1)
POST /session/0331672407ceeef3b3f5b1fa0b6a12c2/element/87aeac57-16d4-413a-8300-df7701b9a97f/click HTTP/1.1
User-Agent: selenium/4.0.0-beta-4 (java windows)
Content-Length: 50
Content-Type: application/json; charset=utf-8
host: localhost:8137
accept: */*

Response DefaultHttpResponse(decodeResult: success, version: HTTP/1.1)
HTTP/1.1 200 OK
Content-Type: application/json; charset=utf-8
cache-control: no-cache
content-length: 14

12:56:21.320 [AsyncHttpClient-1-2] DEBUG org.asynchttpclient.netty.channel.ChannelManager - Adding key: http://localhost:8137 for channel [id: 0x52157658, L:/127.0.0.1:65064 - R:localhost/127.0.0.1:8137]
12:56:21.376 [Test worker] DEBUG org.hibernate.stat.internal.StatisticsInitiator - Statistics initialized [enabled=false]
12:56:21.382 [Test worker] DEBUG org.hibernate.engine.transaction.internal.TransactionImpl - On TransactionImpl creation, JpaCompliance#isJpaTransactionComplianceEnabled == false
12:56:21.382 [Test worker] DEBUG org.hibernate.engine.transaction.internal.TransactionImpl - begin
12:56:21.394 [Test worker] DEBUG org.hibernate.hql.internal.QueryTranslatorFactoryInitiator - QueryTranslatorFactory: org.hibernate.hql.internal.ast.ASTQueryTranslatorFactory@6b5bc998
12:56:21.418 [Test worker] DEBUG org.hibernate.hql.internal.ast.QueryTranslatorImpl - parse() - HQL: from ru.my.pack.mantis.model.User
12:56:21.421 [Test worker] DEBUG org.hibernate.hql.internal.ast.ErrorTracker - throwQueryException() : no errors
12:56:21.426 [Test worker] DEBUG org.hibernate.hql.internal.ast.QueryTranslatorImpl - --- HQL AST ---
 \-[QUERY] Node: 'query'
    \-[SELECT_FROM] Node: 'SELECT_FROM'
       \-[FROM] Node: 'from'
          \-[RANGE] Node: 'RANGE'
             \-[DOT] Node: '.'
                +-[DOT] Node: '.'
                |  +-[DOT] Node: '.'
                |  |  +-[DOT] Node: '.'
                |  |  |  +-[DOT] Node: '.'
                |  |  |  |  +-[IDENT] Node: 'ru'
                |  |  |  |  \-[IDENT] Node: 'my'
                |  |  |  \-[IDENT] Node: 'pack'
                |  |  \-[IDENT] Node: 'mantis'
                |  \-[IDENT] Node: 'model'
                \-[IDENT] Node: 'User'

12:56:21.442 [Test worker] DEBUG org.hibernate.hql.internal.antlr.HqlSqlBaseWalker - select << begin [level=1, statement=select]
12:56:21.451 [Test worker] DEBUG org.hibernate.hql.internal.ast.tree.FromElement - FromClause{level=1} : ru.my.pack.mantis.model.User (<no alias>) -> user0_
12:56:21.451 [Test worker] DEBUG org.hibernate.hql.internal.antlr.HqlSqlBaseWalker - select : finishing up [level=1, statement=select]
12:56:21.451 [Test worker] DEBUG org.hibernate.hql.internal.ast.HqlSqlWalker - processQuery() :  ( SELECT ( FromClause{level=1} mantis_user_table user0_ ) )
12:56:21.454 [Test worker] DEBUG org.hibernate.hql.internal.ast.HqlSqlWalker - Derived SELECT clause created.
12:56:21.457 [Test worker] DEBUG org.hibernate.hql.internal.ast.util.JoinProcessor - Tables referenced from query nodes:
 \-QueryNode
    +-SelectClause
    | referencedTables(entity User): [mantis_user_table]
    |  +-SelectExpressionImpl
    |  | persister: SingleTableEntityPersister(ru.my.pack.mantis.model.User)
    |  \-SqlFragment
    \-FromClause
       \-FromElement

12:56:21.460 [Test worker] DEBUG org.hibernate.hql.internal.ast.util.JoinProcessor - Using FROM fragment [mantis_user_table user0_]
12:56:21.460 [Test worker] DEBUG org.hibernate.hql.internal.antlr.HqlSqlBaseWalker - select >> end [level=1, statement=select]
12:56:21.460 [Test worker] DEBUG org.hibernate.hql.internal.ast.QueryTranslatorImpl - --- SQL AST ---
 \-[SELECT] QueryNode: 'SELECT'  querySpaces (mantis_user_table)
    +-[SELECT_CLAUSE] SelectClause: '{derived select clause}'
    |  +-[SELECT_EXPR] SelectExpressionImpl: 'user0_.id as id1_0_' {FromElement{explicit,not a collection join,not a fetch join,fetch non-lazy properties,classAlias=null,role=null,tableName=mantis_user_table,tableAlias=user0_,origin=null,columns={,className=ru.my.pack.mantis.model.User}}}
    |  \-[SQL_TOKEN] SqlFragment: 'user0_.email as email2_0_, user0_.password as password3_0_, user0_.username as username4_0_'
    \-[FROM] FromClause: 'from' FromClause{level=1, fromElementCounter=1, fromElements=1, fromElementByClassAlias=[], fromElementByTableAlias=[user0_], fromElementsByPath=[], collectionJoinFromElementsByPath=[], impliedElements=[]}
       \-[FROM_FRAGMENT] FromElement: 'mantis_user_table user0_' FromElement{explicit,not a collection join,not a fetch join,fetch non-lazy properties,classAlias=null,role=null,tableName=mantis_user_table,tableAlias=user0_,origin=null,columns={,className=ru.my.pack.mantis.model.User}}

12:56:21.460 [Test worker] DEBUG org.hibernate.hql.internal.ast.ErrorTracker - throwQueryException() : no errors
12:56:21.464 [Test worker] DEBUG org.hibernate.hql.internal.ast.QueryTranslatorImpl - HQL: from ru.my.pack.mantis.model.User
12:56:21.464 [Test worker] DEBUG org.hibernate.hql.internal.ast.QueryTranslatorImpl - SQL: select user0_.id as id1_0_, user0_.email as email2_0_, user0_.password as password3_0_, user0_.username as username4_0_ from mantis_user_table user0_
12:56:21.464 [Test worker] DEBUG org.hibernate.hql.internal.ast.ErrorTracker - throwQueryException() : no errors
12:56:21.475 [Test worker] DEBUG org.hibernate.SQL - select user0_.id as id1_0_, user0_.email as email2_0_, user0_.password as password3_0_, user0_.username as username4_0_ from mantis_user_table user0_
Hibernate: select user0_.id as id1_0_, user0_.email as email2_0_, user0_.password as password3_0_, user0_.username as username4_0_ from mantis_user_table user0_
12:56:21.484 [Test worker] DEBUG org.hibernate.loader.Loader - Result set row: 0
12:56:21.487 [Test worker] DEBUG org.hibernate.loader.Loader - Result row: EntityKey[ru.my.pack.mantis.model.User#1]
12:56:21.491 [Test worker] DEBUG org.hibernate.loader.Loader - Result set row: 1
12:56:21.492 [Test worker] DEBUG org.hibernate.loader.Loader - Result row: EntityKey[ru.my.pack.mantis.model.User#15]
12:56:21.493 [Test worker] DEBUG org.hibernate.engine.internal.TwoPhaseLoad - Resolving attributes for [ru.my.pack.mantis.model.User#1]
12:56:21.494 [Test worker] DEBUG org.hibernate.engine.internal.TwoPhaseLoad - Processing attribute `email` : value = root@localhost
12:56:21.494 [Test worker] DEBUG org.hibernate.engine.internal.TwoPhaseLoad - Attribute (`email`)  - enhanced for lazy-loading? - false
12:56:21.494 [Test worker] DEBUG org.hibernate.engine.internal.TwoPhaseLoad - Processing attribute `password` : value = 63a9f0ea7bb98050796b649e85481845
12:56:21.494 [Test worker] DEBUG org.hibernate.engine.internal.TwoPhaseLoad - Attribute (`password`)  - enhanced for lazy-loading? - false
12:56:21.494 [Test worker] DEBUG org.hibernate.engine.internal.TwoPhaseLoad - Processing attribute `username` : value = administrator
12:56:21.494 [Test worker] DEBUG org.hibernate.engine.internal.TwoPhaseLoad - Attribute (`username`)  - enhanced for lazy-loading? - false
12:56:21.494 [Test worker] DEBUG org.hibernate.engine.internal.TwoPhaseLoad - Done materializing entity [ru.my.pack.mantis.model.User#1]
12:56:21.494 [Test worker] DEBUG org.hibernate.engine.internal.TwoPhaseLoad - Resolving attributes for [ru.my.pack.mantis.model.User#15]
12:56:21.495 [Test worker] DEBUG org.hibernate.engine.internal.TwoPhaseLoad - Processing attribute `email` : value = user1633284193277@localhost.localadmin
12:56:21.495 [Test worker] DEBUG org.hibernate.engine.internal.TwoPhaseLoad - Attribute (`email`)  - enhanced for lazy-loading? - false
12:56:21.495 [Test worker] DEBUG org.hibernate.engine.internal.TwoPhaseLoad - Processing attribute `password` : value = 873f328275ce7ceb0a5450fe49689773
12:56:21.495 [Test worker] DEBUG org.hibernate.engine.internal.TwoPhaseLoad - Attribute (`password`)  - enhanced for lazy-loading? - false
12:56:21.495 [Test worker] DEBUG org.hibernate.engine.internal.TwoPhaseLoad - Processing attribute `username` : value = user1633284193277
12:56:21.495 [Test worker] DEBUG org.hibernate.engine.internal.TwoPhaseLoad - Attribute (`username`)  - enhanced for lazy-loading? - false
12:56:21.495 [Test worker] DEBUG org.hibernate.engine.internal.TwoPhaseLoad - Done materializing entity [ru.my.pack.mantis.model.User#15]
12:56:21.496 [Test worker] DEBUG org.hibernate.engine.transaction.internal.TransactionImpl - committing
12:56:21.496 [Test worker] DEBUG org.hibernate.event.internal.AbstractFlushingEventListener - Processing flush-time cascades
12:56:21.501 [Test worker] DEBUG org.hibernate.event.internal.AbstractFlushingEventListener - Dirty checking collections
12:56:21.504 [Test worker] DEBUG org.hibernate.event.internal.AbstractFlushingEventListener - Flushed: 0 insertions, 0 updates, 0 deletions to 2 objects
12:56:21.504 [Test worker] DEBUG org.hibernate.event.internal.AbstractFlushingEventListener - Flushed: 0 (re)creations, 0 updates, 0 removals to 0 collections
12:56:21.505 [Test worker] DEBUG org.hibernate.internal.util.EntityPrinter - Listing entities:
12:56:21.505 [Test worker] DEBUG org.hibernate.internal.util.EntityPrinter - ru.my.pack.mantis.model.User{password=63a9f0ea7bb98050796b649e85481845, id=1, email=root@localhost, username=administrator}
12:56:21.505 [Test worker] DEBUG org.hibernate.internal.util.EntityPrinter - ru.my.pack.mantis.model.User{password=873f328275ce7ceb0a5450fe49689773, id=15, email=user1633284193277@localhost.localadmin, username=user1633284193277}
12:56:21.506 [Test worker] DEBUG org.hibernate.resource.jdbc.internal.LogicalConnectionManagedImpl - Initiating JDBC connection release from afterTransaction
12:56:21.507 [Test worker] DEBUG org.hibernate.resource.jdbc.internal.LogicalConnectionManagedImpl - Initiating JDBC connection release from afterTransaction
12:56:21.508 [Forwarding get on session 0331672407ceeef3b3f5b1fa0b6a12c2 to remote] DEBUG org.asynchttpclient.netty.request.NettyRequestSender - Using pooled Channel '[id: 0x52157658, L:/127.0.0.1:65064 - R:localhost/127.0.0.1:8137]' for 'POST' to 'http://localhost:8137/session/0331672407ceeef3b3f5b1fa0b6a12c2/url'
12:56:21.508 [Forwarding get on session 0331672407ceeef3b3f5b1fa0b6a12c2 to remote] DEBUG org.asynchttpclient.netty.request.NettyRequestSender - Using open Channel [id: 0x52157658, L:/127.0.0.1:65064 - R:localhost/127.0.0.1:8137] for POST '/session/0331672407ceeef3b3f5b1fa0b6a12c2/url'
12:56:21.659 [AsyncHttpClient-1-2] DEBUG org.asynchttpclient.netty.handler.HttpHandler - 

Request DefaultHttpRequest(decodeResult: success, version: HTTP/1.1)
POST /session/0331672407ceeef3b3f5b1fa0b6a12c2/url HTTP/1.1
User-Agent: selenium/4.0.0-beta-4 (java windows)
Content-Length: 92
Content-Type: application/json; charset=utf-8
host: localhost:8137
accept: */*

Response DefaultHttpResponse(decodeResult: success, version: HTTP/1.1)
HTTP/1.1 200 OK
Content-Type: application/json; charset=utf-8
cache-control: no-cache
content-length: 14

12:56:21.659 [AsyncHttpClient-1-2] DEBUG org.asynchttpclient.netty.channel.ChannelManager - Adding key: http://localhost:8137 for channel [id: 0x52157658, L:/127.0.0.1:65064 - R:localhost/127.0.0.1:8137]
12:56:21.660 [Forwarding findElement on session 0331672407ceeef3b3f5b1fa0b6a12c2 to remote] DEBUG org.asynchttpclient.netty.request.NettyRequestSender - Using pooled Channel '[id: 0x52157658, L:/127.0.0.1:65064 - R:localhost/127.0.0.1:8137]' for 'POST' to 'http://localhost:8137/session/0331672407ceeef3b3f5b1fa0b6a12c2/element'
12:56:21.660 [Forwarding findElement on session 0331672407ceeef3b3f5b1fa0b6a12c2 to remote] DEBUG org.asynchttpclient.netty.request.NettyRequestSender - Using open Channel [id: 0x52157658, L:/127.0.0.1:65064 - R:localhost/127.0.0.1:8137] for POST '/session/0331672407ceeef3b3f5b1fa0b6a12c2/element'
12:56:21.672 [AsyncHttpClient-1-2] DEBUG org.asynchttpclient.netty.handler.HttpHandler - 

Request DefaultHttpRequest(decodeResult: success, version: HTTP/1.1)
POST /session/0331672407ceeef3b3f5b1fa0b6a12c2/element HTTP/1.1
User-Agent: selenium/4.0.0-beta-4 (java windows)
Content-Length: 133
Content-Type: application/json; charset=utf-8
host: localhost:8137
accept: */*

Response DefaultHttpResponse(decodeResult: success, version: HTTP/1.1)
HTTP/1.1 200 OK
Content-Type: application/json; charset=utf-8
cache-control: no-cache
content-length: 88

12:56:21.673 [AsyncHttpClient-1-2] DEBUG org.asynchttpclient.netty.channel.ChannelManager - Adding key: http://localhost:8137 for channel [id: 0x52157658, L:/127.0.0.1:65064 - R:localhost/127.0.0.1:8137]
12:56:21.674 [Forwarding clickElement on session 0331672407ceeef3b3f5b1fa0b6a12c2 to remote] DEBUG org.asynchttpclient.netty.request.NettyRequestSender - Using pooled Channel '[id: 0x52157658, L:/127.0.0.1:65064 - R:localhost/127.0.0.1:8137]' for 'POST' to 'http://localhost:8137/session/0331672407ceeef3b3f5b1fa0b6a12c2/element/93b74b0f-3e00-4d08-9614-a790a72ae5f4/click'
12:56:21.674 [Forwarding clickElement on session 0331672407ceeef3b3f5b1fa0b6a12c2 to remote] DEBUG org.asynchttpclient.netty.request.NettyRequestSender - Using open Channel [id: 0x52157658, L:/127.0.0.1:65064 - R:localhost/127.0.0.1:8137] for POST '/session/0331672407ceeef3b3f5b1fa0b6a12c2/element/93b74b0f-3e00-4d08-9614-a790a72ae5f4/click'
12:56:21.895 [AsyncHttpClient-1-2] DEBUG org.asynchttpclient.netty.handler.HttpHandler - 

Request DefaultHttpRequest(decodeResult: success, version: HTTP/1.1)
POST /session/0331672407ceeef3b3f5b1fa0b6a12c2/element/93b74b0f-3e00-4d08-9614-a790a72ae5f4/click HTTP/1.1
User-Agent: selenium/4.0.0-beta-4 (java windows)
Content-Length: 50
Content-Type: application/json; charset=utf-8
host: localhost:8137
accept: */*

Response DefaultHttpResponse(decodeResult: success, version: HTTP/1.1)
HTTP/1.1 200 OK
Content-Type: application/json; charset=utf-8
cache-control: no-cache
content-length: 14

12:56:21.895 [AsyncHttpClient-1-2] DEBUG org.asynchttpclient.netty.channel.ChannelManager - Adding key: http://localhost:8137 for channel [id: 0x52157658, L:/127.0.0.1:65064 - R:localhost/127.0.0.1:8137]
12:56:21.896 [Forwarding findElement on session 0331672407ceeef3b3f5b1fa0b6a12c2 to remote] DEBUG org.asynchttpclient.netty.request.NettyRequestSender - Using pooled Channel '[id: 0x52157658, L:/127.0.0.1:65064 - R:localhost/127.0.0.1:8137]' for 'POST' to 'http://localhost:8137/session/0331672407ceeef3b3f5b1fa0b6a12c2/element'
12:56:21.896 [Forwarding findElement on session 0331672407ceeef3b3f5b1fa0b6a12c2 to remote] DEBUG org.asynchttpclient.netty.request.NettyRequestSender - Using open Channel [id: 0x52157658, L:/127.0.0.1:65064 - R:localhost/127.0.0.1:8137] for POST '/session/0331672407ceeef3b3f5b1fa0b6a12c2/element'
12:56:21.923 [AsyncHttpClient-1-2] DEBUG org.asynchttpclient.netty.handler.HttpHandler - 

Request DefaultHttpRequest(decodeResult: success, version: HTTP/1.1)
POST /session/0331672407ceeef3b3f5b1fa0b6a12c2/element HTTP/1.1
User-Agent: selenium/4.0.0-beta-4 (java windows)
Content-Length: 58
Content-Type: application/json; charset=utf-8
host: localhost:8137
accept: */*

Response DefaultHttpResponse(decodeResult: success, version: HTTP/1.1)
HTTP/1.1 200 OK
Content-Type: application/json; charset=utf-8
cache-control: no-cache
content-length: 88

12:56:21.923 [AsyncHttpClient-1-2] DEBUG org.asynchttpclient.netty.channel.ChannelManager - Adding key: http://localhost:8137 for channel [id: 0x52157658, L:/127.0.0.1:65064 - R:localhost/127.0.0.1:8137]
12:56:21.925 [Forwarding clickElement on session 0331672407ceeef3b3f5b1fa0b6a12c2 to remote] DEBUG org.asynchttpclient.netty.request.NettyRequestSender - Using pooled Channel '[id: 0x52157658, L:/127.0.0.1:65064 - R:localhost/127.0.0.1:8137]' for 'POST' to 'http://localhost:8137/session/0331672407ceeef3b3f5b1fa0b6a12c2/element/2f1ab661-b18f-49a6-a3ae-3747f1f208cf/click'
12:56:21.925 [Forwarding clickElement on session 0331672407ceeef3b3f5b1fa0b6a12c2 to remote] DEBUG org.asynchttpclient.netty.request.NettyRequestSender - Using open Channel [id: 0x52157658, L:/127.0.0.1:65064 - R:localhost/127.0.0.1:8137] for POST '/session/0331672407ceeef3b3f5b1fa0b6a12c2/element/2f1ab661-b18f-49a6-a3ae-3747f1f208cf/click'
12:56:21.948 [AsyncHttpClient-1-1] DEBUG org.asynchttpclient.netty.channel.DefaultChannelPool - Entry count for : http://localhost:65065 : 1
12:56:22.282 [AsyncHttpClient-1-2] DEBUG org.asynchttpclient.netty.handler.HttpHandler - 

Request DefaultHttpRequest(decodeResult: success, version: HTTP/1.1)
POST /session/0331672407ceeef3b3f5b1fa0b6a12c2/element/2f1ab661-b18f-49a6-a3ae-3747f1f208cf/click HTTP/1.1
User-Agent: selenium/4.0.0-beta-4 (java windows)
Content-Length: 50
Content-Type: application/json; charset=utf-8
host: localhost:8137
accept: */*

Response DefaultHttpResponse(decodeResult: success, version: HTTP/1.1)
HTTP/1.1 200 OK
Content-Type: application/json; charset=utf-8
cache-control: no-cache
content-length: 14

12:56:22.282 [AsyncHttpClient-1-2] DEBUG org.asynchttpclient.netty.channel.ChannelManager - Adding key: http://localhost:8137 for channel [id: 0x52157658, L:/127.0.0.1:65064 - R:localhost/127.0.0.1:8137]
12:56:22.283 [Forwarding findElement on session 0331672407ceeef3b3f5b1fa0b6a12c2 to remote] DEBUG org.asynchttpclient.netty.request.NettyRequestSender - Using pooled Channel '[id: 0x52157658, L:/127.0.0.1:65064 - R:localhost/127.0.0.1:8137]' for 'POST' to 'http://localhost:8137/session/0331672407ceeef3b3f5b1fa0b6a12c2/element'
12:56:22.283 [Forwarding findElement on session 0331672407ceeef3b3f5b1fa0b6a12c2 to remote] DEBUG org.asynchttpclient.netty.request.NettyRequestSender - Using open Channel [id: 0x52157658, L:/127.0.0.1:65064 - R:localhost/127.0.0.1:8137] for POST '/session/0331672407ceeef3b3f5b1fa0b6a12c2/element'
12:56:22.294 [AsyncHttpClient-1-2] DEBUG org.asynchttpclient.netty.handler.HttpHandler - 

Request DefaultHttpRequest(decodeResult: success, version: HTTP/1.1)
POST /session/0331672407ceeef3b3f5b1fa0b6a12c2/element HTTP/1.1
User-Agent: selenium/4.0.0-beta-4 (java windows)
Content-Length: 118
Content-Type: application/json; charset=utf-8
host: localhost:8137
accept: */*

Response DefaultHttpResponse(decodeResult: success, version: HTTP/1.1)
HTTP/1.1 200 OK
Content-Type: application/json; charset=utf-8
cache-control: no-cache
content-length: 88

12:56:22.294 [AsyncHttpClient-1-2] DEBUG org.asynchttpclient.netty.channel.ChannelManager - Adding key: http://localhost:8137 for channel [id: 0x52157658, L:/127.0.0.1:65064 - R:localhost/127.0.0.1:8137]
12:56:22.295 [Forwarding clickElement on session 0331672407ceeef3b3f5b1fa0b6a12c2 to remote] DEBUG org.asynchttpclient.netty.request.NettyRequestSender - Using pooled Channel '[id: 0x52157658, L:/127.0.0.1:65064 - R:localhost/127.0.0.1:8137]' for 'POST' to 'http://localhost:8137/session/0331672407ceeef3b3f5b1fa0b6a12c2/element/31d9c420-64ed-46d5-bf76-1b0ca730cc61/click'
12:56:22.295 [Forwarding clickElement on session 0331672407ceeef3b3f5b1fa0b6a12c2 to remote] DEBUG org.asynchttpclient.netty.request.NettyRequestSender - Using open Channel [id: 0x52157658, L:/127.0.0.1:65064 - R:localhost/127.0.0.1:8137] for POST '/session/0331672407ceeef3b3f5b1fa0b6a12c2/element/31d9c420-64ed-46d5-bf76-1b0ca730cc61/click'
12:56:22.513 [org.subethamail.smtp.server.Session-/0:0:0:0:0:0:0:1:53547] DEBUG org.subethamail.smtp.server.Session - SMTP connection from 0:0:0:0:0:0:0:1/0:0:0:0:0:0:0:1, new connection count: 1
12:56:22.513 [org.subethamail.smtp.server.Session-/0:0:0:0:0:0:0:1:53547] DEBUG org.subethamail.smtp.server.Session - Server: 220 172.16.15.126 ESMTP SubEthaSMTP 3.1.7
12:56:22.520 [org.subethamail.smtp.server.Session-/0:0:0:0:0:0:0:1:53547] DEBUG org.subethamail.smtp.server.Session - Client: EHLO localhost
12:56:22.521 [org.subethamail.smtp.server.Session-/0:0:0:0:0:0:0:1:53547] DEBUG org.subethamail.smtp.server.Session - Server: 250-172.16.15.126
250-8BITMIME
250 Ok
12:56:22.522 [org.subethamail.smtp.server.Session-/0:0:0:0:0:0:0:1:53547] DEBUG org.subethamail.smtp.server.Session - Client: MAIL FROM:<admin@example.com>
12:56:22.531 [org.subethamail.smtp.server.Session-/0:0:0:0:0:0:0:1:53547] DEBUG org.subethamail.smtp.server.Session - Server: 250 Ok
12:56:22.531 [org.subethamail.smtp.server.Session-/0:0:0:0:0:0:0:1:53547] DEBUG org.subethamail.smtp.server.Session - Client: RCPT TO:<user1633284193277@localhost.localadmin>
12:56:22.531 [org.subethamail.smtp.server.Session-/0:0:0:0:0:0:0:1:53547] DEBUG org.subethamail.wiser.Wiser - Accepting mail from admin@example.com to user1633284193277@localhost.localadmin
12:56:22.531 [org.subethamail.smtp.server.Session-/0:0:0:0:0:0:0:1:53547] DEBUG org.subethamail.smtp.server.Session - Server: 250 Ok
12:56:22.532 [org.subethamail.smtp.server.Session-/0:0:0:0:0:0:0:1:53547] DEBUG org.subethamail.smtp.server.Session - Client: DATA
12:56:22.532 [org.subethamail.smtp.server.Session-/0:0:0:0:0:0:0:1:53547] DEBUG org.subethamail.smtp.server.Session - Server: 354 End data with <CR><LF>.<CR><LF>
12:56:22.537 [org.subethamail.smtp.server.Session-/0:0:0:0:0:0:0:1:53547] DEBUG org.subethamail.wiser.Wiser - Delivering mail from admin@example.com to user1633284193277@localhost.localadmin
12:56:22.538 [org.subethamail.smtp.server.Session-/0:0:0:0:0:0:0:1:53547] DEBUG org.subethamail.wiser.Wiser - Creating message from data with 1028 bytes
12:56:22.538 [org.subethamail.smtp.server.Session-/0:0:0:0:0:0:0:1:53547] DEBUG org.subethamail.smtp.server.Session - Server: 250 Ok
12:56:22.539 [org.subethamail.smtp.server.Session-/0:0:0:0:0:0:0:1:53547] DEBUG org.subethamail.smtp.server.Session - Client: RSET
12:56:22.539 [org.subethamail.smtp.server.Session-/0:0:0:0:0:0:0:1:53547] DEBUG org.subethamail.smtp.server.Session - Server: 250 Ok
12:56:22.541 [org.subethamail.smtp.server.Session-/0:0:0:0:0:0:0:1:53547] DEBUG org.subethamail.smtp.server.Session - Client: QUIT
12:56:22.541 [org.subethamail.smtp.server.Session-/0:0:0:0:0:0:0:1:53547] DEBUG org.subethamail.smtp.server.Session - Server: 221 Bye
12:56:22.583 [AsyncHttpClient-1-2] DEBUG org.asynchttpclient.netty.handler.HttpHandler - 

Request DefaultHttpRequest(decodeResult: success, version: HTTP/1.1)
POST /session/0331672407ceeef3b3f5b1fa0b6a12c2/element/31d9c420-64ed-46d5-bf76-1b0ca730cc61/click HTTP/1.1
User-Agent: selenium/4.0.0-beta-4 (java windows)
Content-Length: 50
Content-Type: application/json; charset=utf-8
host: localhost:8137
accept: */*

Response DefaultHttpResponse(decodeResult: success, version: HTTP/1.1)
HTTP/1.1 200 OK
Content-Type: application/json; charset=utf-8
cache-control: no-cache
content-length: 14

12:56:22.583 [AsyncHttpClient-1-2] DEBUG org.asynchttpclient.netty.channel.ChannelManager - Adding key: http://localhost:8137 for channel [id: 0x52157658, L:/127.0.0.1:65064 - R:localhost/127.0.0.1:8137]
12:56:22.623 [Forwarding get on session 0331672407ceeef3b3f5b1fa0b6a12c2 to remote] DEBUG org.asynchttpclient.netty.request.NettyRequestSender - Using pooled Channel '[id: 0x52157658, L:/127.0.0.1:65064 - R:localhost/127.0.0.1:8137]' for 'POST' to 'http://localhost:8137/session/0331672407ceeef3b3f5b1fa0b6a12c2/url'
12:56:22.623 [Forwarding get on session 0331672407ceeef3b3f5b1fa0b6a12c2 to remote] DEBUG org.asynchttpclient.netty.request.NettyRequestSender - Using open Channel [id: 0x52157658, L:/127.0.0.1:65064 - R:localhost/127.0.0.1:8137] for POST '/session/0331672407ceeef3b3f5b1fa0b6a12c2/url'
12:56:22.941 [AsyncHttpClient-1-2] DEBUG org.asynchttpclient.netty.handler.HttpHandler - 

Request DefaultHttpRequest(decodeResult: success, version: HTTP/1.1)
POST /session/0331672407ceeef3b3f5b1fa0b6a12c2/url HTTP/1.1
User-Agent: selenium/4.0.0-beta-4 (java windows)
Content-Length: 187
Content-Type: application/json; charset=utf-8
host: localhost:8137
accept: */*

Response DefaultHttpResponse(decodeResult: success, version: HTTP/1.1)
HTTP/1.1 200 OK
Content-Type: application/json; charset=utf-8
cache-control: no-cache
content-length: 14

12:56:22.941 [AsyncHttpClient-1-2] DEBUG org.asynchttpclient.netty.channel.ChannelManager - Adding key: http://localhost:8137 for channel [id: 0x52157658, L:/127.0.0.1:65064 - R:localhost/127.0.0.1:8137]
12:56:22.942 [Forwarding findElement on session 0331672407ceeef3b3f5b1fa0b6a12c2 to remote] DEBUG org.asynchttpclient.netty.request.NettyRequestSender - Using pooled Channel '[id: 0x52157658, L:/127.0.0.1:65064 - R:localhost/127.0.0.1:8137]' for 'POST' to 'http://localhost:8137/session/0331672407ceeef3b3f5b1fa0b6a12c2/element'
12:56:22.942 [Forwarding findElement on session 0331672407ceeef3b3f5b1fa0b6a12c2 to remote] DEBUG org.asynchttpclient.netty.request.NettyRequestSender - Using open Channel [id: 0x52157658, L:/127.0.0.1:65064 - R:localhost/127.0.0.1:8137] for POST '/session/0331672407ceeef3b3f5b1fa0b6a12c2/element'
12:56:22.948 [AsyncHttpClient-1-2] DEBUG org.asynchttpclient.netty.handler.HttpHandler - 

Request DefaultHttpRequest(decodeResult: success, version: HTTP/1.1)
POST /session/0331672407ceeef3b3f5b1fa0b6a12c2/element HTTP/1.1
User-Agent: selenium/4.0.0-beta-4 (java windows)
Content-Length: 62
Content-Type: application/json; charset=utf-8
host: localhost:8137
accept: */*

Response DefaultHttpResponse(decodeResult: success, version: HTTP/1.1)
HTTP/1.1 200 OK
Content-Type: application/json; charset=utf-8
cache-control: no-cache
content-length: 88

12:56:22.948 [AsyncHttpClient-1-2] DEBUG org.asynchttpclient.netty.channel.ChannelManager - Adding key: http://localhost:8137 for channel [id: 0x52157658, L:/127.0.0.1:65064 - R:localhost/127.0.0.1:8137]
12:56:22.949 [Forwarding clickElement on session 0331672407ceeef3b3f5b1fa0b6a12c2 to remote] DEBUG org.asynchttpclient.netty.request.NettyRequestSender - Using pooled Channel '[id: 0x52157658, L:/127.0.0.1:65064 - R:localhost/127.0.0.1:8137]' for 'POST' to 'http://localhost:8137/session/0331672407ceeef3b3f5b1fa0b6a12c2/element/7c58c61b-e5f3-4d61-a50d-13b24a8465e1/click'
12:56:22.949 [Forwarding clickElement on session 0331672407ceeef3b3f5b1fa0b6a12c2 to remote] DEBUG org.asynchttpclient.netty.request.NettyRequestSender - Using open Channel [id: 0x52157658, L:/127.0.0.1:65064 - R:localhost/127.0.0.1:8137] for POST '/session/0331672407ceeef3b3f5b1fa0b6a12c2/element/7c58c61b-e5f3-4d61-a50d-13b24a8465e1/click'
12:56:22.978 [AsyncHttpClient-1-2] DEBUG org.asynchttpclient.netty.handler.HttpHandler - 

Request DefaultHttpRequest(decodeResult: success, version: HTTP/1.1)
POST /session/0331672407ceeef3b3f5b1fa0b6a12c2/element/7c58c61b-e5f3-4d61-a50d-13b24a8465e1/click HTTP/1.1
User-Agent: selenium/4.0.0-beta-4 (java windows)
Content-Length: 50
Content-Type: application/json; charset=utf-8
host: localhost:8137
accept: */*

Response DefaultHttpResponse(decodeResult: success, version: HTTP/1.1)
HTTP/1.1 200 OK
Content-Type: application/json; charset=utf-8
cache-control: no-cache
content-length: 14

12:56:22.978 [AsyncHttpClient-1-2] DEBUG org.asynchttpclient.netty.channel.ChannelManager - Adding key: http://localhost:8137 for channel [id: 0x52157658, L:/127.0.0.1:65064 - R:localhost/127.0.0.1:8137]
12:56:22.979 [Forwarding findElement on session 0331672407ceeef3b3f5b1fa0b6a12c2 to remote] DEBUG org.asynchttpclient.netty.request.NettyRequestSender - Using pooled Channel '[id: 0x52157658, L:/127.0.0.1:65064 - R:localhost/127.0.0.1:8137]' for 'POST' to 'http://localhost:8137/session/0331672407ceeef3b3f5b1fa0b6a12c2/element'
12:56:22.979 [Forwarding findElement on session 0331672407ceeef3b3f5b1fa0b6a12c2 to remote] DEBUG org.asynchttpclient.netty.request.NettyRequestSender - Using open Channel [id: 0x52157658, L:/127.0.0.1:65064 - R:localhost/127.0.0.1:8137] for POST '/session/0331672407ceeef3b3f5b1fa0b6a12c2/element'
12:56:22.984 [AsyncHttpClient-1-2] DEBUG org.asynchttpclient.netty.handler.HttpHandler - 

Request DefaultHttpRequest(decodeResult: success, version: HTTP/1.1)
POST /session/0331672407ceeef3b3f5b1fa0b6a12c2/element HTTP/1.1
User-Agent: selenium/4.0.0-beta-4 (java windows)
Content-Length: 62
Content-Type: application/json; charset=utf-8
host: localhost:8137
accept: */*

Response DefaultHttpResponse(decodeResult: success, version: HTTP/1.1)
HTTP/1.1 200 OK
Content-Type: application/json; charset=utf-8
cache-control: no-cache
content-length: 88

12:56:22.984 [AsyncHttpClient-1-2] DEBUG org.asynchttpclient.netty.channel.ChannelManager - Adding key: http://localhost:8137 for channel [id: 0x52157658, L:/127.0.0.1:65064 - R:localhost/127.0.0.1:8137]
12:56:22.987 [Forwarding getElementAttribute on session 0331672407ceeef3b3f5b1fa0b6a12c2 to remote] DEBUG org.asynchttpclient.netty.request.NettyRequestSender - Using pooled Channel '[id: 0x52157658, L:/127.0.0.1:65064 - R:localhost/127.0.0.1:8137]' for 'POST' to 'http://localhost:8137/session/0331672407ceeef3b3f5b1fa0b6a12c2/execute/sync'
12:56:22.987 [Forwarding getElementAttribute on session 0331672407ceeef3b3f5b1fa0b6a12c2 to remote] DEBUG org.asynchttpclient.netty.request.NettyRequestSender - Using open Channel [id: 0x52157658, L:/127.0.0.1:65064 - R:localhost/127.0.0.1:8137] for POST '/session/0331672407ceeef3b3f5b1fa0b6a12c2/execute/sync'
12:56:22.995 [AsyncHttpClient-1-2] DEBUG org.asynchttpclient.netty.handler.HttpHandler - 

Request DefaultHttpRequest(decodeResult: success, version: HTTP/1.1)
POST /session/0331672407ceeef3b3f5b1fa0b6a12c2/execute/sync HTTP/1.1
User-Agent: selenium/4.0.0-beta-4 (java windows)
Content-Length: 47304
Content-Type: application/json; charset=utf-8
host: localhost:8137
accept: */*

Response DefaultHttpResponse(decodeResult: success, version: HTTP/1.1)
HTTP/1.1 200 OK
Content-Type: application/json; charset=utf-8
cache-control: no-cache
content-length: 12

12:56:22.995 [AsyncHttpClient-1-2] DEBUG org.asynchttpclient.netty.channel.ChannelManager - Adding key: http://localhost:8137 for channel [id: 0x52157658, L:/127.0.0.1:65064 - R:localhost/127.0.0.1:8137]
12:56:22.996 [Forwarding findElement on session 0331672407ceeef3b3f5b1fa0b6a12c2 to remote] DEBUG org.asynchttpclient.netty.request.NettyRequestSender - Using pooled Channel '[id: 0x52157658, L:/127.0.0.1:65064 - R:localhost/127.0.0.1:8137]' for 'POST' to 'http://localhost:8137/session/0331672407ceeef3b3f5b1fa0b6a12c2/element'
12:56:22.996 [Forwarding findElement on session 0331672407ceeef3b3f5b1fa0b6a12c2 to remote] DEBUG org.asynchttpclient.netty.request.NettyRequestSender - Using open Channel [id: 0x52157658, L:/127.0.0.1:65064 - R:localhost/127.0.0.1:8137] for POST '/session/0331672407ceeef3b3f5b1fa0b6a12c2/element'
12:56:23.002 [AsyncHttpClient-1-2] DEBUG org.asynchttpclient.netty.handler.HttpHandler - 

Request DefaultHttpRequest(decodeResult: success, version: HTTP/1.1)
POST /session/0331672407ceeef3b3f5b1fa0b6a12c2/element HTTP/1.1
User-Agent: selenium/4.0.0-beta-4 (java windows)
Content-Length: 62
Content-Type: application/json; charset=utf-8
host: localhost:8137
accept: */*

Response DefaultHttpResponse(decodeResult: success, version: HTTP/1.1)
HTTP/1.1 200 OK
Content-Type: application/json; charset=utf-8
cache-control: no-cache
content-length: 88

12:56:23.002 [AsyncHttpClient-1-2] DEBUG org.asynchttpclient.netty.channel.ChannelManager - Adding key: http://localhost:8137 for channel [id: 0x52157658, L:/127.0.0.1:65064 - R:localhost/127.0.0.1:8137]
12:56:23.003 [Forwarding clearElement on session 0331672407ceeef3b3f5b1fa0b6a12c2 to remote] DEBUG org.asynchttpclient.netty.request.NettyRequestSender - Using pooled Channel '[id: 0x52157658, L:/127.0.0.1:65064 - R:localhost/127.0.0.1:8137]' for 'POST' to 'http://localhost:8137/session/0331672407ceeef3b3f5b1fa0b6a12c2/element/7c58c61b-e5f3-4d61-a50d-13b24a8465e1/clear'
12:56:23.003 [Forwarding clearElement on session 0331672407ceeef3b3f5b1fa0b6a12c2 to remote] DEBUG org.asynchttpclient.netty.request.NettyRequestSender - Using open Channel [id: 0x52157658, L:/127.0.0.1:65064 - R:localhost/127.0.0.1:8137] for POST '/session/0331672407ceeef3b3f5b1fa0b6a12c2/element/7c58c61b-e5f3-4d61-a50d-13b24a8465e1/clear'
12:56:23.019 [AsyncHttpClient-1-2] DEBUG org.asynchttpclient.netty.handler.HttpHandler - 

Request DefaultHttpRequest(decodeResult: success, version: HTTP/1.1)
POST /session/0331672407ceeef3b3f5b1fa0b6a12c2/element/7c58c61b-e5f3-4d61-a50d-13b24a8465e1/clear HTTP/1.1
User-Agent: selenium/4.0.0-beta-4 (java windows)
Content-Length: 50
Content-Type: application/json; charset=utf-8
host: localhost:8137
accept: */*

Response DefaultHttpResponse(decodeResult: success, version: HTTP/1.1)
HTTP/1.1 200 OK
Content-Type: application/json; charset=utf-8
cache-control: no-cache
content-length: 14

12:56:23.019 [AsyncHttpClient-1-2] DEBUG org.asynchttpclient.netty.channel.ChannelManager - Adding key: http://localhost:8137 for channel [id: 0x52157658, L:/127.0.0.1:65064 - R:localhost/127.0.0.1:8137]
12:56:23.020 [Forwarding findElement on session 0331672407ceeef3b3f5b1fa0b6a12c2 to remote] DEBUG org.asynchttpclient.netty.request.NettyRequestSender - Using pooled Channel '[id: 0x52157658, L:/127.0.0.1:65064 - R:localhost/127.0.0.1:8137]' for 'POST' to 'http://localhost:8137/session/0331672407ceeef3b3f5b1fa0b6a12c2/element'
12:56:23.020 [Forwarding findElement on session 0331672407ceeef3b3f5b1fa0b6a12c2 to remote] DEBUG org.asynchttpclient.netty.request.NettyRequestSender - Using open Channel [id: 0x52157658, L:/127.0.0.1:65064 - R:localhost/127.0.0.1:8137] for POST '/session/0331672407ceeef3b3f5b1fa0b6a12c2/element'
12:56:23.025 [AsyncHttpClient-1-2] DEBUG org.asynchttpclient.netty.handler.HttpHandler - 

Request DefaultHttpRequest(decodeResult: success, version: HTTP/1.1)
POST /session/0331672407ceeef3b3f5b1fa0b6a12c2/element HTTP/1.1
User-Agent: selenium/4.0.0-beta-4 (java windows)
Content-Length: 62
Content-Type: application/json; charset=utf-8
host: localhost:8137
accept: */*

Response DefaultHttpResponse(decodeResult: success, version: HTTP/1.1)
HTTP/1.1 200 OK
Content-Type: application/json; charset=utf-8
cache-control: no-cache
content-length: 88

12:56:23.026 [AsyncHttpClient-1-2] DEBUG org.asynchttpclient.netty.channel.ChannelManager - Adding key: http://localhost:8137 for channel [id: 0x52157658, L:/127.0.0.1:65064 - R:localhost/127.0.0.1:8137]
12:56:23.027 [Forwarding sendKeysToElement on session 0331672407ceeef3b3f5b1fa0b6a12c2 to remote] DEBUG org.asynchttpclient.netty.request.NettyRequestSender - Using pooled Channel '[id: 0x52157658, L:/127.0.0.1:65064 - R:localhost/127.0.0.1:8137]' for 'POST' to 'http://localhost:8137/session/0331672407ceeef3b3f5b1fa0b6a12c2/element/7c58c61b-e5f3-4d61-a50d-13b24a8465e1/value'
12:56:23.027 [Forwarding sendKeysToElement on session 0331672407ceeef3b3f5b1fa0b6a12c2 to remote] DEBUG org.asynchttpclient.netty.request.NettyRequestSender - Using open Channel [id: 0x52157658, L:/127.0.0.1:65064 - R:localhost/127.0.0.1:8137] for POST '/session/0331672407ceeef3b3f5b1fa0b6a12c2/element/7c58c61b-e5f3-4d61-a50d-13b24a8465e1/value'
12:56:23.047 [AsyncHttpClient-1-2] DEBUG org.asynchttpclient.netty.handler.HttpHandler - 

Request DefaultHttpRequest(decodeResult: success, version: HTTP/1.1)
POST /session/0331672407ceeef3b3f5b1fa0b6a12c2/element/7c58c61b-e5f3-4d61-a50d-13b24a8465e1/value HTTP/1.1
User-Agent: selenium/4.0.0-beta-4 (java windows)
Content-Length: 191
Content-Type: application/json; charset=utf-8
host: localhost:8137
accept: */*

Response DefaultHttpResponse(decodeResult: success, version: HTTP/1.1)
HTTP/1.1 200 OK
Content-Type: application/json; charset=utf-8
cache-control: no-cache
content-length: 14

12:56:23.047 [AsyncHttpClient-1-2] DEBUG org.asynchttpclient.netty.channel.ChannelManager - Adding key: http://localhost:8137 for channel [id: 0x52157658, L:/127.0.0.1:65064 - R:localhost/127.0.0.1:8137]
12:56:23.048 [Forwarding findElement on session 0331672407ceeef3b3f5b1fa0b6a12c2 to remote] DEBUG org.asynchttpclient.netty.request.NettyRequestSender - Using pooled Channel '[id: 0x52157658, L:/127.0.0.1:65064 - R:localhost/127.0.0.1:8137]' for 'POST' to 'http://localhost:8137/session/0331672407ceeef3b3f5b1fa0b6a12c2/element'
12:56:23.048 [Forwarding findElement on session 0331672407ceeef3b3f5b1fa0b6a12c2 to remote] DEBUG org.asynchttpclient.netty.request.NettyRequestSender - Using open Channel [id: 0x52157658, L:/127.0.0.1:65064 - R:localhost/127.0.0.1:8137] for POST '/session/0331672407ceeef3b3f5b1fa0b6a12c2/element'
12:56:23.049 [AsyncHttpClient-1-1] DEBUG org.asynchttpclient.netty.channel.DefaultChannelPool - Entry count for : http://localhost:65065 : 1
12:56:23.056 [AsyncHttpClient-1-2] DEBUG org.asynchttpclient.netty.handler.HttpHandler - 

Request DefaultHttpRequest(decodeResult: success, version: HTTP/1.1)
POST /session/0331672407ceeef3b3f5b1fa0b6a12c2/element HTTP/1.1
User-Agent: selenium/4.0.0-beta-4 (java windows)
Content-Length: 70
Content-Type: application/json; charset=utf-8
host: localhost:8137
accept: */*

Response DefaultHttpResponse(decodeResult: success, version: HTTP/1.1)
HTTP/1.1 200 OK
Content-Type: application/json; charset=utf-8
cache-control: no-cache
content-length: 88

12:56:23.056 [AsyncHttpClient-1-2] DEBUG org.asynchttpclient.netty.channel.ChannelManager - Adding key: http://localhost:8137 for channel [id: 0x52157658, L:/127.0.0.1:65064 - R:localhost/127.0.0.1:8137]
12:56:23.057 [Forwarding clickElement on session 0331672407ceeef3b3f5b1fa0b6a12c2 to remote] DEBUG org.asynchttpclient.netty.request.NettyRequestSender - Using pooled Channel '[id: 0x52157658, L:/127.0.0.1:65064 - R:localhost/127.0.0.1:8137]' for 'POST' to 'http://localhost:8137/session/0331672407ceeef3b3f5b1fa0b6a12c2/element/d99e6fee-632d-47d4-b50e-102175756073/click'
12:56:23.057 [Forwarding clickElement on session 0331672407ceeef3b3f5b1fa0b6a12c2 to remote] DEBUG org.asynchttpclient.netty.request.NettyRequestSender - Using open Channel [id: 0x52157658, L:/127.0.0.1:65064 - R:localhost/127.0.0.1:8137] for POST '/session/0331672407ceeef3b3f5b1fa0b6a12c2/element/d99e6fee-632d-47d4-b50e-102175756073/click'
12:56:23.088 [AsyncHttpClient-1-2] DEBUG org.asynchttpclient.netty.handler.HttpHandler - 

Request DefaultHttpRequest(decodeResult: success, version: HTTP/1.1)
POST /session/0331672407ceeef3b3f5b1fa0b6a12c2/element/d99e6fee-632d-47d4-b50e-102175756073/click HTTP/1.1
User-Agent: selenium/4.0.0-beta-4 (java windows)
Content-Length: 50
Content-Type: application/json; charset=utf-8
host: localhost:8137
accept: */*

Response DefaultHttpResponse(decodeResult: success, version: HTTP/1.1)
HTTP/1.1 200 OK
Content-Type: application/json; charset=utf-8
cache-control: no-cache
content-length: 14

12:56:23.088 [AsyncHttpClient-1-2] DEBUG org.asynchttpclient.netty.channel.ChannelManager - Adding key: http://localhost:8137 for channel [id: 0x52157658, L:/127.0.0.1:65064 - R:localhost/127.0.0.1:8137]
12:56:23.089 [Forwarding findElement on session 0331672407ceeef3b3f5b1fa0b6a12c2 to remote] DEBUG org.asynchttpclient.netty.request.NettyRequestSender - Using pooled Channel '[id: 0x52157658, L:/127.0.0.1:65064 - R:localhost/127.0.0.1:8137]' for 'POST' to 'http://localhost:8137/session/0331672407ceeef3b3f5b1fa0b6a12c2/element'
12:56:23.089 [Forwarding findElement on session 0331672407ceeef3b3f5b1fa0b6a12c2 to remote] DEBUG org.asynchttpclient.netty.request.NettyRequestSender - Using open Channel [id: 0x52157658, L:/127.0.0.1:65064 - R:localhost/127.0.0.1:8137] for POST '/session/0331672407ceeef3b3f5b1fa0b6a12c2/element'
12:56:23.093 [AsyncHttpClient-1-2] DEBUG org.asynchttpclient.netty.handler.HttpHandler - 

Request DefaultHttpRequest(decodeResult: success, version: HTTP/1.1)
POST /session/0331672407ceeef3b3f5b1fa0b6a12c2/element HTTP/1.1
User-Agent: selenium/4.0.0-beta-4 (java windows)
Content-Length: 70
Content-Type: application/json; charset=utf-8
host: localhost:8137
accept: */*

Response DefaultHttpResponse(decodeResult: success, version: HTTP/1.1)
HTTP/1.1 200 OK
Content-Type: application/json; charset=utf-8
cache-control: no-cache
content-length: 88

12:56:23.094 [AsyncHttpClient-1-2] DEBUG org.asynchttpclient.netty.channel.ChannelManager - Adding key: http://localhost:8137 for channel [id: 0x52157658, L:/127.0.0.1:65064 - R:localhost/127.0.0.1:8137]
12:56:23.096 [Forwarding getElementAttribute on session 0331672407ceeef3b3f5b1fa0b6a12c2 to remote] DEBUG org.asynchttpclient.netty.request.NettyRequestSender - Using pooled Channel '[id: 0x52157658, L:/127.0.0.1:65064 - R:localhost/127.0.0.1:8137]' for 'POST' to 'http://localhost:8137/session/0331672407ceeef3b3f5b1fa0b6a12c2/execute/sync'
12:56:23.096 [Forwarding getElementAttribute on session 0331672407ceeef3b3f5b1fa0b6a12c2 to remote] DEBUG org.asynchttpclient.netty.request.NettyRequestSender - Using open Channel [id: 0x52157658, L:/127.0.0.1:65064 - R:localhost/127.0.0.1:8137] for POST '/session/0331672407ceeef3b3f5b1fa0b6a12c2/execute/sync'
12:56:23.104 [AsyncHttpClient-1-2] DEBUG org.asynchttpclient.netty.handler.HttpHandler - 

Request DefaultHttpRequest(decodeResult: success, version: HTTP/1.1)
POST /session/0331672407ceeef3b3f5b1fa0b6a12c2/execute/sync HTTP/1.1
User-Agent: selenium/4.0.0-beta-4 (java windows)
Content-Length: 47304
Content-Type: application/json; charset=utf-8
host: localhost:8137
accept: */*

Response DefaultHttpResponse(decodeResult: success, version: HTTP/1.1)
HTTP/1.1 200 OK
Content-Type: application/json; charset=utf-8
cache-control: no-cache
content-length: 12

12:56:23.104 [AsyncHttpClient-1-2] DEBUG org.asynchttpclient.netty.channel.ChannelManager - Adding key: http://localhost:8137 for channel [id: 0x52157658, L:/127.0.0.1:65064 - R:localhost/127.0.0.1:8137]
12:56:23.105 [Forwarding findElement on session 0331672407ceeef3b3f5b1fa0b6a12c2 to remote] DEBUG org.asynchttpclient.netty.request.NettyRequestSender - Using pooled Channel '[id: 0x52157658, L:/127.0.0.1:65064 - R:localhost/127.0.0.1:8137]' for 'POST' to 'http://localhost:8137/session/0331672407ceeef3b3f5b1fa0b6a12c2/element'
12:56:23.105 [Forwarding findElement on session 0331672407ceeef3b3f5b1fa0b6a12c2 to remote] DEBUG org.asynchttpclient.netty.request.NettyRequestSender - Using open Channel [id: 0x52157658, L:/127.0.0.1:65064 - R:localhost/127.0.0.1:8137] for POST '/session/0331672407ceeef3b3f5b1fa0b6a12c2/element'
12:56:23.109 [AsyncHttpClient-1-2] DEBUG org.asynchttpclient.netty.handler.HttpHandler - 

Request DefaultHttpRequest(decodeResult: success, version: HTTP/1.1)
POST /session/0331672407ceeef3b3f5b1fa0b6a12c2/element HTTP/1.1
User-Agent: selenium/4.0.0-beta-4 (java windows)
Content-Length: 70
Content-Type: application/json; charset=utf-8
host: localhost:8137
accept: */*

Response DefaultHttpResponse(decodeResult: success, version: HTTP/1.1)
HTTP/1.1 200 OK
Content-Type: application/json; charset=utf-8
cache-control: no-cache
content-length: 88

12:56:23.109 [AsyncHttpClient-1-2] DEBUG org.asynchttpclient.netty.channel.ChannelManager - Adding key: http://localhost:8137 for channel [id: 0x52157658, L:/127.0.0.1:65064 - R:localhost/127.0.0.1:8137]
12:56:23.110 [Forwarding clearElement on session 0331672407ceeef3b3f5b1fa0b6a12c2 to remote] DEBUG org.asynchttpclient.netty.request.NettyRequestSender - Using pooled Channel '[id: 0x52157658, L:/127.0.0.1:65064 - R:localhost/127.0.0.1:8137]' for 'POST' to 'http://localhost:8137/session/0331672407ceeef3b3f5b1fa0b6a12c2/element/d99e6fee-632d-47d4-b50e-102175756073/clear'
12:56:23.111 [Forwarding clearElement on session 0331672407ceeef3b3f5b1fa0b6a12c2 to remote] DEBUG org.asynchttpclient.netty.request.NettyRequestSender - Using open Channel [id: 0x52157658, L:/127.0.0.1:65064 - R:localhost/127.0.0.1:8137] for POST '/session/0331672407ceeef3b3f5b1fa0b6a12c2/element/d99e6fee-632d-47d4-b50e-102175756073/clear'
12:56:23.126 [AsyncHttpClient-1-2] DEBUG org.asynchttpclient.netty.handler.HttpHandler - 

Request DefaultHttpRequest(decodeResult: success, version: HTTP/1.1)
POST /session/0331672407ceeef3b3f5b1fa0b6a12c2/element/d99e6fee-632d-47d4-b50e-102175756073/clear HTTP/1.1
User-Agent: selenium/4.0.0-beta-4 (java windows)
Content-Length: 50
Content-Type: application/json; charset=utf-8
host: localhost:8137
accept: */*

Response DefaultHttpResponse(decodeResult: success, version: HTTP/1.1)
HTTP/1.1 200 OK
Content-Type: application/json; charset=utf-8
cache-control: no-cache
content-length: 14

12:56:23.127 [AsyncHttpClient-1-2] DEBUG org.asynchttpclient.netty.channel.ChannelManager - Adding key: http://localhost:8137 for channel [id: 0x52157658, L:/127.0.0.1:65064 - R:localhost/127.0.0.1:8137]
12:56:23.127 [Forwarding findElement on session 0331672407ceeef3b3f5b1fa0b6a12c2 to remote] DEBUG org.asynchttpclient.netty.request.NettyRequestSender - Using pooled Channel '[id: 0x52157658, L:/127.0.0.1:65064 - R:localhost/127.0.0.1:8137]' for 'POST' to 'http://localhost:8137/session/0331672407ceeef3b3f5b1fa0b6a12c2/element'
12:56:23.128 [Forwarding findElement on session 0331672407ceeef3b3f5b1fa0b6a12c2 to remote] DEBUG org.asynchttpclient.netty.request.NettyRequestSender - Using open Channel [id: 0x52157658, L:/127.0.0.1:65064 - R:localhost/127.0.0.1:8137] for POST '/session/0331672407ceeef3b3f5b1fa0b6a12c2/element'
12:56:23.133 [AsyncHttpClient-1-2] DEBUG org.asynchttpclient.netty.handler.HttpHandler - 

Request DefaultHttpRequest(decodeResult: success, version: HTTP/1.1)
POST /session/0331672407ceeef3b3f5b1fa0b6a12c2/element HTTP/1.1
User-Agent: selenium/4.0.0-beta-4 (java windows)
Content-Length: 70
Content-Type: application/json; charset=utf-8
host: localhost:8137
accept: */*

Response DefaultHttpResponse(decodeResult: success, version: HTTP/1.1)
HTTP/1.1 200 OK
Content-Type: application/json; charset=utf-8
cache-control: no-cache
content-length: 88

12:56:23.133 [AsyncHttpClient-1-2] DEBUG org.asynchttpclient.netty.channel.ChannelManager - Adding key: http://localhost:8137 for channel [id: 0x52157658, L:/127.0.0.1:65064 - R:localhost/127.0.0.1:8137]
12:56:23.135 [Forwarding sendKeysToElement on session 0331672407ceeef3b3f5b1fa0b6a12c2 to remote] DEBUG org.asynchttpclient.netty.request.NettyRequestSender - Using pooled Channel '[id: 0x52157658, L:/127.0.0.1:65064 - R:localhost/127.0.0.1:8137]' for 'POST' to 'http://localhost:8137/session/0331672407ceeef3b3f5b1fa0b6a12c2/element/d99e6fee-632d-47d4-b50e-102175756073/value'
12:56:23.135 [Forwarding sendKeysToElement on session 0331672407ceeef3b3f5b1fa0b6a12c2 to remote] DEBUG org.asynchttpclient.netty.request.NettyRequestSender - Using open Channel [id: 0x52157658, L:/127.0.0.1:65064 - R:localhost/127.0.0.1:8137] for POST '/session/0331672407ceeef3b3f5b1fa0b6a12c2/element/d99e6fee-632d-47d4-b50e-102175756073/value'
12:56:23.153 [AsyncHttpClient-1-2] DEBUG org.asynchttpclient.netty.handler.HttpHandler - 

Request DefaultHttpRequest(decodeResult: success, version: HTTP/1.1)
POST /session/0331672407ceeef3b3f5b1fa0b6a12c2/element/d99e6fee-632d-47d4-b50e-102175756073/value HTTP/1.1
User-Agent: selenium/4.0.0-beta-4 (java windows)
Content-Length: 191
Content-Type: application/json; charset=utf-8
host: localhost:8137
accept: */*

Response DefaultHttpResponse(decodeResult: success, version: HTTP/1.1)
HTTP/1.1 200 OK
Content-Type: application/json; charset=utf-8
cache-control: no-cache
content-length: 14

12:56:23.154 [AsyncHttpClient-1-2] DEBUG org.asynchttpclient.netty.channel.ChannelManager - Adding key: http://localhost:8137 for channel [id: 0x52157658, L:/127.0.0.1:65064 - R:localhost/127.0.0.1:8137]
12:56:23.155 [Forwarding findElement on session 0331672407ceeef3b3f5b1fa0b6a12c2 to remote] DEBUG org.asynchttpclient.netty.request.NettyRequestSender - Using pooled Channel '[id: 0x52157658, L:/127.0.0.1:65064 - R:localhost/127.0.0.1:8137]' for 'POST' to 'http://localhost:8137/session/0331672407ceeef3b3f5b1fa0b6a12c2/element'
12:56:23.155 [Forwarding findElement on session 0331672407ceeef3b3f5b1fa0b6a12c2 to remote] DEBUG org.asynchttpclient.netty.request.NettyRequestSender - Using open Channel [id: 0x52157658, L:/127.0.0.1:65064 - R:localhost/127.0.0.1:8137] for POST '/session/0331672407ceeef3b3f5b1fa0b6a12c2/element'
12:56:23.164 [AsyncHttpClient-1-2] DEBUG org.asynchttpclient.netty.handler.HttpHandler - 

Request DefaultHttpRequest(decodeResult: success, version: HTTP/1.1)
POST /session/0331672407ceeef3b3f5b1fa0b6a12c2/element HTTP/1.1
User-Agent: selenium/4.0.0-beta-4 (java windows)
Content-Length: 126
Content-Type: application/json; charset=utf-8
host: localhost:8137
accept: */*

Response DefaultHttpResponse(decodeResult: success, version: HTTP/1.1)
HTTP/1.1 200 OK
Content-Type: application/json; charset=utf-8
cache-control: no-cache
content-length: 88

12:56:23.164 [AsyncHttpClient-1-2] DEBUG org.asynchttpclient.netty.channel.ChannelManager - Adding key: http://localhost:8137 for channel [id: 0x52157658, L:/127.0.0.1:65064 - R:localhost/127.0.0.1:8137]
12:56:23.165 [Forwarding clickElement on session 0331672407ceeef3b3f5b1fa0b6a12c2 to remote] DEBUG org.asynchttpclient.netty.request.NettyRequestSender - Using pooled Channel '[id: 0x52157658, L:/127.0.0.1:65064 - R:localhost/127.0.0.1:8137]' for 'POST' to 'http://localhost:8137/session/0331672407ceeef3b3f5b1fa0b6a12c2/element/9d458a2c-0495-4384-96f8-5c1ce78ee7a3/click'
12:56:23.165 [Forwarding clickElement on session 0331672407ceeef3b3f5b1fa0b6a12c2 to remote] DEBUG org.asynchttpclient.netty.request.NettyRequestSender - Using open Channel [id: 0x52157658, L:/127.0.0.1:65064 - R:localhost/127.0.0.1:8137] for POST '/session/0331672407ceeef3b3f5b1fa0b6a12c2/element/9d458a2c-0495-4384-96f8-5c1ce78ee7a3/click'
12:56:23.321 [AsyncHttpClient-1-2] DEBUG org.asynchttpclient.netty.handler.HttpHandler - 

Request DefaultHttpRequest(decodeResult: success, version: HTTP/1.1)
POST /session/0331672407ceeef3b3f5b1fa0b6a12c2/element/9d458a2c-0495-4384-96f8-5c1ce78ee7a3/click HTTP/1.1
User-Agent: selenium/4.0.0-beta-4 (java windows)
Content-Length: 50
Content-Type: application/json; charset=utf-8
host: localhost:8137
accept: */*

Response DefaultHttpResponse(decodeResult: success, version: HTTP/1.1)
HTTP/1.1 200 OK
Content-Type: application/json; charset=utf-8
cache-control: no-cache
content-length: 14

12:56:23.321 [AsyncHttpClient-1-2] DEBUG org.asynchttpclient.netty.channel.ChannelManager - Adding key: http://localhost:8137 for channel [id: 0x52157658, L:/127.0.0.1:65064 - R:localhost/127.0.0.1:8137]
12:56:23.886 [Test worker] INFO org.subethamail.smtp.server.SMTPServer - SMTP server *:25 stopping
12:56:23.886 [Test worker] DEBUG org.subethamail.smtp.server.ServerThread - SMTP Server socket shut down
12:56:23.886 [org.subethamail.smtp.server.ServerThread *:25] INFO org.subethamail.smtp.server.ServerThread - SMTP server *:25 stopped
]]></system-out>
  <system-err><![CDATA[Starting ChromeDriver 93.0.4577.63 (ff5c0da2ec0adeaed5550e6c7e98417dac77d98a-refs/branch-heads/4577@{#1135}) on port 8137
Only local connections are allowed.
Please see https://chromedriver.chromium.org/security-considerations for suggestions on keeping ChromeDriver safe.
ChromeDriver was started successfully.
[1633341377.973][WARNING]: This version of ChromeDriver has not been tested with Chrome version 94.
окт 04, 2021 12:56:18 PM org.openqa.selenium.remote.ProtocolHandshake createSession
INFO: Detected dialect: W3C
окт 04, 2021 12:56:18 PM org.openqa.selenium.devtools.CdpVersionFinder findNearestMatch
WARNING: Unable to find an exact match for CDP version 94, so returning the closest version found: 91
окт 04, 2021 12:56:18 PM org.openqa.selenium.devtools.CdpVersionFinder findNearestMatch
INFO: Found CDP implementation for version 94 of 91
]]></system-err>
</testsuite>
