<?xml version="1.0" encoding="UTF-8"?>
<testsuite name="ru.my.pack.mantis.tests.RegistrationTest" tests="1" skipped="0" failures="0" errors="0" timestamp="2021-09-17T10:33:00" hostname="PENTOGON" time="2.385">
  <properties/>
  <testcase name="testRegistration" classname="ru.my.pack.mantis.tests.RegistrationTest" time="2.385"/>
  <system-out><![CDATA[]]></system-out>
  <system-err><![CDATA[SLF4J: Failed to load class "org.slf4j.impl.StaticLoggerBinder".
SLF4J: Defaulting to no-operation (NOP) logger implementation
SLF4J: See http://www.slf4j.org/codes.html#StaticLoggerBinder for further details.
Starting ChromeDriver 93.0.4577.63 (ff5c0da2ec0adeaed5550e6c7e98417dac77d98a-refs/branch-heads/4577@{#1135}) on port 11593
Only local connections are allowed.
Please see https://chromedriver.chromium.org/security-considerations for suggestions on keeping ChromeDriver safe.
ChromeDriver was started successfully.
сен 17, 2021 1:33:01 PM org.openqa.selenium.remote.ProtocolHandshake createSession
INFO: Detected dialect: W3C
сен 17, 2021 1:33:01 PM org.openqa.selenium.devtools.CdpVersionFinder findNearestMatch
WARNING: Unable to find an exact match for CDP version 93, so returning the closest version found: 91
сен 17, 2021 1:33:01 PM org.openqa.selenium.devtools.CdpVersionFinder findNearestMatch
INFO: Found CDP implementation for version 93 of 91
]]></system-err>
</testsuite>
