<?xml version="1.0" encoding="UTF-8"?>
<testsuite name="ru.my.pack.addressbook.test.ContactDeletionTests" tests="1" skipped="0" failures="0" errors="0" timestamp="2021-09-07T01:11:08" hostname="n-msk-macnaoq" time="2.798">
  <properties/>
  <testcase name="testContactDeletion" classname="ru.my.pack.addressbook.test.ContactDeletionTests" time="2.798"/>
  <system-out><![CDATA[]]></system-out>
  <system-err><![CDATA[]]></system-err>
</testsuite>
