<?xml version="1.0" encoding="UTF-8"?>
<testsuite name="ru.my.pack.addressbook.test.GroupModificationTests" tests="1" skipped="0" failures="0" errors="0" timestamp="2021-09-07T01:01:19" hostname="n-msk-macnaoq" time="1.903">
  <properties/>
  <testcase name="testGroupModification" classname="ru.my.pack.addressbook.test.GroupModificationTests" time="1.903"/>
  <system-out><![CDATA[]]></system-out>
  <system-err><![CDATA[]]></system-err>
</testsuite>
