<?xml version="1.0" encoding="UTF-8"?>
<testsuite name="ru.my.pack.addressbook.test.СontactСreationTest" tests="8" skipped="0" failures="0" errors="0" timestamp="2021-09-07T01:01:22" hostname="n-msk-macnaoq" time="26.432">
  <properties/>
  <testcase name="testContactCreation[0](ContactData{firstName='test_first_name 0', lastName='test_last_name 0', id=2147483647})" classname="ru.my.pack.addressbook.test.СontactСreationTest" time="4.295"/>
  <testcase name="testContactCreation[1](ContactData{firstName='test_first_name 1', lastName='test_last_name 1', id=2147483647})" classname="ru.my.pack.addressbook.test.СontactСreationTest" time="2.941"/>
  <testcase name="testContactCreation[2](ContactData{firstName='test_first_name 2', lastName='test_last_name 2', id=2147483647})" classname="ru.my.pack.addressbook.test.СontactСreationTest" time="2.952"/>
  <testcase name="testContactCreation[3](ContactData{firstName='test_first_name 3', lastName='test_last_name 3', id=2147483647})" classname="ru.my.pack.addressbook.test.СontactСreationTest" time="2.984"/>
  <testcase name="testContactCreation[4](ContactData{firstName='test_first_name 4', lastName='test_last_name 4', id=2147483647})" classname="ru.my.pack.addressbook.test.СontactСreationTest" time="3.09"/>
  <testcase name="testContactCreation[5](ContactData{firstName='test_first_name 5', lastName='test_last_name 5', id=2147483647})" classname="ru.my.pack.addressbook.test.СontactСreationTest" time="3.074"/>
  <testcase name="testContactCreation[6](ContactData{firstName='test_first_name 6', lastName='test_last_name 6', id=2147483647})" classname="ru.my.pack.addressbook.test.СontactСreationTest" time="3.231"/>
  <testcase name="testContactCreation[7](ContactData{firstName='test_first_name 7', lastName='test_last_name 7', id=2147483647})" classname="ru.my.pack.addressbook.test.СontactСreationTest" time="3.861"/>
  <system-out><![CDATA[]]></system-out>
  <system-err><![CDATA[]]></system-err>
</testsuite>
