<?xml version="1.0" encoding="UTF-8"?>
<testsuite name="ru.my.pack.addressbook.test.GroupDeletionTest" tests="1" skipped="0" failures="0" errors="0" timestamp="2021-09-07T01:01:21" hostname="n-msk-macnaoq" time="1.539">
  <properties/>
  <testcase name="testGroupDeletion" classname="ru.my.pack.addressbook.test.GroupDeletionTest" time="1.539"/>
  <system-out><![CDATA[]]></system-out>
  <system-err><![CDATA[]]></system-err>
</testsuite>
