<?xml version="1.0" encoding="UTF-8"?>
<testsuite name="ru.my.pack.addressbook.test.GroupCreationTests" tests="11" skipped="0" failures="0" errors="0" timestamp="2021-09-07T01:00:54" hostname="n-msk-macnaoq" time="24.518">
  <properties/>
  <testcase name="testBadGroupCreation" classname="ru.my.pack.addressbook.test.GroupCreationTests" time="3.58"/>
  <testcase name="testGroupCreation[0](GroupData{id='2147483647', name='test 0'})" classname="ru.my.pack.addressbook.test.GroupCreationTests" time="2.163"/>
  <testcase name="testGroupCreation[1](GroupData{id='2147483647', name='test 1'})" classname="ru.my.pack.addressbook.test.GroupCreationTests" time="2.074"/>
  <testcase name="testGroupCreation[2](GroupData{id='2147483647', name='test 2'})" classname="ru.my.pack.addressbook.test.GroupCreationTests" time="2.206"/>
  <testcase name="testGroupCreation[3](GroupData{id='2147483647', name='test 3'})" classname="ru.my.pack.addressbook.test.GroupCreationTests" time="2.306"/>
  <testcase name="testGroupCreation[4](GroupData{id='2147483647', name='test 4'})" classname="ru.my.pack.addressbook.test.GroupCreationTests" time="2.194"/>
  <testcase name="testGroupCreation[5](GroupData{id='2147483647', name='test 5'})" classname="ru.my.pack.addressbook.test.GroupCreationTests" time="1.978"/>
  <testcase name="testGroupCreation[6](GroupData{id='2147483647', name='test 6'})" classname="ru.my.pack.addressbook.test.GroupCreationTests" time="1.998"/>
  <testcase name="testGroupCreation[7](GroupData{id='2147483647', name='test 7'})" classname="ru.my.pack.addressbook.test.GroupCreationTests" time="1.991"/>
  <testcase name="testGroupCreation[8](GroupData{id='2147483647', name='test 8'})" classname="ru.my.pack.addressbook.test.GroupCreationTests" time="1.942"/>
  <testcase name="testGroupCreation[9](GroupData{id='2147483647', name='test 9'})" classname="ru.my.pack.addressbook.test.GroupCreationTests" time="2.043"/>
  <system-out><![CDATA[]]></system-out>
  <system-err><![CDATA[]]></system-err>
</testsuite>
